<?xml version="1.0" encoding="UTF-8"?>
<coverage generated="1773262456688" clover="3.2.0">
  <project timestamp="1773262456688" name="All files">
    <metrics statements="1749" coveredstatements="1390" conditionals="676" coveredconditionals="465" methods="288" coveredmethods="215" elements="2713" coveredelements="2070" complexity="0" loc="1749" ncloc="1749" packages="6" files="20" classes="20"/>
    <package name="editor">
      <metrics statements="646" coveredstatements="453" conditionals="95" coveredconditionals="42" methods="81" coveredmethods="49"/>
      <file name="form-editor.ts" path="S:\Pedro\Projects\ChartIt\src\editor\form-editor.ts">
        <metrics statements="115" coveredstatements="114" conditionals="8" coveredconditionals="6" methods="15" coveredmethods="15"/>
        <line num="9" count="13" type="stmt"/>
        <line num="10" count="13" type="stmt"/>
        <line num="21" count="13" type="stmt"/>
        <line num="22" count="13" type="stmt"/>
        <line num="23" count="13" type="stmt"/>
        <line num="27" count="9" type="stmt"/>
        <line num="28" count="9" type="stmt"/>
        <line num="29" count="9" type="stmt"/>
        <line num="33" count="1" type="stmt"/>
        <line num="34" count="1" type="cond" truecount="1" falsecount="1"/>
        <line num="35" count="0" type="stmt"/>
        <line num="40" count="2" type="stmt"/>
        <line num="44" count="14" type="stmt"/>
        <line num="48" count="13" type="stmt"/>
        <line num="51" count="13" type="stmt"/>
        <line num="52" count="13" type="stmt"/>
        <line num="53" count="13" type="stmt"/>
        <line num="55" count="13" type="stmt"/>
        <line num="58" count="13" type="stmt"/>
        <line num="59" count="13" type="stmt"/>
        <line num="60" count="13" type="stmt"/>
        <line num="61" count="13" type="stmt"/>
        <line num="62" count="13" type="stmt"/>
        <line num="65" count="13" type="stmt"/>
        <line num="66" count="13" type="stmt"/>
        <line num="67" count="13" type="stmt"/>
        <line num="68" count="13" type="stmt"/>
        <line num="69" count="13" type="stmt"/>
        <line num="70" count="13" type="stmt"/>
        <line num="73" count="13" type="stmt"/>
        <line num="74" count="13" type="stmt"/>
        <line num="75" count="13" type="stmt"/>
        <line num="76" count="13" type="stmt"/>
        <line num="77" count="13" type="stmt"/>
        <line num="78" count="13" type="stmt"/>
        <line num="81" count="13" type="stmt"/>
        <line num="82" count="13" type="stmt"/>
        <line num="83" count="13" type="stmt"/>
        <line num="84" count="13" type="stmt"/>
        <line num="85" count="13" type="stmt"/>
        <line num="86" count="13" type="stmt"/>
        <line num="89" count="13" type="stmt"/>
        <line num="90" count="13" type="stmt"/>
        <line num="92" count="13" type="stmt"/>
        <line num="96" count="51" type="stmt"/>
        <line num="97" count="51" type="stmt"/>
        <line num="98" count="51" type="stmt"/>
        <line num="99" count="51" type="stmt"/>
        <line num="100" count="51" type="stmt"/>
        <line num="101" count="51" type="stmt"/>
        <line num="105" count="16" type="stmt"/>
        <line num="106" count="16" type="stmt"/>
        <line num="107" count="16" type="stmt"/>
        <line num="108" count="51" type="stmt"/>
        <line num="109" count="51" type="stmt"/>
        <line num="110" count="51" type="stmt"/>
        <line num="111" count="51" type="stmt"/>
        <line num="116" count="2" type="stmt"/>
        <line num="117" count="2" type="stmt"/>
        <line num="118" count="2" type="stmt"/>
        <line num="120" count="2" type="stmt"/>
        <line num="121" count="2" type="stmt"/>
        <line num="122" count="2" type="stmt"/>
        <line num="123" count="2" type="stmt"/>
        <line num="127" count="9" type="stmt"/>
        <line num="129" count="9" type="cond" truecount="2" falsecount="0"/>
        <line num="131" count="6" type="stmt"/>
        <line num="132" count="6" type="stmt"/>
        <line num="133" count="11" type="stmt"/>
        <line num="134" count="6" type="cond" truecount="1" falsecount="1"/>
        <line num="136" count="6" type="stmt"/>
        <line num="138" count="6" type="stmt"/>
        <line num="139" count="6" type="stmt"/>
        <line num="140" count="6" type="stmt"/>
        <line num="142" count="6" type="stmt"/>
        <line num="145" count="6" type="stmt"/>
        <line num="146" count="6" type="stmt"/>
        <line num="147" count="6" type="stmt"/>
        <line num="148" count="6" type="stmt"/>
        <line num="149" count="6" type="stmt"/>
        <line num="150" count="6" type="stmt"/>
        <line num="151" count="6" type="stmt"/>
        <line num="154" count="6" type="stmt"/>
        <line num="155" count="6" type="stmt"/>
        <line num="156" count="6" type="stmt"/>
        <line num="157" count="6" type="stmt"/>
        <line num="158" count="6" type="stmt"/>
        <line num="159" count="6" type="stmt"/>
        <line num="160" count="6" type="stmt"/>
        <line num="163" count="6" type="stmt"/>
        <line num="164" count="6" type="stmt"/>
        <line num="166" count="6" type="stmt"/>
        <line num="167" count="6" type="stmt"/>
        <line num="168" count="6" type="stmt"/>
        <line num="169" count="6" type="stmt"/>
        <line num="170" count="6" type="stmt"/>
        <line num="171" count="1" type="stmt"/>
        <line num="176" count="6" type="stmt"/>
        <line num="178" count="6" type="cond" truecount="2" falsecount="0"/>
        <line num="179" count="5" type="stmt"/>
        <line num="180" count="5" type="stmt"/>
        <line num="181" count="5" type="stmt"/>
        <line num="182" count="5" type="stmt"/>
        <line num="183" count="5" type="stmt"/>
        <line num="184" count="1" type="stmt"/>
        <line num="185" count="1" type="stmt"/>
        <line num="187" count="5" type="stmt"/>
        <line num="190" count="6" type="stmt"/>
        <line num="191" count="6" type="stmt"/>
        <line num="192" count="6" type="stmt"/>
        <line num="193" count="6" type="stmt"/>
        <line num="194" count="6" type="stmt"/>
        <line num="195" count="1" type="stmt"/>
        <line num="197" count="6" type="stmt"/>
        <line num="199" count="6" type="stmt"/>
      </file>
      <file name="import-editor.ts" path="S:\Pedro\Projects\ChartIt\src\editor\import-editor.ts">
        <metrics statements="466" coveredstatements="274" conditionals="75" coveredconditionals="26" methods="55" coveredmethods="23"/>
        <line num="26" count="17" type="stmt"/>
        <line num="27" count="17" type="stmt"/>
        <line num="28" count="17" type="stmt"/>
        <line num="29" count="17" type="stmt"/>
        <line num="30" count="17" type="stmt"/>
        <line num="33" count="17" type="stmt"/>
        <line num="34" count="17" type="stmt"/>
        <line num="35" count="17" type="stmt"/>
        <line num="36" count="17" type="stmt"/>
        <line num="40" count="17" type="stmt"/>
        <line num="41" count="17" type="cond" truecount="2" falsecount="0"/>
        <line num="42" count="2" type="stmt"/>
        <line num="43" count="2" type="stmt"/>
        <line num="45" count="17" type="stmt"/>
        <line num="49" count="17" type="stmt"/>
        <line num="52" count="17" type="stmt"/>
        <line num="53" count="17" type="stmt"/>
        <line num="54" count="17" type="stmt"/>
        <line num="56" count="17" type="stmt"/>
        <line num="58" count="17" type="stmt"/>
        <line num="59" count="17" type="stmt"/>
        <line num="61" count="17" type="stmt"/>
        <line num="62" count="17" type="stmt"/>
        <line num="66" count="17" type="stmt"/>
        <line num="67" count="17" type="stmt"/>
        <line num="69" count="17" type="stmt"/>
        <line num="70" count="17" type="stmt"/>
        <line num="71" count="17" type="stmt"/>
        <line num="72" count="17" type="stmt"/>
        <line num="74" count="17" type="stmt"/>
        <line num="75" count="17" type="stmt"/>
        <line num="79" count="17" type="stmt"/>
        <line num="80" count="17" type="stmt"/>
        <line num="82" count="17" type="stmt"/>
        <line num="84" count="17" type="stmt"/>
        <line num="85" count="17" type="stmt"/>
        <line num="86" count="17" type="stmt"/>
        <line num="87" count="17" type="stmt"/>
        <line num="89" count="17" type="stmt"/>
        <line num="90" count="17" type="stmt"/>
        <line num="91" count="17" type="stmt"/>
        <line num="92" count="17" type="stmt"/>
        <line num="94" count="17" type="stmt"/>
        <line num="95" count="17" type="stmt"/>
        <line num="96" count="17" type="stmt"/>
        <line num="97" count="17" type="stmt"/>
        <line num="99" count="17" type="stmt"/>
        <line num="100" count="17" type="stmt"/>
        <line num="101" count="17" type="stmt"/>
        <line num="102" count="17" type="stmt"/>
        <line num="104" count="17" type="stmt"/>
        <line num="105" count="17" type="stmt"/>
        <line num="108" count="17" type="stmt"/>
        <line num="109" count="17" type="stmt"/>
        <line num="110" count="17" type="stmt"/>
        <line num="113" count="17" type="stmt"/>
        <line num="115" count="17" type="stmt"/>
        <line num="116" count="0" type="stmt"/>
        <line num="117" count="0" type="stmt"/>
        <line num="118" count="0" type="cond" truecount="0" falsecount="2"/>
        <line num="119" count="0" type="stmt"/>
        <line num="120" count="0" type="stmt"/>
        <line num="121" count="0" type="stmt"/>
        <line num="122" count="0" type="stmt"/>
        <line num="123" count="0" type="stmt"/>
        <line num="125" count="0" type="stmt"/>
        <line num="126" count="0" type="stmt"/>
        <line num="127" count="0" type="stmt"/>
        <line num="128" count="0" type="stmt"/>
        <line num="129" count="0" type="stmt"/>
        <line num="130" count="0" type="stmt"/>
        <line num="132" count="0" type="stmt"/>
        <line num="133" count="0" type="stmt"/>
        <line num="135" count="0" type="stmt"/>
        <line num="136" count="0" type="stmt"/>
        <line num="137" count="0" type="stmt"/>
        <line num="138" count="0" type="stmt"/>
        <line num="139" count="0" type="stmt"/>
        <line num="140" count="0" type="stmt"/>
        <line num="141" count="0" type="stmt"/>
        <line num="142" count="0" type="stmt"/>
        <line num="143" count="0" type="stmt"/>
        <line num="144" count="0" type="stmt"/>
        <line num="145" count="0" type="stmt"/>
        <line num="146" count="0" type="stmt"/>
        <line num="147" count="0" type="stmt"/>
        <line num="150" count="0" type="stmt"/>
        <line num="151" count="0" type="stmt"/>
        <line num="152" count="0" type="stmt"/>
        <line num="153" count="0" type="stmt"/>
        <line num="154" count="0" type="stmt"/>
        <line num="155" count="0" type="stmt"/>
        <line num="156" count="0" type="stmt"/>
        <line num="157" count="0" type="stmt"/>
        <line num="160" count="0" type="stmt"/>
        <line num="161" count="0" type="stmt"/>
        <line num="162" count="0" type="stmt"/>
        <line num="166" count="17" type="stmt"/>
        <line num="170" count="17" type="stmt"/>
        <line num="171" count="1" type="stmt"/>
        <line num="172" count="1" type="stmt"/>
        <line num="173" count="1" type="stmt"/>
        <line num="176" count="0" type="stmt"/>
        <line num="177" count="0" type="stmt"/>
        <line num="178" count="0" type="stmt"/>
        <line num="179" count="0" type="stmt"/>
        <line num="182" count="0" type="stmt"/>
        <line num="187" count="17" type="stmt"/>
        <line num="188" count="0" type="stmt"/>
        <line num="189" count="0" type="stmt"/>
        <line num="190" count="0" type="stmt"/>
        <line num="191" count="0" type="stmt"/>
        <line num="192" count="0" type="stmt"/>
        <line num="193" count="0" type="stmt"/>
        <line num="194" count="0" type="stmt"/>
        <line num="195" count="0" type="stmt"/>
        <line num="196" count="0" type="cond" truecount="0" falsecount="2"/>
        <line num="197" count="0" type="stmt"/>
        <line num="198" count="0" type="stmt"/>
        <line num="199" count="0" type="stmt"/>
        <line num="200" count="0" type="stmt"/>
        <line num="201" count="0" type="cond" truecount="0" falsecount="2"/>
        <line num="202" count="0" type="stmt"/>
        <line num="203" count="0" type="stmt"/>
        <line num="204" count="0" type="stmt"/>
        <line num="205" count="0" type="stmt"/>
        <line num="206" count="0" type="stmt"/>
        <line num="207" count="0" type="stmt"/>
        <line num="208" count="0" type="stmt"/>
        <line num="210" count="0" type="stmt"/>
        <line num="211" count="0" type="stmt"/>
        <line num="213" count="0" type="stmt"/>
        <line num="218" count="0" type="stmt"/>
        <line num="219" count="0" type="cond" truecount="0" falsecount="2"/>
        <line num="220" count="0" type="stmt"/>
        <line num="221" count="0" type="stmt"/>
        <line num="222" count="0" type="stmt"/>
        <line num="223" count="0" type="stmt"/>
        <line num="226" count="0" type="stmt"/>
        <line num="227" count="0" type="stmt"/>
        <line num="228" count="0" type="stmt"/>
        <line num="229" count="0" type="stmt"/>
        <line num="230" count="0" type="stmt"/>
        <line num="231" count="0" type="stmt"/>
        <line num="232" count="0" type="stmt"/>
        <line num="233" count="0" type="stmt"/>
        <line num="236" count="0" type="stmt"/>
        <line num="240" count="0" type="stmt"/>
        <line num="241" count="0" type="stmt"/>
        <line num="243" count="0" type="stmt"/>
        <line num="244" count="0" type="stmt"/>
        <line num="245" count="0" type="stmt"/>
        <line num="246" count="0" type="stmt"/>
        <line num="247" count="0" type="stmt"/>
        <line num="248" count="0" type="stmt"/>
        <line num="249" count="0" type="stmt"/>
        <line num="251" count="0" type="stmt"/>
        <line num="253" count="0" type="stmt"/>
        <line num="256" count="17" type="stmt"/>
        <line num="257" count="2" type="stmt"/>
        <line num="258" count="2" type="stmt"/>
        <line num="260" count="2" type="stmt"/>
        <line num="261" count="2" type="stmt"/>
        <line num="262" count="2" type="stmt"/>
        <line num="264" count="2" type="stmt"/>
        <line num="266" count="2" type="stmt"/>
        <line num="267" count="2" type="stmt"/>
        <line num="268" count="2" type="stmt"/>
        <line num="273" count="2" type="stmt"/>
        <line num="275" count="2" type="stmt"/>
        <line num="276" count="2" type="stmt"/>
        <line num="277" count="2" type="stmt"/>
        <line num="278" count="2" type="stmt"/>
        <line num="279" count="2" type="stmt"/>
        <line num="281" count="2" type="stmt"/>
        <line num="282" count="2" type="stmt"/>
        <line num="283" count="2" type="stmt"/>
        <line num="284" count="2" type="stmt"/>
        <line num="285" count="2" type="stmt"/>
        <line num="287" count="2" type="stmt"/>
        <line num="288" count="0" type="stmt"/>
        <line num="289" count="0" type="stmt"/>
        <line num="292" count="2" type="stmt"/>
        <line num="293" count="0" type="stmt"/>
        <line num="294" count="0" type="cond" truecount="0" falsecount="2"/>
        <line num="295" count="0" type="stmt"/>
        <line num="296" count="0" type="stmt"/>
        <line num="297" count="0" type="stmt"/>
        <line num="299" count="0" type="stmt"/>
        <line num="302" count="2" type="stmt"/>
        <line num="303" count="2" type="stmt"/>
        <line num="304" count="2" type="stmt"/>
        <line num="306" count="2" type="stmt"/>
        <line num="307" count="2" type="stmt"/>
        <line num="309" count="2" type="stmt"/>
        <line num="310" count="2" type="stmt"/>
        <line num="311" count="2" type="stmt"/>
        <line num="312" count="2" type="stmt"/>
        <line num="313" count="2" type="stmt"/>
        <line num="315" count="2" type="stmt"/>
        <line num="316" count="2" type="stmt"/>
        <line num="317" count="2" type="stmt"/>
        <line num="318" count="2" type="stmt"/>
        <line num="319" count="2" type="stmt"/>
        <line num="320" count="0" type="stmt"/>
        <line num="321" count="0" type="stmt"/>
        <line num="322" count="0" type="stmt"/>
        <line num="323" count="0" type="cond" truecount="0" falsecount="2"/>
        <line num="324" count="0" type="stmt"/>
        <line num="325" count="0" type="stmt"/>
        <line num="326" count="0" type="stmt"/>
        <line num="328" count="0" type="stmt"/>
        <line num="329" count="0" type="stmt"/>
        <line num="330" count="0" type="cond" truecount="0" falsecount="2"/>
        <line num="331" count="0" type="stmt"/>
        <line num="332" count="0" type="stmt"/>
        <line num="333" count="0" type="stmt"/>
        <line num="335" count="0" type="cond" truecount="0" falsecount="2"/>
        <line num="336" count="0" type="stmt"/>
        <line num="340" count="2" type="stmt"/>
        <line num="341" count="2" type="stmt"/>
        <line num="344" count="17" type="stmt"/>
        <line num="345" count="0" type="stmt"/>
        <line num="346" count="0" type="stmt"/>
        <line num="347" count="0" type="cond" truecount="0" falsecount="2"/>
        <line num="348" count="0" type="stmt"/>
        <line num="349" count="0" type="stmt"/>
        <line num="350" count="0" type="stmt"/>
        <line num="351" count="0" type="stmt"/>
        <line num="352" count="0" type="stmt"/>
        <line num="353" count="0" type="stmt"/>
        <line num="354" count="0" type="stmt"/>
        <line num="355" count="0" type="stmt"/>
        <line num="357" count="0" type="stmt"/>
        <line num="358" count="0" type="stmt"/>
        <line num="359" count="0" type="stmt"/>
        <line num="360" count="0" type="stmt"/>
        <line num="361" count="0" type="stmt"/>
        <line num="362" count="0" type="stmt"/>
        <line num="363" count="0" type="stmt"/>
        <line num="366" count="17" type="stmt"/>
        <line num="367" count="4" type="stmt"/>
        <line num="368" count="4" type="cond" truecount="1" falsecount="1"/>
        <line num="369" count="4" type="cond" truecount="1" falsecount="1"/>
        <line num="370" count="4" type="stmt"/>
        <line num="372" count="0" type="stmt"/>
        <line num="375" count="17" type="stmt"/>
        <line num="376" count="17" type="stmt"/>
        <line num="377" count="17" type="stmt"/>
        <line num="380" count="17" type="stmt"/>
        <line num="381" count="17" type="stmt"/>
        <line num="382" count="17" type="stmt"/>
        <line num="384" count="17" type="stmt"/>
        <line num="386" count="17" type="stmt"/>
        <line num="387" count="17" type="stmt"/>
        <line num="388" count="17" type="stmt"/>
        <line num="389" count="17" type="stmt"/>
        <line num="390" count="17" type="stmt"/>
        <line num="391" count="0" type="stmt"/>
        <line num="392" count="0" type="cond" truecount="0" falsecount="2"/>
        <line num="393" count="0" type="stmt"/>
        <line num="395" count="17" type="stmt"/>
        <line num="397" count="17" type="stmt"/>
        <line num="398" count="17" type="stmt"/>
        <line num="408" count="17" type="stmt"/>
        <line num="409" count="17" type="stmt"/>
        <line num="410" count="17" type="stmt"/>
        <line num="411" count="17" type="stmt"/>
        <line num="413" count="17" type="stmt"/>
        <line num="414" count="17" type="stmt"/>
        <line num="415" count="17" type="stmt"/>
        <line num="416" count="17" type="stmt"/>
        <line num="418" count="17" type="stmt"/>
        <line num="420" count="17" type="stmt"/>
        <line num="421" count="0" type="stmt"/>
        <line num="422" count="0" type="stmt"/>
        <line num="423" count="0" type="stmt"/>
        <line num="425" count="17" type="stmt"/>
        <line num="426" count="0" type="stmt"/>
        <line num="427" count="0" type="stmt"/>
        <line num="429" count="17" type="stmt"/>
        <line num="430" count="0" type="stmt"/>
        <line num="431" count="0" type="stmt"/>
        <line num="432" count="0" type="stmt"/>
        <line num="433" count="0" type="stmt"/>
        <line num="434" count="0" type="cond" truecount="0" falsecount="2"/>
        <line num="437" count="17" type="stmt"/>
        <line num="440" count="17" type="stmt"/>
        <line num="443" count="17" type="stmt"/>
        <line num="444" count="17" type="stmt"/>
        <line num="445" count="17" type="stmt"/>
        <line num="447" count="17" type="stmt"/>
        <line num="449" count="17" type="stmt"/>
        <line num="450" count="17" type="stmt"/>
        <line num="451" count="17" type="stmt"/>
        <line num="457" count="17" type="stmt"/>
        <line num="459" count="17" type="stmt"/>
        <line num="460" count="17" type="stmt"/>
        <line num="461" count="17" type="stmt"/>
        <line num="462" count="17" type="stmt"/>
        <line num="463" count="17" type="stmt"/>
        <line num="464" count="17" type="stmt"/>
        <line num="467" count="17" type="stmt"/>
        <line num="468" count="17" type="stmt"/>
        <line num="469" count="17" type="stmt"/>
        <line num="470" count="17" type="stmt"/>
        <line num="472" count="17" type="stmt"/>
        <line num="473" count="17" type="stmt"/>
        <line num="474" count="17" type="stmt"/>
        <line num="475" count="17" type="stmt"/>
        <line num="476" count="17" type="stmt"/>
        <line num="477" count="17" type="stmt"/>
        <line num="480" count="17" type="stmt"/>
        <line num="481" count="17" type="stmt"/>
        <line num="482" count="17" type="stmt"/>
        <line num="486" count="17" type="stmt"/>
        <line num="487" count="17" type="stmt"/>
        <line num="489" count="17" type="stmt"/>
        <line num="514" count="17" type="stmt"/>
        <line num="515" count="34" type="stmt"/>
        <line num="516" count="34" type="stmt"/>
        <line num="520" count="34" type="stmt"/>
        <line num="521" count="34" type="stmt"/>
        <line num="522" count="34" type="stmt"/>
        <line num="527" count="34" type="stmt"/>
        <line num="528" count="34" type="stmt"/>
        <line num="530" count="34" type="stmt"/>
        <line num="531" count="0" type="stmt"/>
        <line num="532" count="0" type="cond" truecount="0" falsecount="4"/>
        <line num="535" count="34" type="stmt"/>
        <line num="536" count="34" type="stmt"/>
        <line num="538" count="34" type="stmt"/>
        <line num="539" count="51" type="stmt"/>
        <line num="540" count="51" type="stmt"/>
        <line num="541" count="51" type="stmt"/>
        <line num="543" count="51" type="stmt"/>
        <line num="545" count="51" type="stmt"/>
        <line num="546" count="51" type="stmt"/>
        <line num="547" count="51" type="stmt"/>
        <line num="551" count="51" type="stmt"/>
        <line num="554" count="34" type="stmt"/>
        <line num="555" count="34" type="stmt"/>
        <line num="558" count="17" type="stmt"/>
        <line num="562" count="8" type="stmt"/>
        <line num="563" count="8" type="stmt"/>
        <line num="564" count="8" type="cond" truecount="2" falsecount="0"/>
        <line num="565" count="1" type="stmt"/>
        <line num="566" count="1" type="stmt"/>
        <line num="568" count="7" type="stmt"/>
        <line num="569" count="7" type="stmt"/>
        <line num="570" count="7" type="stmt"/>
        <line num="571" count="7" type="stmt"/>
        <line num="573" count="2" type="cond" truecount="1" falsecount="1"/>
        <line num="578" count="0" type="stmt"/>
        <line num="579" count="0" type="stmt"/>
        <line num="580" count="0" type="stmt"/>
        <line num="581" count="0" type="stmt"/>
        <line num="582" count="0" type="stmt"/>
        <line num="583" count="0" type="stmt"/>
        <line num="584" count="0" type="stmt"/>
        <line num="585" count="0" type="stmt"/>
        <line num="587" count="0" type="cond" truecount="0" falsecount="2"/>
        <line num="590" count="0" type="stmt"/>
        <line num="591" count="0" type="stmt"/>
        <line num="595" count="7" type="cond" truecount="1" falsecount="1"/>
        <line num="599" count="7" type="cond" truecount="1" falsecount="1"/>
        <line num="600" count="7" type="cond" truecount="1" falsecount="1"/>
        <line num="603" count="7" type="stmt"/>
        <line num="604" count="7" type="cond" truecount="4" falsecount="0"/>
        <line num="605" count="4" type="stmt"/>
        <line num="607" count="3" type="stmt"/>
        <line num="608" count="2" type="stmt"/>
        <line num="609" count="2" type="stmt"/>
        <line num="613" count="3" type="stmt"/>
        <line num="614" count="3" type="cond" truecount="1" falsecount="1"/>
        <line num="615" count="0" type="stmt"/>
        <line num="616" count="0" type="cond" truecount="0" falsecount="2"/>
        <line num="617" count="0" type="stmt"/>
        <line num="618" count="0" type="stmt"/>
        <line num="622" count="3" type="stmt"/>
        <line num="623" count="3" type="stmt"/>
        <line num="624" count="3" type="stmt"/>
        <line num="626" count="2" type="stmt"/>
        <line num="627" count="2" type="stmt"/>
        <line num="628" count="2" type="stmt"/>
        <line num="629" count="2" type="stmt"/>
        <line num="634" count="6" type="stmt"/>
        <line num="635" count="6" type="cond" truecount="4" falsecount="1"/>
        <line num="636" count="0" type="stmt"/>
        <line num="638" count="4" type="stmt"/>
        <line num="639" count="4" type="stmt"/>
        <line num="643" count="8" type="stmt"/>
        <line num="644" count="8" type="cond" truecount="2" falsecount="0"/>
        <line num="645" count="4" type="stmt"/>
        <line num="646" count="4" type="stmt"/>
        <line num="649" count="8" type="stmt"/>
        <line num="653" count="5" type="stmt"/>
        <line num="654" count="5" type="stmt"/>
        <line num="655" count="5" type="stmt"/>
        <line num="659" count="5" type="stmt"/>
        <line num="660" count="5" type="stmt"/>
        <line num="661" count="5" type="stmt"/>
        <line num="662" count="5" type="stmt"/>
        <line num="664" count="5" type="stmt"/>
        <line num="665" count="5" type="stmt"/>
        <line num="667" count="5" type="stmt"/>
        <line num="668" count="5" type="stmt"/>
        <line num="669" count="5" type="stmt"/>
        <line num="670" count="5" type="stmt"/>
        <line num="671" count="5" type="stmt"/>
        <line num="673" count="5" type="stmt"/>
        <line num="674" count="5" type="stmt"/>
        <line num="675" count="5" type="stmt"/>
        <line num="676" count="5" type="stmt"/>
        <line num="677" count="5" type="stmt"/>
        <line num="679" count="5" type="stmt"/>
        <line num="680" count="5" type="stmt"/>
        <line num="684" count="2" type="cond" truecount="1" falsecount="1"/>
        <line num="685" count="2" type="stmt"/>
        <line num="686" count="2" type="stmt"/>
        <line num="687" count="2" type="stmt"/>
        <line num="688" count="2" type="stmt"/>
        <line num="690" count="0" type="cond" truecount="0" falsecount="2"/>
        <line num="695" count="3" type="stmt"/>
        <line num="699" count="11" type="stmt"/>
        <line num="700" count="11" type="stmt"/>
        <line num="701" count="11" type="stmt"/>
        <line num="702" count="11" type="stmt"/>
        <line num="706" count="2" type="stmt"/>
        <line num="707" count="2" type="cond" truecount="1" falsecount="1"/>
        <line num="708" count="0" type="stmt"/>
        <line num="709" count="0" type="stmt"/>
        <line num="712" count="2" type="stmt"/>
        <line num="716" count="0" type="cond" truecount="0" falsecount="2"/>
        <line num="717" count="0" type="stmt"/>
        <line num="718" count="0" type="stmt"/>
        <line num="719" count="0" type="stmt"/>
        <line num="720" count="0" type="stmt"/>
        <line num="721" count="0" type="stmt"/>
        <line num="723" count="0" type="cond" truecount="0" falsecount="2"/>
        <line num="727" count="0" type="stmt"/>
        <line num="728" count="0" type="stmt"/>
        <line num="731" count="0" type="stmt"/>
        <line num="737" count="0" type="stmt"/>
        <line num="738" count="0" type="cond" truecount="0" falsecount="2"/>
        <line num="739" count="0" type="stmt"/>
        <line num="740" count="0" type="stmt"/>
        <line num="742" count="0" type="stmt"/>
        <line num="746" count="25" type="cond" truecount="2" falsecount="0"/>
        <line num="747" count="1" type="stmt"/>
        <line num="748" count="1" type="stmt"/>
        <line num="750" count="25" type="cond" truecount="1" falsecount="1"/>
        <line num="751" count="0" type="stmt"/>
        <line num="752" count="0" type="stmt"/>
        <line num="754" count="25" type="stmt"/>
        <line num="755" count="25" type="stmt"/>
        <line num="759" count="17" type="stmt"/>
        <line num="760" count="17" type="stmt"/>
        <line num="761" count="17" type="stmt"/>
        <line num="762" count="17" type="stmt"/>
        <line num="763" count="17" type="stmt"/>
        <line num="765" count="17" type="stmt"/>
        <line num="766" count="0" type="stmt"/>
        <line num="767" count="0" type="stmt"/>
        <line num="768" count="0" type="stmt"/>
        <line num="769" count="0" type="stmt"/>
      </file>
      <file name="json-editor.ts" path="S:\Pedro\Projects\ChartIt\src\editor\json-editor.ts">
        <metrics statements="29" coveredstatements="29" conditionals="2" coveredconditionals="1" methods="6" coveredmethods="6"/>
        <line num="10" count="9" type="stmt"/>
        <line num="11" count="9" type="stmt"/>
        <line num="12" count="9" type="stmt"/>
        <line num="16" count="1" type="stmt"/>
        <line num="20" count="10" type="stmt"/>
        <line num="24" count="9" type="stmt"/>
        <line num="27" count="9" type="stmt"/>
        <line num="28" count="9" type="stmt"/>
        <line num="29" count="9" type="stmt"/>
        <line num="30" count="9" type="stmt"/>
        <line num="31" count="9" type="stmt"/>
        <line num="32" count="9" type="stmt"/>
        <line num="34" count="9" type="stmt"/>
        <line num="35" count="9" type="stmt"/>
        <line num="38" count="9" type="stmt"/>
        <line num="39" count="9" type="stmt"/>
        <line num="40" count="9" type="stmt"/>
        <line num="41" count="9" type="stmt"/>
        <line num="42" count="9" type="stmt"/>
        <line num="45" count="9" type="stmt"/>
        <line num="46" count="9" type="stmt"/>
        <line num="47" count="9" type="stmt"/>
        <line num="48" count="9" type="stmt"/>
        <line num="49" count="9" type="stmt"/>
        <line num="50" count="9" type="stmt"/>
        <line num="54" count="5" type="stmt"/>
        <line num="55" count="5" type="stmt"/>
        <line num="56" count="5" type="stmt"/>
        <line num="58" count="3" type="cond" truecount="1" falsecount="1"/>
      </file>
      <file name="tab-switcher.ts" path="S:\Pedro\Projects\ChartIt\src\editor\tab-switcher.ts">
        <metrics statements="36" coveredstatements="36" conditionals="10" coveredconditionals="9" methods="5" coveredmethods="5"/>
        <line num="8" count="10" type="stmt"/>
        <line num="9" count="10" type="stmt"/>
        <line num="13" count="10" type="stmt"/>
        <line num="14" count="10" type="cond" truecount="1" falsecount="1"/>
        <line num="16" count="10" type="stmt"/>
        <line num="18" count="10" type="stmt"/>
        <line num="19" count="10" type="stmt"/>
        <line num="20" count="10" type="stmt"/>
        <line num="24" count="10" type="stmt"/>
        <line num="25" count="30" type="stmt"/>
        <line num="26" count="30" type="stmt"/>
        <line num="27" count="30" type="stmt"/>
        <line num="28" count="30" type="stmt"/>
        <line num="29" count="30" type="stmt"/>
        <line num="34" count="30" type="stmt"/>
        <line num="35" count="30" type="stmt"/>
        <line num="36" count="30" type="stmt"/>
        <line num="39" count="10" type="stmt"/>
        <line num="41" count="10" type="stmt"/>
        <line num="42" count="30" type="stmt"/>
        <line num="43" count="30" type="stmt"/>
        <line num="44" count="30" type="stmt"/>
        <line num="45" count="30" type="stmt"/>
        <line num="46" count="30" type="stmt"/>
        <line num="47" count="30" type="stmt"/>
        <line num="50" count="10" type="stmt"/>
        <line num="54" count="13" type="stmt"/>
        <line num="56" count="13" type="stmt"/>
        <line num="57" count="39" type="cond" truecount="2" falsecount="0"/>
        <line num="60" count="13" type="stmt"/>
        <line num="61" count="39" type="stmt"/>
        <line num="62" count="39" type="cond" truecount="2" falsecount="0"/>
        <line num="63" count="39" type="cond" truecount="2" falsecount="0"/>
        <line num="64" count="39" type="cond" truecount="2" falsecount="0"/>
        <line num="69" count="13" type="stmt"/>
        <line num="73" count="5" type="stmt"/>
      </file>
    </package>
    <package name="export">
      <metrics statements="75" coveredstatements="75" conditionals="27" coveredconditionals="23" methods="9" coveredmethods="9"/>
      <file name="pptx-exporter.ts" path="S:\Pedro\Projects\ChartIt\src\export\pptx-exporter.ts">
        <metrics statements="75" coveredstatements="75" conditionals="27" coveredconditionals="23" methods="9" coveredmethods="9"/>
        <line num="9" count="1" type="stmt"/>
        <line num="11" count="1" type="stmt"/>
        <line num="12" count="1" type="stmt"/>
        <line num="13" count="1" type="stmt"/>
        <line num="15" count="11" type="stmt"/>
        <line num="16" count="44" type="stmt"/>
        <line num="17" count="11" type="stmt"/>
        <line num="18" count="11" type="stmt"/>
        <line num="21" count="1" type="stmt"/>
        <line num="22" count="1" type="stmt"/>
        <line num="23" count="1" type="stmt"/>
        <line num="24" count="1" type="stmt"/>
        <line num="25" count="1" type="stmt"/>
        <line num="27" count="1" type="stmt"/>
        <line num="43" count="5" type="cond" truecount="4" falsecount="0"/>
        <line num="45" count="4" type="stmt"/>
        <line num="46" count="4" type="stmt"/>
        <line num="47" count="4" type="cond" truecount="1" falsecount="1"/>
        <line num="49" count="4" type="stmt"/>
        <line num="50" count="10" type="stmt"/>
        <line num="51" count="10" type="cond" truecount="4" falsecount="1"/>
        <line num="52" count="10" type="stmt"/>
        <line num="55" count="4" type="stmt"/>
        <line num="67" count="24" type="stmt"/>
        <line num="79" count="11" type="stmt"/>
        <line num="80" count="11" type="stmt"/>
        <line num="82" count="11" type="stmt"/>
        <line num="83" count="11" type="stmt"/>
        <line num="85" count="11" type="cond" truecount="3" falsecount="1"/>
        <line num="87" count="11" type="stmt"/>
        <line num="98" count="14" type="stmt"/>
        <line num="106" count="14" type="stmt"/>
        <line num="107" count="14" type="stmt"/>
        <line num="108" count="14" type="stmt"/>
        <line num="109" count="14" type="stmt"/>
        <line num="112" count="14" type="stmt"/>
        <line num="122" count="14" type="stmt"/>
        <line num="149" count="1" type="stmt"/>
        <line num="150" count="1" type="stmt"/>
        <line num="151" count="1" type="stmt"/>
        <line num="153" count="1" type="stmt"/>
        <line num="170" count="1" type="stmt"/>
        <line num="171" count="1" type="cond" truecount="1" falsecount="1"/>
        <line num="173" count="1" type="stmt"/>
        <line num="174" count="3" type="stmt"/>
        <line num="175" count="3" type="stmt"/>
        <line num="177" count="3" type="stmt"/>
        <line num="178" count="3" type="stmt"/>
        <line num="179" count="3" type="stmt"/>
        <line num="180" count="3" type="stmt"/>
        <line num="183" count="3" type="stmt"/>
        <line num="184" count="3" type="stmt"/>
        <line num="186" count="3" type="stmt"/>
        <line num="202" count="12" type="cond" truecount="2" falsecount="0"/>
        <line num="203" count="12" type="cond" truecount="2" falsecount="0"/>
        <line num="204" count="12" type="cond" truecount="2" falsecount="0"/>
        <line num="205" count="12" type="cond" truecount="2" falsecount="0"/>
        <line num="207" count="12" type="stmt"/>
        <line num="209" count="12" type="stmt"/>
        <line num="210" count="12" type="stmt"/>
        <line num="212" count="12" type="stmt"/>
        <line num="214" count="12" type="cond" truecount="2" falsecount="0"/>
        <line num="215" count="1" type="stmt"/>
        <line num="216" count="1" type="stmt"/>
        <line num="219" count="11" type="stmt"/>
        <line num="220" count="11" type="stmt"/>
        <line num="221" count="11" type="stmt"/>
        <line num="222" count="11" type="stmt"/>
        <line num="225" count="11" type="stmt"/>
        <line num="226" count="1" type="stmt"/>
        <line num="230" count="11" type="stmt"/>
        <line num="231" count="1" type="stmt"/>
        <line num="235" count="11" type="stmt"/>
        <line num="236" count="14" type="stmt"/>
        <line num="239" count="11" type="stmt"/>
      </file>
    </package>
    <package name="renderer">
      <metrics statements="307" coveredstatements="234" conditionals="144" coveredconditionals="94" methods="53" coveredmethods="34"/>
      <file name="chart-renderer.ts" path="S:\Pedro\Projects\ChartIt\src\renderer\chart-renderer.ts">
        <metrics statements="134" coveredstatements="73" conditionals="50" coveredconditionals="14" methods="36" coveredmethods="17"/>
        <line num="48" count="47" type="stmt"/>
        <line num="49" count="47" type="stmt"/>
        <line num="50" count="47" type="stmt"/>
        <line num="51" count="47" type="stmt"/>
        <line num="53" count="47" type="stmt"/>
        <line num="54" count="47" type="stmt"/>
        <line num="55" count="47" type="stmt"/>
        <line num="56" count="47" type="stmt"/>
        <line num="59" count="47" type="stmt"/>
        <line num="82" count="47" type="stmt"/>
        <line num="87" count="47" type="stmt"/>
        <line num="88" count="47" type="stmt"/>
        <line num="92" count="0" type="stmt"/>
        <line num="96" count="0" type="stmt"/>
        <line num="100" count="0" type="stmt"/>
        <line num="101" count="0" type="stmt"/>
        <line num="105" count="0" type="stmt"/>
        <line num="109" count="0" type="stmt"/>
        <line num="113" count="46" type="stmt"/>
        <line num="114" count="46" type="stmt"/>
        <line num="116" count="46" type="stmt"/>
        <line num="118" count="46" type="stmt"/>
        <line num="121" count="46" type="stmt"/>
        <line num="122" count="110" type="stmt"/>
        <line num="123" count="74" type="stmt"/>
        <line num="132" count="46" type="stmt"/>
        <line num="133" count="46" type="stmt"/>
        <line num="134" count="51" type="stmt"/>
        <line num="143" count="222" type="stmt"/>
        <line num="144" count="92" type="stmt"/>
        <line num="149" count="92" type="stmt"/>
        <line num="150" count="92" type="stmt"/>
        <line num="151" count="92" type="stmt"/>
        <line num="155" count="46" type="stmt"/>
        <line num="156" count="110" type="stmt"/>
        <line num="157" count="36" type="stmt"/>
        <line num="165" count="222" type="stmt"/>
        <line num="166" count="36" type="stmt"/>
        <line num="171" count="36" type="stmt"/>
        <line num="172" count="36" type="stmt"/>
        <line num="173" count="36" type="stmt"/>
        <line num="177" count="46" type="stmt"/>
        <line num="178" count="222" type="stmt"/>
        <line num="180" count="46" type="stmt"/>
        <line num="181" count="94" type="stmt"/>
        <line num="186" count="94" type="stmt"/>
        <line num="187" count="94" type="stmt"/>
        <line num="188" count="94" type="stmt"/>
        <line num="190" count="94" type="cond" truecount="2" falsecount="0"/>
        <line num="191" count="91" type="stmt"/>
        <line num="200" count="0" type="stmt"/>
        <line num="201" count="0" type="cond" truecount="0" falsecount="2"/>
        <line num="202" count="0" type="stmt"/>
        <line num="207" count="94" type="cond" truecount="1" falsecount="1"/>
        <line num="208" count="94" type="stmt"/>
        <line num="209" count="94" type="stmt"/>
        <line num="211" count="0" type="stmt"/>
        <line num="212" count="0" type="stmt"/>
        <line num="213" count="0" type="cond" truecount="0" falsecount="2"/>
        <line num="214" count="0" type="stmt"/>
        <line num="215" count="0" type="stmt"/>
        <line num="218" count="0" type="stmt"/>
        <line num="219" count="0" type="stmt"/>
        <line num="220" count="0" type="stmt"/>
        <line num="221" count="0" type="cond" truecount="0" falsecount="2"/>
        <line num="222" count="0" type="stmt"/>
        <line num="223" count="0" type="stmt"/>
        <line num="224" count="0" type="stmt"/>
        <line num="228" count="0" type="stmt"/>
        <line num="229" count="0" type="stmt"/>
        <line num="231" count="0" type="cond" truecount="0" falsecount="4"/>
        <line num="233" count="0" type="stmt"/>
        <line num="234" count="0" type="cond" truecount="0" falsecount="2"/>
        <line num="236" count="0" type="stmt"/>
        <line num="237" count="0" type="stmt"/>
        <line num="238" count="0" type="cond" truecount="0" falsecount="2"/>
        <line num="240" count="0" type="stmt"/>
        <line num="241" count="0" type="stmt"/>
        <line num="243" count="0" type="stmt"/>
        <line num="244" count="0" type="stmt"/>
        <line num="246" count="0" type="stmt"/>
        <line num="247" count="0" type="cond" truecount="0" falsecount="4"/>
        <line num="248" count="0" type="stmt"/>
        <line num="249" count="0" type="stmt"/>
        <line num="250" count="0" type="stmt"/>
        <line num="251" count="0" type="cond" truecount="0" falsecount="2"/>
        <line num="252" count="0" type="stmt"/>
        <line num="253" count="0" type="stmt"/>
        <line num="257" count="0" type="stmt"/>
        <line num="258" count="0" type="cond" truecount="0" falsecount="4"/>
        <line num="259" count="0" type="stmt"/>
        <line num="260" count="0" type="stmt"/>
        <line num="267" count="94" type="stmt"/>
        <line num="271" count="46" type="cond" truecount="2" falsecount="0"/>
        <line num="272" count="6" type="stmt"/>
        <line num="274" count="40" type="stmt"/>
        <line num="275" count="40" type="stmt"/>
        <line num="278" count="46" type="stmt"/>
        <line num="282" count="2" type="stmt"/>
        <line num="286" count="0" type="stmt"/>
        <line num="292" count="46" type="cond" truecount="1" falsecount="1"/>
        <line num="293" count="46" type="stmt"/>
        <line num="294" count="46" type="stmt"/>
        <line num="295" count="46" type="stmt"/>
        <line num="298" count="0" type="stmt"/>
        <line num="300" count="0" type="stmt"/>
        <line num="301" count="0" type="stmt"/>
        <line num="302" count="0" type="stmt"/>
        <line num="303" count="0" type="cond" truecount="0" falsecount="4"/>
        <line num="304" count="0" type="stmt"/>
        <line num="306" count="0" type="stmt"/>
        <line num="310" count="0" type="stmt"/>
        <line num="320" count="222" type="stmt"/>
        <line num="321" count="222" type="stmt"/>
        <line num="322" count="222" type="stmt"/>
        <line num="324" count="222" type="stmt"/>
        <line num="331" count="0" type="cond" truecount="0" falsecount="2"/>
        <line num="334" count="222" type="stmt"/>
        <line num="343" count="222" type="cond" truecount="1" falsecount="1"/>
        <line num="345" count="222" type="stmt"/>
        <line num="354" count="222" type="cond" truecount="1" falsecount="1"/>
        <line num="358" count="6" type="cond" truecount="2" falsecount="0"/>
        <line num="359" count="2" type="stmt"/>
        <line num="361" count="4" type="stmt"/>
        <line num="366" count="3" type="stmt"/>
        <line num="370" count="0" type="stmt"/>
        <line num="374" count="0" type="stmt"/>
        <line num="375" count="0" type="cond" truecount="0" falsecount="2"/>
        <line num="376" count="0" type="stmt"/>
        <line num="381" count="0" type="stmt"/>
        <line num="385" count="1" type="stmt"/>
        <line num="389" count="2" type="stmt"/>
        <line num="393" count="0" type="stmt"/>
        <line num="397" count="47" type="stmt"/>
      </file>
      <file name="layout-engine.ts" path="S:\Pedro\Projects\ChartIt\src\renderer\layout-engine.ts">
        <metrics statements="143" coveredstatements="141" conditionals="73" coveredconditionals="69" methods="10" coveredmethods="10"/>
        <line num="42" count="71" type="stmt"/>
        <line num="43" count="71" type="stmt"/>
        <line num="50" count="71" type="stmt"/>
        <line num="52" count="71" type="stmt"/>
        <line num="54" count="139" type="stmt"/>
        <line num="55" count="71" type="stmt"/>
        <line num="57" count="71" type="stmt"/>
        <line num="64" count="19" type="stmt"/>
        <line num="65" count="19" type="stmt"/>
        <line num="66" count="19" type="cond" truecount="2" falsecount="0"/>
        <line num="67" count="19" type="cond" truecount="4" falsecount="0"/>
        <line num="68" count="10" type="stmt"/>
        <line num="70" count="9" type="stmt"/>
        <line num="73" count="71" type="stmt"/>
        <line num="76" count="71" type="stmt"/>
        <line num="77" count="346" type="stmt"/>
        <line num="78" count="346" type="cond" truecount="4" falsecount="0"/>
        <line num="79" count="138" type="stmt"/>
        <line num="80" count="138" type="stmt"/>
        <line num="84" count="71" type="stmt"/>
        <line num="85" count="87" type="stmt"/>
        <line num="86" count="87" type="cond" truecount="2" falsecount="0"/>
        <line num="87" count="19" type="stmt"/>
        <line num="92" count="71" type="stmt"/>
        <line num="93" count="71" type="stmt"/>
        <line num="94" count="139" type="stmt"/>
        <line num="95" count="139" type="cond" truecount="4" falsecount="0"/>
        <line num="96" count="42" type="stmt"/>
        <line num="97" count="54" type="stmt"/>
        <line num="99" count="97" type="cond" truecount="4" falsecount="0"/>
        <line num="100" count="12" type="stmt"/>
        <line num="101" count="12" type="stmt"/>
        <line num="103" count="85" type="cond" truecount="5" falsecount="0"/>
        <line num="104" count="1" type="stmt"/>
        <line num="105" count="2" type="stmt"/>
        <line num="111" count="71" type="stmt"/>
        <line num="112" count="42" type="stmt"/>
        <line num="113" count="42" type="stmt"/>
        <line num="115" count="42" type="cond" truecount="2" falsecount="0"/>
        <line num="116" count="10" type="stmt"/>
        <line num="117" count="10" type="stmt"/>
        <line num="118" count="10" type="stmt"/>
        <line num="119" count="10" type="stmt"/>
        <line num="120" count="10" type="cond" truecount="1" falsecount="1"/>
        <line num="121" count="0" type="stmt"/>
        <line num="125" count="42" type="cond" truecount="2" falsecount="0"/>
        <line num="126" count="26" type="stmt"/>
        <line num="127" count="26" type="stmt"/>
        <line num="128" count="26" type="stmt"/>
        <line num="131" count="42" type="cond" truecount="2" falsecount="0"/>
        <line num="132" count="16" type="stmt"/>
        <line num="133" count="16" type="stmt"/>
        <line num="134" count="16" type="stmt"/>
        <line num="136" count="42" type="stmt"/>
        <line num="139" count="71" type="stmt"/>
        <line num="140" count="19" type="stmt"/>
        <line num="141" count="19" type="cond" truecount="2" falsecount="0"/>
        <line num="142" count="6" type="stmt"/>
        <line num="146" count="71" type="stmt"/>
        <line num="147" count="139" type="cond" truecount="4" falsecount="0"/>
        <line num="148" count="129" type="cond" truecount="2" falsecount="0"/>
        <line num="149" count="45" type="stmt"/>
        <line num="151" count="129" type="stmt"/>
        <line num="154" count="10" type="stmt"/>
        <line num="155" count="23" type="stmt"/>
        <line num="158" count="10" type="stmt"/>
        <line num="159" count="13" type="stmt"/>
        <line num="160" count="13" type="stmt"/>
        <line num="161" count="13" type="stmt"/>
        <line num="162" count="13" type="stmt"/>
        <line num="163" count="13" type="stmt"/>
        <line num="164" count="13" type="stmt"/>
        <line num="165" count="13" type="cond" truecount="1" falsecount="1"/>
        <line num="166" count="13" type="stmt"/>
        <line num="170" count="10" type="stmt"/>
        <line num="171" count="10" type="stmt"/>
        <line num="172" count="10" type="stmt"/>
        <line num="173" count="10" type="stmt"/>
        <line num="176" count="71" type="stmt"/>
        <line num="179" count="71" type="stmt"/>
        <line num="180" count="71" type="stmt"/>
        <line num="181" count="71" type="stmt"/>
        <line num="184" count="71" type="stmt"/>
        <line num="185" count="68" type="stmt"/>
        <line num="186" count="68" type="stmt"/>
        <line num="187" count="68" type="stmt"/>
        <line num="188" count="68" type="stmt"/>
        <line num="189" count="68" type="stmt"/>
        <line num="190" count="68" type="cond" truecount="1" falsecount="1"/>
        <line num="192" count="68" type="cond" truecount="2" falsecount="0"/>
        <line num="193" count="45" type="stmt"/>
        <line num="195" count="23" type="cond" truecount="2" falsecount="0"/>
        <line num="196" count="23" type="stmt"/>
        <line num="197" count="23" type="stmt"/>
        <line num="199" count="68" type="stmt"/>
        <line num="203" count="71" type="stmt"/>
        <line num="204" count="139" type="stmt"/>
        <line num="205" count="139" type="cond" truecount="5" falsecount="0"/>
        <line num="206" count="42" type="stmt"/>
        <line num="214" count="71" type="stmt"/>
        <line num="215" count="139" type="stmt"/>
        <line num="216" count="139" type="cond" truecount="4" falsecount="0"/>
        <line num="217" count="73" type="stmt"/>
        <line num="218" count="73" type="stmt"/>
        <line num="219" count="73" type="stmt"/>
        <line num="221" count="73" type="stmt"/>
        <line num="228" count="73" type="stmt"/>
        <line num="229" count="142" type="stmt"/>
        <line num="230" count="142" type="stmt"/>
        <line num="245" count="71" type="stmt"/>
        <line num="246" count="139" type="stmt"/>
        <line num="247" count="139" type="cond" truecount="4" falsecount="0"/>
        <line num="248" count="42" type="stmt"/>
        <line num="250" count="42" type="stmt"/>
        <line num="251" count="60" type="stmt"/>
        <line num="252" count="60" type="stmt"/>
        <line num="253" count="60" type="cond" truecount="2" falsecount="0"/>
        <line num="256" count="60" type="stmt"/>
        <line num="258" count="60" type="cond" truecount="2" falsecount="0"/>
        <line num="259" count="60" type="stmt"/>
        <line num="260" count="60" type="stmt"/>
        <line num="265" count="60" type="stmt"/>
        <line num="280" count="71" type="stmt"/>
        <line num="281" count="139" type="cond" truecount="2" falsecount="0"/>
        <line num="282" count="139" type="stmt"/>
        <line num="283" count="139" type="stmt"/>
        <line num="285" count="139" type="stmt"/>
        <line num="299" count="71" type="stmt"/>
        <line num="301" count="71" type="stmt"/>
        <line num="302" count="341" type="stmt"/>
        <line num="303" count="341" type="stmt"/>
        <line num="304" count="341" type="stmt"/>
        <line num="305" count="341" type="stmt"/>
        <line num="306" count="341" type="stmt"/>
        <line num="307" count="341" type="stmt"/>
        <line num="310" count="71" type="stmt"/>
        <line num="311" count="73" type="stmt"/>
        <line num="312" count="73" type="stmt"/>
        <line num="313" count="73" type="stmt"/>
        <line num="314" count="73" type="stmt"/>
        <line num="317" count="71" type="cond" truecount="1" falsecount="1"/>
        <line num="318" count="0" type="stmt"/>
        <line num="321" count="71" type="stmt"/>
      </file>
      <file name="zoom-manager.ts" path="S:\Pedro\Projects\ChartIt\src\renderer\zoom-manager.ts">
        <metrics statements="30" coveredstatements="20" conditionals="21" coveredconditionals="11" methods="7" coveredmethods="7"/>
        <line num="3" count="4" type="stmt"/>
        <line num="4" count="4" type="stmt"/>
        <line num="5" count="4" type="stmt"/>
        <line num="6" count="4" type="stmt"/>
        <line num="15" count="54" type="stmt"/>
        <line num="16" count="54" type="stmt"/>
        <line num="17" count="54" type="stmt"/>
        <line num="19" count="54" type="stmt"/>
        <line num="22" count="11" type="cond" truecount="3" falsecount="0"/>
        <line num="23" count="11" type="cond" truecount="3" falsecount="0"/>
        <line num="24" count="11" type="stmt"/>
        <line num="27" count="11" type="stmt"/>
        <line num="30" count="54" type="stmt"/>
        <line num="34" count="42" type="stmt"/>
        <line num="35" count="42" type="cond" truecount="1" falsecount="1"/>
        <line num="38" count="0" type="stmt"/>
        <line num="39" count="0" type="stmt"/>
        <line num="41" count="0" type="stmt"/>
        <line num="44" count="0" type="cond" truecount="0" falsecount="4"/>
        <line num="46" count="0" type="cond" truecount="0" falsecount="2"/>
        <line num="47" count="42" type="cond" truecount="1" falsecount="1"/>
        <line num="48" count="42" type="cond" truecount="2" falsecount="2"/>
        <line num="50" count="0" type="stmt"/>
        <line num="55" count="0" type="stmt"/>
        <line num="56" count="0" type="stmt"/>
        <line num="58" count="0" type="stmt"/>
        <line num="59" count="0" type="stmt"/>
        <line num="63" count="2" type="stmt"/>
        <line num="67" count="10" type="stmt"/>
        <line num="71" count="9" type="stmt"/>
      </file>
    </package>
    <package name="store">
      <metrics statements="230" coveredstatements="210" conditionals="156" coveredconditionals="134" methods="61" coveredmethods="59"/>
      <file name="mapping-store.ts" path="S:\Pedro\Projects\ChartIt\src\store\mapping-store.ts">
        <metrics statements="41" coveredstatements="41" conditionals="44" coveredconditionals="39" methods="11" coveredmethods="11"/>
        <line num="3" count="2" type="stmt"/>
        <line num="7" count="61" type="stmt"/>
        <line num="8" count="61" type="stmt"/>
        <line num="9" count="61" type="cond" truecount="2" falsecount="0"/>
        <line num="10" count="29" type="stmt"/>
        <line num="12" count="18" type="stmt"/>
        <line num="17" count="25" type="stmt"/>
        <line num="18" count="25" type="cond" truecount="6" falsecount="0"/>
        <line num="19" count="5" type="stmt"/>
        <line num="22" count="20" type="stmt"/>
        <line num="23" count="20" type="stmt"/>
        <line num="24" count="20" type="cond" truecount="2" falsecount="0"/>
        <line num="25" count="2" type="stmt"/>
        <line num="27" count="18" type="stmt"/>
        <line num="29" count="20" type="stmt"/>
        <line num="33" count="2" type="stmt"/>
        <line num="34" count="3" type="stmt"/>
        <line num="35" count="2" type="stmt"/>
        <line num="39" count="9" type="stmt"/>
        <line num="43" count="4" type="stmt"/>
        <line num="44" count="4" type="cond" truecount="2" falsecount="0"/>
        <line num="45" count="4" type="stmt"/>
        <line num="49" count="5" type="stmt"/>
        <line num="50" count="5" type="cond" truecount="2" falsecount="0"/>
        <line num="51" count="1" type="stmt"/>
        <line num="54" count="3" type="stmt"/>
        <line num="55" count="3" type="stmt"/>
        <line num="56" count="6" type="cond" truecount="2" falsecount="0"/>
        <line num="57" count="4" type="stmt"/>
        <line num="58" count="4" type="stmt"/>
        <line num="60" count="3" type="stmt"/>
        <line num="64" count="6" type="cond" truecount="3" falsecount="1"/>
        <line num="65" count="6" type="stmt"/>
        <line num="66" count="6" type="cond" truecount="4" falsecount="0"/>
        <line num="67" count="5" type="cond" truecount="3" falsecount="1"/>
        <line num="68" count="5" type="stmt"/>
        <line num="69" count="5" type="cond" truecount="4" falsecount="0"/>
        <line num="70" count="4" type="cond" truecount="3" falsecount="1"/>
        <line num="71" count="4" type="cond" truecount="3" falsecount="1"/>
        <line num="72" count="4" type="cond" truecount="3" falsecount="1"/>
        <line num="73" count="4" type="stmt"/>
      </file>
      <file name="org-store.ts" path="S:\Pedro\Projects\ChartIt\src\store\org-store.ts">
        <metrics statements="81" coveredstatements="80" conditionals="53" coveredconditionals="46" methods="23" coveredmethods="22"/>
        <line num="9" count="90" type="stmt"/>
        <line num="10" count="90" type="stmt"/>
        <line num="11" count="90" type="stmt"/>
        <line num="12" count="5" type="stmt"/>
        <line num="15" count="90" type="stmt"/>
        <line num="19" count="71" type="stmt"/>
        <line num="23" count="113" type="stmt"/>
        <line num="24" count="113" type="stmt"/>
        <line num="25" count="113" type="cond" truecount="2" falsecount="0"/>
        <line num="26" count="10" type="stmt"/>
        <line num="31" count="13" type="cond" truecount="2" falsecount="0"/>
        <line num="32" count="12" type="stmt"/>
        <line num="33" count="12" type="stmt"/>
        <line num="34" count="12" type="stmt"/>
        <line num="35" count="12" type="stmt"/>
        <line num="39" count="3" type="cond" truecount="2" falsecount="0"/>
        <line num="40" count="2" type="stmt"/>
        <line num="41" count="2" type="stmt"/>
        <line num="42" count="2" type="stmt"/>
        <line num="43" count="2" type="stmt"/>
        <line num="47" count="3" type="stmt"/>
        <line num="51" count="3" type="stmt"/>
        <line num="55" count="5" type="stmt"/>
        <line num="59" count="0" type="stmt"/>
        <line num="63" count="18" type="stmt"/>
        <line num="64" count="18" type="stmt"/>
        <line num="65" count="18" type="cond" truecount="2" falsecount="0"/>
        <line num="66" count="17" type="stmt"/>
        <line num="71" count="17" type="cond" truecount="2" falsecount="0"/>
        <line num="72" count="17" type="stmt"/>
        <line num="73" count="17" type="stmt"/>
        <line num="74" count="17" type="stmt"/>
        <line num="78" count="8" type="cond" truecount="2" falsecount="0"/>
        <line num="79" count="7" type="stmt"/>
        <line num="80" count="7" type="stmt"/>
        <line num="81" count="7" type="cond" truecount="2" falsecount="0"/>
        <line num="82" count="11" type="stmt"/>
        <line num="83" count="8" type="cond" truecount="2" falsecount="0"/>
        <line num="84" count="6" type="stmt"/>
        <line num="88" count="71" type="stmt"/>
        <line num="89" count="71" type="stmt"/>
        <line num="90" count="71" type="cond" truecount="2" falsecount="0"/>
        <line num="91" count="70" type="cond" truecount="2" falsecount="0"/>
        <line num="92" count="70" type="cond" truecount="2" falsecount="0"/>
        <line num="93" count="70" type="stmt"/>
        <line num="97" count="11" type="stmt"/>
        <line num="101" count="8" type="cond" truecount="2" falsecount="0"/>
        <line num="102" count="7" type="stmt"/>
        <line num="103" count="7" type="cond" truecount="1" falsecount="1"/>
        <line num="104" count="7" type="stmt"/>
        <line num="105" count="7" type="cond" truecount="2" falsecount="0"/>
        <line num="106" count="6" type="cond" truecount="1" falsecount="1"/>
        <line num="107" count="6" type="cond" truecount="2" falsecount="0"/>
        <line num="108" count="6" type="stmt"/>
        <line num="110" count="5" type="stmt"/>
        <line num="111" count="5" type="cond" truecount="4" falsecount="0"/>
        <line num="113" count="4" type="stmt"/>
        <line num="114" count="4" type="cond" truecount="1" falsecount="1"/>
        <line num="115" count="8" type="stmt"/>
        <line num="116" count="4" type="cond" truecount="1" falsecount="1"/>
        <line num="118" count="4" type="cond" truecount="1" falsecount="1"/>
        <line num="119" count="4" type="stmt"/>
        <line num="120" count="4" type="stmt"/>
        <line num="124" count="6" type="stmt"/>
        <line num="125" count="6" type="cond" truecount="1" falsecount="1"/>
        <line num="126" count="6" type="stmt"/>
        <line num="127" count="7" type="cond" truecount="2" falsecount="0"/>
        <line num="131" count="3" type="stmt"/>
        <line num="132" count="3" type="cond" truecount="1" falsecount="1"/>
        <line num="133" count="3" type="stmt"/>
        <line num="137" count="13" type="stmt"/>
        <line num="138" count="13" type="stmt"/>
        <line num="139" count="13" type="cond" truecount="5" falsecount="0"/>
        <line num="140" count="2" type="stmt"/>
        <line num="142" count="8" type="stmt"/>
        <line num="143" count="8" type="stmt"/>
        <line num="147" count="13" type="stmt"/>
        <line num="148" count="13" type="stmt"/>
        <line num="149" count="1" type="stmt"/>
        <line num="154" count="119" type="stmt"/>
        <line num="155" count="11" type="stmt"/>
      </file>
      <file name="settings-store.ts" path="S:\Pedro\Projects\ChartIt\src\store\settings-store.ts">
        <metrics statements="82" coveredstatements="63" conditionals="49" coveredconditionals="39" methods="13" coveredmethods="12"/>
        <line num="39" count="1" type="stmt"/>
        <line num="47" count="1" type="stmt"/>
        <line num="51" count="1" type="stmt"/>
        <line num="54" count="13" type="stmt"/>
        <line num="55" count="13" type="stmt"/>
        <line num="56" count="274" type="cond" truecount="2" falsecount="0"/>
        <line num="57" count="163" type="stmt"/>
        <line num="58" count="163" type="cond" truecount="2" falsecount="0"/>
        <line num="59" count="138" type="cond" truecount="4" falsecount="0"/>
        <line num="60" count="1" type="stmt"/>
        <line num="62" count="137" type="stmt"/>
        <line num="64" count="25" type="cond" truecount="2" falsecount="0"/>
        <line num="65" count="1" type="stmt"/>
        <line num="67" count="24" type="stmt"/>
        <line num="70" count="11" type="stmt"/>
        <line num="74" count="1" type="stmt"/>
        <line num="75" count="1" type="stmt"/>
        <line num="76" count="22" type="stmt"/>
        <line num="79" count="7" type="cond" truecount="2" falsecount="0"/>
        <line num="80" count="3" type="stmt"/>
        <line num="82" count="7" type="stmt"/>
        <line num="83" count="2" type="stmt"/>
        <line num="84" count="2" type="stmt"/>
        <line num="89" count="6" type="cond" truecount="2" falsecount="0"/>
        <line num="90" count="2" type="stmt"/>
        <line num="91" count="2" type="stmt"/>
        <line num="93" count="6" type="stmt"/>
        <line num="97" count="9" type="stmt"/>
        <line num="98" count="9" type="stmt"/>
        <line num="99" count="9" type="cond" truecount="2" falsecount="0"/>
        <line num="100" count="8" type="stmt"/>
        <line num="101" count="8" type="cond" truecount="4" falsecount="1"/>
        <line num="102" count="0" type="stmt"/>
        <line num="104" count="7" type="stmt"/>
        <line num="105" count="7" type="stmt"/>
        <line num="107" count="1" type="stmt"/>
        <line num="112" count="8" type="stmt"/>
        <line num="116" count="1" type="stmt"/>
        <line num="120" count="0" type="stmt"/>
        <line num="121" count="0" type="cond" truecount="0" falsecount="2"/>
        <line num="122" count="0" type="stmt"/>
        <line num="123" count="0" type="stmt"/>
        <line num="124" count="0" type="stmt"/>
        <line num="125" count="0" type="stmt"/>
        <line num="126" count="0" type="stmt"/>
        <line num="127" count="0" type="stmt"/>
        <line num="128" count="0" type="stmt"/>
        <line num="129" count="0" type="stmt"/>
        <line num="130" count="0" type="stmt"/>
        <line num="131" count="0" type="stmt"/>
        <line num="132" count="0" type="stmt"/>
        <line num="136" count="1" type="stmt"/>
        <line num="137" count="1" type="stmt"/>
        <line num="138" count="1" type="stmt"/>
        <line num="142" count="5" type="stmt"/>
        <line num="152" count="9" type="stmt"/>
        <line num="153" count="9" type="stmt"/>
        <line num="155" count="1" type="stmt"/>
        <line num="158" count="8" type="cond" truecount="3" falsecount="1"/>
        <line num="159" count="0" type="stmt"/>
        <line num="162" count="8" type="stmt"/>
        <line num="164" count="8" type="cond" truecount="5" falsecount="0"/>
        <line num="165" count="1" type="stmt"/>
        <line num="168" count="7" type="cond" truecount="4" falsecount="0"/>
        <line num="169" count="1" type="stmt"/>
        <line num="172" count="6" type="stmt"/>
        <line num="173" count="6" type="stmt"/>
        <line num="176" count="6" type="stmt"/>
        <line num="177" count="70" type="cond" truecount="2" falsecount="0"/>
        <line num="178" count="1" type="stmt"/>
        <line num="182" count="3" type="stmt"/>
        <line num="186" count="9" type="cond" truecount="2" falsecount="0"/>
        <line num="187" count="9" type="stmt"/>
        <line num="188" count="9" type="stmt"/>
        <line num="192" count="9" type="stmt"/>
        <line num="196" count="9" type="stmt"/>
        <line num="197" count="9" type="stmt"/>
        <line num="198" count="9" type="cond" truecount="1" falsecount="1"/>
        <line num="199" count="0" type="stmt"/>
        <line num="200" count="0" type="cond" truecount="0" falsecount="5"/>
        <line num="201" count="0" type="stmt"/>
        <line num="203" count="0" type="stmt"/>
      </file>
      <file name="theme-manager.ts" path="S:\Pedro\Projects\ChartIt\src\store\theme-manager.ts">
        <metrics statements="19" coveredstatements="19" conditionals="8" coveredconditionals="8" methods="8" coveredmethods="8"/>
        <line num="4" count="1" type="stmt"/>
        <line num="6" count="11" type="stmt"/>
        <line num="9" count="11" type="stmt"/>
        <line num="10" count="11" type="cond" truecount="4" falsecount="0"/>
        <line num="11" count="11" type="stmt"/>
        <line num="15" count="7" type="stmt"/>
        <line num="19" count="11" type="stmt"/>
        <line num="20" count="11" type="stmt"/>
        <line num="21" count="11" type="stmt"/>
        <line num="22" count="11" type="stmt"/>
        <line num="26" count="2" type="cond" truecount="2" falsecount="0"/>
        <line num="30" count="2" type="stmt"/>
        <line num="31" count="2" type="stmt"/>
        <line num="35" count="22" type="stmt"/>
        <line num="36" count="22" type="cond" truecount="2" falsecount="0"/>
        <line num="37" count="9" type="stmt"/>
        <line num="39" count="13" type="stmt"/>
        <line num="44" count="11" type="stmt"/>
        <line num="45" count="3" type="stmt"/>
      </file>
      <file name="theme-presets.ts" path="S:\Pedro\Projects\ChartIt\src\store\theme-presets.ts">
        <metrics statements="7" coveredstatements="7" conditionals="2" coveredconditionals="2" methods="6" coveredmethods="6"/>
        <line num="15" count="1" type="stmt"/>
        <line num="123" count="27" type="stmt"/>
        <line num="127" count="8" type="stmt"/>
        <line num="132" count="25" type="stmt"/>
        <line num="133" count="3" type="cond" truecount="2" falsecount="0"/>
        <line num="134" count="1" type="stmt"/>
        <line num="136" count="2" type="stmt"/>
      </file>
    </package>
    <package name="ui">
      <metrics statements="252" coveredstatements="189" conditionals="65" coveredconditionals="2" methods="33" coveredmethods="15"/>
      <file name="column-mapper.ts" path="S:\Pedro\Projects\ChartIt\src\ui\column-mapper.ts">
        <metrics statements="152" coveredstatements="111" conditionals="46" coveredconditionals="2" methods="21" coveredmethods="8"/>
        <line num="27" count="2" type="stmt"/>
        <line num="28" count="2" type="stmt"/>
        <line num="29" count="2" type="stmt"/>
        <line num="30" count="2" type="stmt"/>
        <line num="31" count="2" type="stmt"/>
        <line num="32" count="2" type="stmt"/>
        <line num="36" count="2" type="stmt"/>
        <line num="40" count="2" type="stmt"/>
        <line num="43" count="2" type="stmt"/>
        <line num="44" count="2" type="stmt"/>
        <line num="45" count="2" type="stmt"/>
        <line num="47" count="2" type="stmt"/>
        <line num="50" count="2" type="stmt"/>
        <line num="51" count="2" type="stmt"/>
        <line num="53" count="2" type="stmt"/>
        <line num="55" count="2" type="stmt"/>
        <line num="58" count="2" type="stmt"/>
        <line num="59" count="2" type="stmt"/>
        <line num="60" count="2" type="stmt"/>
        <line num="61" count="2" type="stmt"/>
        <line num="64" count="2" type="stmt"/>
        <line num="67" count="2" type="stmt"/>
        <line num="70" count="2" type="stmt"/>
        <line num="71" count="2" type="stmt"/>
        <line num="72" count="2" type="stmt"/>
        <line num="73" count="2" type="stmt"/>
        <line num="76" count="2" type="stmt"/>
        <line num="77" count="2" type="stmt"/>
        <line num="78" count="2" type="stmt"/>
        <line num="80" count="2" type="stmt"/>
        <line num="81" count="2" type="stmt"/>
        <line num="82" count="2" type="stmt"/>
        <line num="83" count="2" type="stmt"/>
        <line num="85" count="2" type="stmt"/>
        <line num="86" count="2" type="stmt"/>
        <line num="87" count="2" type="stmt"/>
        <line num="88" count="2" type="stmt"/>
        <line num="90" count="2" type="stmt"/>
        <line num="91" count="2" type="stmt"/>
        <line num="92" count="2" type="stmt"/>
        <line num="95" count="2" type="stmt"/>
        <line num="96" count="2" type="stmt"/>
        <line num="97" count="2" type="stmt"/>
        <line num="98" count="2" type="stmt"/>
        <line num="102" count="8" type="stmt"/>
        <line num="103" count="8" type="stmt"/>
        <line num="104" count="8" type="stmt"/>
        <line num="105" count="8" type="stmt"/>
        <line num="106" count="8" type="cond" truecount="2" falsecount="0"/>
        <line num="107" count="8" type="stmt"/>
        <line num="109" count="8" type="stmt"/>
        <line num="110" count="16" type="stmt"/>
        <line num="111" count="16" type="stmt"/>
        <line num="112" count="16" type="stmt"/>
        <line num="113" count="16" type="stmt"/>
        <line num="116" count="8" type="stmt"/>
        <line num="117" count="8" type="stmt"/>
        <line num="118" count="8" type="stmt"/>
        <line num="122" count="10" type="stmt"/>
        <line num="123" count="10" type="stmt"/>
        <line num="124" count="10" type="stmt"/>
        <line num="125" count="10" type="stmt"/>
        <line num="126" count="10" type="stmt"/>
        <line num="127" count="10" type="stmt"/>
        <line num="131" count="2" type="stmt"/>
        <line num="132" count="2" type="stmt"/>
        <line num="134" count="2" type="stmt"/>
        <line num="135" count="2" type="stmt"/>
        <line num="136" count="2" type="stmt"/>
        <line num="138" count="2" type="stmt"/>
        <line num="139" count="2" type="stmt"/>
        <line num="142" count="2" type="stmt"/>
        <line num="143" count="2" type="stmt"/>
        <line num="146" count="2" type="stmt"/>
        <line num="147" count="2" type="stmt"/>
        <line num="148" count="2" type="stmt"/>
        <line num="150" count="2" type="stmt"/>
        <line num="151" count="2" type="stmt"/>
        <line num="152" count="2" type="stmt"/>
        <line num="153" count="2" type="stmt"/>
        <line num="162" count="4" type="stmt"/>
        <line num="163" count="4" type="stmt"/>
        <line num="166" count="4" type="stmt"/>
        <line num="167" count="4" type="stmt"/>
        <line num="168" count="4" type="stmt"/>
        <line num="169" count="4" type="stmt"/>
        <line num="170" count="4" type="stmt"/>
        <line num="172" count="4" type="stmt"/>
        <line num="173" count="4" type="stmt"/>
        <line num="174" count="4" type="stmt"/>
        <line num="178" count="2" type="stmt"/>
        <line num="179" count="2" type="stmt"/>
        <line num="180" count="2" type="stmt"/>
        <line num="182" count="2" type="stmt"/>
        <line num="184" count="2" type="stmt"/>
        <line num="185" count="2" type="stmt"/>
        <line num="187" count="2" type="stmt"/>
        <line num="188" count="2" type="stmt"/>
        <line num="189" count="2" type="stmt"/>
        <line num="190" count="2" type="stmt"/>
        <line num="191" count="2" type="stmt"/>
        <line num="192" count="2" type="stmt"/>
        <line num="194" count="2" type="stmt"/>
        <line num="195" count="2" type="stmt"/>
        <line num="196" count="2" type="stmt"/>
        <line num="197" count="2" type="stmt"/>
        <line num="198" count="2" type="stmt"/>
        <line num="200" count="2" type="stmt"/>
        <line num="202" count="2" type="stmt"/>
        <line num="203" count="2" type="stmt"/>
        <line num="204" count="2" type="stmt"/>
        <line num="208" count="0" type="stmt"/>
        <line num="209" count="0" type="stmt"/>
        <line num="210" count="0" type="cond" truecount="0" falsecount="4"/>
        <line num="211" count="0" type="stmt"/>
        <line num="213" count="0" type="stmt"/>
        <line num="217" count="0" type="stmt"/>
        <line num="218" count="0" type="stmt"/>
        <line num="219" count="0" type="cond" truecount="0" falsecount="2"/>
        <line num="223" count="0" type="stmt"/>
        <line num="224" count="0" type="stmt"/>
        <line num="225" count="0" type="stmt"/>
        <line num="226" count="0" type="cond" truecount="0" falsecount="2"/>
        <line num="227" count="0" type="cond" truecount="0" falsecount="2"/>
        <line num="229" count="0" type="cond" truecount="0" falsecount="5"/>
        <line num="230" count="0" type="cond" truecount="0" falsecount="4"/>
        <line num="232" count="0" type="stmt"/>
        <line num="233" count="0" type="cond" truecount="0" falsecount="2"/>
        <line num="234" count="0" type="cond" truecount="0" falsecount="2"/>
        <line num="236" count="0" type="stmt"/>
        <line num="240" count="0" type="stmt"/>
        <line num="242" count="0" type="stmt"/>
        <line num="243" count="0" type="stmt"/>
        <line num="244" count="0" type="stmt"/>
        <line num="246" count="0" type="cond" truecount="0" falsecount="5"/>
        <line num="247" count="0" type="stmt"/>
        <line num="248" count="0" type="stmt"/>
        <line num="251" count="0" type="cond" truecount="0" falsecount="2"/>
        <line num="252" count="0" type="cond" truecount="0" falsecount="2"/>
        <line num="254" count="0" type="cond" truecount="0" falsecount="4"/>
        <line num="255" count="0" type="stmt"/>
        <line num="257" count="0" type="stmt"/>
        <line num="260" count="0" type="stmt"/>
        <line num="261" count="0" type="cond" truecount="0" falsecount="2"/>
        <line num="262" count="0" type="cond" truecount="0" falsecount="2"/>
        <line num="263" count="0" type="stmt"/>
        <line num="264" count="0" type="stmt"/>
        <line num="267" count="0" type="stmt"/>
        <line num="271" count="0" type="stmt"/>
        <line num="272" count="0" type="stmt"/>
        <line num="273" count="0" type="cond" truecount="0" falsecount="4"/>
        <line num="274" count="0" type="stmt"/>
      </file>
      <file name="preset-creator.ts" path="S:\Pedro\Projects\ChartIt\src\ui\preset-creator.ts">
        <metrics statements="100" coveredstatements="78" conditionals="19" coveredconditionals="0" methods="12" coveredmethods="7"/>
        <line num="22" count="1" type="stmt"/>
        <line num="23" count="1" type="stmt"/>
        <line num="24" count="1" type="stmt"/>
        <line num="25" count="1" type="stmt"/>
        <line num="29" count="1" type="stmt"/>
        <line num="33" count="1" type="stmt"/>
        <line num="36" count="1" type="stmt"/>
        <line num="37" count="1" type="stmt"/>
        <line num="38" count="1" type="stmt"/>
        <line num="40" count="1" type="stmt"/>
        <line num="43" count="1" type="stmt"/>
        <line num="44" count="1" type="stmt"/>
        <line num="45" count="1" type="stmt"/>
        <line num="47" count="1" type="stmt"/>
        <line num="50" count="1" type="stmt"/>
        <line num="51" count="1" type="stmt"/>
        <line num="52" count="1" type="stmt"/>
        <line num="53" count="1" type="stmt"/>
        <line num="54" count="1" type="stmt"/>
        <line num="57" count="1" type="stmt"/>
        <line num="60" count="1" type="stmt"/>
        <line num="61" count="1" type="stmt"/>
        <line num="62" count="1" type="stmt"/>
        <line num="63" count="1" type="stmt"/>
        <line num="66" count="1" type="stmt"/>
        <line num="67" count="1" type="stmt"/>
        <line num="68" count="1" type="stmt"/>
        <line num="70" count="1" type="stmt"/>
        <line num="71" count="1" type="stmt"/>
        <line num="72" count="1" type="stmt"/>
        <line num="73" count="1" type="stmt"/>
        <line num="75" count="1" type="stmt"/>
        <line num="76" count="1" type="stmt"/>
        <line num="77" count="1" type="stmt"/>
        <line num="78" count="1" type="stmt"/>
        <line num="80" count="1" type="stmt"/>
        <line num="81" count="1" type="stmt"/>
        <line num="82" count="1" type="stmt"/>
        <line num="85" count="1" type="stmt"/>
        <line num="89" count="5" type="stmt"/>
        <line num="90" count="5" type="stmt"/>
        <line num="91" count="5" type="stmt"/>
        <line num="92" count="5" type="stmt"/>
        <line num="93" count="5" type="stmt"/>
        <line num="94" count="5" type="stmt"/>
        <line num="95" count="5" type="stmt"/>
        <line num="99" count="5" type="stmt"/>
        <line num="100" count="5" type="stmt"/>
        <line num="101" count="5" type="stmt"/>
        <line num="102" count="5" type="stmt"/>
        <line num="103" count="5" type="stmt"/>
        <line num="104" count="5" type="stmt"/>
        <line num="108" count="1" type="stmt"/>
        <line num="109" count="1" type="stmt"/>
        <line num="111" count="1" type="stmt"/>
        <line num="112" count="1" type="stmt"/>
        <line num="113" count="1" type="stmt"/>
        <line num="115" count="1" type="stmt"/>
        <line num="116" count="1" type="stmt"/>
        <line num="118" count="1" type="stmt"/>
        <line num="119" count="1" type="stmt"/>
        <line num="121" count="1" type="stmt"/>
        <line num="122" count="1" type="stmt"/>
        <line num="123" count="1" type="stmt"/>
        <line num="125" count="1" type="stmt"/>
        <line num="126" count="1" type="stmt"/>
        <line num="127" count="1" type="stmt"/>
        <line num="128" count="1" type="stmt"/>
        <line num="137" count="2" type="stmt"/>
        <line num="138" count="2" type="stmt"/>
        <line num="141" count="2" type="stmt"/>
        <line num="142" count="2" type="stmt"/>
        <line num="143" count="2" type="stmt"/>
        <line num="144" count="2" type="stmt"/>
        <line num="145" count="2" type="stmt"/>
        <line num="147" count="2" type="stmt"/>
        <line num="148" count="2" type="stmt"/>
        <line num="149" count="2" type="stmt"/>
        <line num="153" count="0" type="stmt"/>
        <line num="154" count="0" type="stmt"/>
        <line num="155" count="0" type="cond" truecount="0" falsecount="4"/>
        <line num="156" count="0" type="stmt"/>
        <line num="161" count="0" type="stmt"/>
        <line num="163" count="0" type="stmt"/>
        <line num="164" count="0" type="stmt"/>
        <line num="165" count="0" type="stmt"/>
        <line num="166" count="0" type="stmt"/>
        <line num="167" count="0" type="cond" truecount="0" falsecount="2"/>
        <line num="168" count="0" type="cond" truecount="0" falsecount="2"/>
        <line num="170" count="0" type="cond" truecount="0" falsecount="2"/>
        <line num="171" count="0" type="stmt"/>
        <line num="172" count="0" type="stmt"/>
        <line num="174" count="0" type="cond" truecount="0" falsecount="5"/>
        <line num="175" count="0" type="stmt"/>
        <line num="176" count="0" type="stmt"/>
        <line num="178" count="0" type="cond" truecount="0" falsecount="4"/>
        <line num="179" count="0" type="stmt"/>
        <line num="180" count="0" type="stmt"/>
        <line num="183" count="0" type="stmt"/>
        <line num="184" count="0" type="stmt"/>
      </file>
    </package>
    <package name="utils">
      <metrics statements="239" coveredstatements="229" conditionals="189" coveredconditionals="170" methods="51" coveredmethods="49"/>
      <file name="csv-parser.ts" path="S:\Pedro\Projects\ChartIt\src\utils\csv-parser.ts">
        <metrics statements="156" coveredstatements="146" conditionals="110" coveredconditionals="95" methods="22" coveredmethods="21"/>
        <line num="19" count="95" type="stmt"/>
        <line num="20" count="95" type="stmt"/>
        <line num="21" count="95" type="stmt"/>
        <line num="23" count="95" type="stmt"/>
        <line num="24" count="1834" type="stmt"/>
        <line num="25" count="1834" type="cond" truecount="2" falsecount="0"/>
        <line num="26" count="80" type="cond" truecount="2" falsecount="0"/>
        <line num="27" count="6" type="cond" truecount="3" falsecount="1"/>
        <line num="28" count="0" type="stmt"/>
        <line num="29" count="0" type="stmt"/>
        <line num="31" count="6" type="stmt"/>
        <line num="34" count="74" type="stmt"/>
        <line num="37" count="1754" type="cond" truecount="2" falsecount="0"/>
        <line num="38" count="6" type="stmt"/>
        <line num="39" count="1748" type="cond" truecount="2" falsecount="0"/>
        <line num="40" count="222" type="stmt"/>
        <line num="41" count="222" type="stmt"/>
        <line num="43" count="1526" type="stmt"/>
        <line num="47" count="95" type="stmt"/>
        <line num="48" count="95" type="stmt"/>
        <line num="52" count="68" type="stmt"/>
        <line num="54" count="33" type="stmt"/>
        <line num="55" count="49" type="stmt"/>
        <line num="57" count="21" type="cond" truecount="4" falsecount="0"/>
        <line num="58" count="3" type="stmt"/>
        <line num="63" count="43" type="stmt"/>
        <line num="64" count="58" type="stmt"/>
        <line num="65" count="61" type="stmt"/>
        <line num="66" count="61" type="stmt"/>
        <line num="68" count="18" type="cond" truecount="4" falsecount="0"/>
        <line num="69" count="7" type="stmt"/>
        <line num="71" count="11" type="cond" truecount="2" falsecount="0"/>
        <line num="72" count="10" type="stmt"/>
        <line num="74" count="1" type="cond" truecount="1" falsecount="1"/>
        <line num="75" count="1" type="stmt"/>
        <line num="78" count="0" type="stmt"/>
        <line num="84" count="31" type="cond" truecount="2" falsecount="0"/>
        <line num="88" count="6" type="stmt"/>
        <line num="89" count="6" type="stmt"/>
        <line num="90" count="6" type="cond" truecount="2" falsecount="0"/>
        <line num="91" count="1" type="stmt"/>
        <line num="93" count="5" type="stmt"/>
        <line num="97" count="25" type="stmt"/>
        <line num="98" count="102" type="stmt"/>
        <line num="100" count="25" type="cond" truecount="1" falsecount="1"/>
        <line num="101" count="0" type="stmt"/>
        <line num="104" count="25" type="stmt"/>
        <line num="107" count="25" type="cond" truecount="2" falsecount="0"/>
        <line num="108" count="13" type="stmt"/>
        <line num="110" count="4" type="stmt"/>
        <line num="111" count="4" type="stmt"/>
        <line num="112" count="4" type="stmt"/>
        <line num="114" count="4" type="stmt"/>
        <line num="115" count="4" type="cond" truecount="2" falsecount="0"/>
        <line num="116" count="4" type="cond" truecount="2" falsecount="0"/>
        <line num="117" count="4" type="cond" truecount="2" falsecount="0"/>
        <line num="120" count="4" type="cond" truecount="2" falsecount="0"/>
        <line num="121" count="1" type="stmt"/>
        <line num="122" count="1" type="cond" truecount="1" falsecount="1"/>
        <line num="125" count="4" type="cond" truecount="2" falsecount="0"/>
        <line num="126" count="1" type="stmt"/>
        <line num="131" count="3" type="cond" truecount="2" falsecount="0"/>
        <line num="132" count="4" type="stmt"/>
        <line num="133" count="4" type="cond" truecount="2" falsecount="0"/>
        <line num="134" count="1" type="stmt"/>
        <line num="137" count="21" type="stmt"/>
        <line num="140" count="21" type="stmt"/>
        <line num="141" count="21" type="cond" truecount="1" falsecount="1"/>
        <line num="142" count="0" type="stmt"/>
        <line num="152" count="21" type="stmt"/>
        <line num="154" count="21" type="stmt"/>
        <line num="155" count="65" type="stmt"/>
        <line num="156" count="65" type="cond" truecount="1" falsecount="1"/>
        <line num="157" count="65" type="cond" truecount="1" falsecount="1"/>
        <line num="158" count="65" type="cond" truecount="2" falsecount="2"/>
        <line num="160" count="65" type="cond" truecount="4" falsecount="0"/>
        <line num="164" count="65" type="stmt"/>
        <line num="167" count="21" type="cond" truecount="2" falsecount="0"/>
        <line num="168" count="1" type="stmt"/>
        <line num="172" count="20" type="cond" truecount="2" falsecount="0"/>
        <line num="173" count="8" type="stmt"/>
        <line num="175" count="12" type="stmt"/>
        <line num="180" count="8" type="stmt"/>
        <line num="181" count="8" type="stmt"/>
        <line num="182" count="28" type="stmt"/>
        <line num="186" count="8" type="stmt"/>
        <line num="187" count="8" type="stmt"/>
        <line num="188" count="27" type="cond" truecount="2" falsecount="0"/>
        <line num="189" count="9" type="stmt"/>
        <line num="190" count="18" type="cond" truecount="2" falsecount="0"/>
        <line num="191" count="1" type="stmt"/>
        <line num="195" count="7" type="cond" truecount="1" falsecount="1"/>
        <line num="196" count="0" type="stmt"/>
        <line num="198" count="7" type="cond" truecount="2" falsecount="0"/>
        <line num="199" count="2" type="stmt"/>
        <line num="203" count="6" type="stmt"/>
        <line num="205" count="6" type="stmt"/>
        <line num="206" count="6" type="stmt"/>
        <line num="207" count="22" type="cond" truecount="2" falsecount="0"/>
        <line num="208" count="16" type="cond" truecount="2" falsecount="0"/>
        <line num="209" count="16" type="stmt"/>
        <line num="210" count="16" type="stmt"/>
        <line num="214" count="6" type="stmt"/>
        <line num="216" count="22" type="stmt"/>
        <line num="217" count="22" type="stmt"/>
        <line num="218" count="22" type="stmt"/>
        <line num="219" count="22" type="stmt"/>
        <line num="220" count="22" type="cond" truecount="4" falsecount="0"/>
        <line num="221" count="12" type="stmt"/>
        <line num="223" count="22" type="stmt"/>
        <line num="226" count="6" type="stmt"/>
        <line num="227" count="6" type="stmt"/>
        <line num="231" count="12" type="stmt"/>
        <line num="232" count="12" type="stmt"/>
        <line num="233" count="36" type="stmt"/>
        <line num="236" count="12" type="stmt"/>
        <line num="237" count="12" type="stmt"/>
        <line num="238" count="36" type="cond" truecount="2" falsecount="0"/>
        <line num="239" count="12" type="stmt"/>
        <line num="240" count="24" type="cond" truecount="1" falsecount="1"/>
        <line num="241" count="0" type="stmt"/>
        <line num="245" count="12" type="cond" truecount="1" falsecount="1"/>
        <line num="246" count="0" type="stmt"/>
        <line num="248" count="12" type="cond" truecount="1" falsecount="1"/>
        <line num="249" count="0" type="stmt"/>
        <line num="252" count="12" type="stmt"/>
        <line num="254" count="12" type="stmt"/>
        <line num="255" count="12" type="stmt"/>
        <line num="256" count="36" type="cond" truecount="2" falsecount="0"/>
        <line num="257" count="24" type="cond" truecount="2" falsecount="0"/>
        <line num="258" count="24" type="stmt"/>
        <line num="259" count="24" type="stmt"/>
        <line num="263" count="12" type="stmt"/>
        <line num="265" count="36" type="stmt"/>
        <line num="266" count="36" type="stmt"/>
        <line num="267" count="36" type="stmt"/>
        <line num="268" count="36" type="stmt"/>
        <line num="269" count="36" type="cond" truecount="4" falsecount="0"/>
        <line num="270" count="24" type="stmt"/>
        <line num="272" count="36" type="stmt"/>
        <line num="275" count="12" type="stmt"/>
        <line num="276" count="12" type="stmt"/>
        <line num="283" count="18" type="stmt"/>
        <line num="284" count="18" type="stmt"/>
        <line num="285" count="58" type="cond" truecount="2" falsecount="0"/>
        <line num="286" count="58" type="cond" truecount="2" falsecount="0"/>
        <line num="287" count="40" type="stmt"/>
        <line num="291" count="18" type="stmt"/>
        <line num="292" count="58" type="cond" truecount="2" falsecount="0"/>
        <line num="293" count="58" type="stmt"/>
        <line num="294" count="58" type="stmt"/>
        <line num="295" count="58" type="cond" truecount="2" falsecount="0"/>
        <line num="296" count="60" type="cond" truecount="1" falsecount="1"/>
        <line num="297" count="0" type="stmt"/>
        <line num="299" count="60" type="stmt"/>
        <line num="300" count="60" type="stmt"/>
      </file>
      <file name="id.ts" path="S:\Pedro\Projects\ChartIt\src\utils\id.ts">
        <metrics statements="1" coveredstatements="1" conditionals="0" coveredconditionals="0" methods="1" coveredmethods="1"/>
        <line num="2" count="118" type="stmt"/>
      </file>
      <file name="search.ts" path="S:\Pedro\Projects\ChartIt\src\utils\search.ts">
        <metrics statements="21" coveredstatements="21" conditionals="20" coveredconditionals="20" methods="7" coveredmethods="7"/>
        <line num="16" count="10" type="stmt"/>
        <line num="17" count="10" type="cond" truecount="2" falsecount="0"/>
        <line num="19" count="8" type="stmt"/>
        <line num="20" count="8" type="stmt"/>
        <line num="22" count="8" type="stmt"/>
        <line num="24" count="38" type="stmt"/>
        <line num="25" count="38" type="stmt"/>
        <line num="26" count="38" type="cond" truecount="4" falsecount="0"/>
        <line num="29" count="10" type="cond" truecount="6" falsecount="0"/>
        <line num="31" count="38" type="stmt"/>
        <line num="33" count="38" type="stmt"/>
        <line num="41" count="2" type="stmt"/>
        <line num="52" count="3" type="cond" truecount="2" falsecount="0"/>
        <line num="54" count="2" type="stmt"/>
        <line num="57" count="12" type="stmt"/>
        <line num="58" count="12" type="cond" truecount="2" falsecount="0"/>
        <line num="59" count="10" type="cond" truecount="2" falsecount="0"/>
        <line num="61" count="12" type="cond" truecount="2" falsecount="0"/>
        <line num="62" count="12" type="stmt"/>
        <line num="65" count="2" type="stmt"/>
        <line num="66" count="2" type="stmt"/>
      </file>
      <file name="shortcuts.ts" path="S:\Pedro\Projects\ChartIt\src\utils\shortcuts.ts">
        <metrics statements="22" coveredstatements="22" conditionals="23" coveredconditionals="20" methods="8" coveredmethods="7"/>
        <line num="11" count="13" type="stmt"/>
        <line num="12" count="13" type="stmt"/>
        <line num="15" count="78" type="stmt"/>
        <line num="19" count="14" type="stmt"/>
        <line num="23" count="3" type="stmt"/>
        <line num="27" count="2" type="stmt"/>
        <line num="28" count="2" type="cond" truecount="2" falsecount="0"/>
        <line num="29" count="1" type="stmt"/>
        <line num="30" count="1" type="cond" truecount="1" falsecount="1"/>
        <line num="31" count="1" type="cond" truecount="1" falsecount="1"/>
        <line num="32" count="1" type="cond" truecount="1" falsecount="1"/>
        <line num="33" count="1" type="stmt"/>
        <line num="34" count="1" type="stmt"/>
        <line num="38" count="78" type="cond" truecount="2" falsecount="0"/>
        <line num="41" count="73" type="stmt"/>
        <line num="42" count="73" type="cond" truecount="5" falsecount="0"/>
        <line num="44" count="21" type="cond" truecount="2" falsecount="0"/>
        <line num="47" count="60" type="stmt"/>
        <line num="48" count="71" type="cond" truecount="2" falsecount="0"/>
        <line num="54" count="13" type="stmt"/>
        <line num="55" count="13" type="stmt"/>
        <line num="56" count="13" type="stmt"/>
      </file>
      <file name="tree.ts" path="S:\Pedro\Projects\ChartIt\src\utils\tree.ts">
        <metrics statements="39" coveredstatements="39" conditionals="36" coveredconditionals="35" methods="13" coveredmethods="13"/>
        <line num="4" count="200" type="cond" truecount="2" falsecount="0"/>
        <line num="5" count="83" type="cond" truecount="2" falsecount="0"/>
        <line num="6" count="79" type="stmt"/>
        <line num="7" count="79" type="cond" truecount="2" falsecount="0"/>
        <line num="9" count="35" type="stmt"/>
        <line num="13" count="33" type="cond" truecount="2" falsecount="0"/>
        <line num="14" count="30" type="cond" truecount="2" falsecount="0"/>
        <line num="15" count="17" type="stmt"/>
        <line num="16" count="17" type="cond" truecount="2" falsecount="0"/>
        <line num="18" count="14" type="stmt"/>
        <line num="22" count="92" type="stmt"/>
        <line num="29" count="352" type="stmt"/>
        <line num="30" count="352" type="cond" truecount="5" falsecount="0"/>
        <line num="31" count="132" type="stmt"/>
        <line num="32" count="278" type="stmt"/>
        <line num="35" count="352" type="stmt"/>
        <line num="39" count="157" type="stmt"/>
        <line num="40" count="157" type="cond" truecount="2" falsecount="0"/>
        <line num="41" count="108" type="stmt"/>
        <line num="43" count="157" type="stmt"/>
        <line num="47" count="541" type="cond" truecount="2" falsecount="0"/>
        <line num="51" count="138" type="cond" truecount="4" falsecount="0"/>
        <line num="52" count="137" type="stmt"/>
        <line num="59" count="75" type="stmt"/>
        <line num="60" count="75" type="stmt"/>
        <line num="63" count="147" type="stmt"/>
        <line num="64" count="147" type="cond" truecount="5" falsecount="0"/>
        <line num="65" count="12" type="stmt"/>
        <line num="67" count="135" type="cond" truecount="2" falsecount="0"/>
        <line num="68" count="147" type="stmt"/>
        <line num="69" count="76" type="stmt"/>
        <line num="72" count="59" type="stmt"/>
        <line num="73" count="136" type="stmt"/>
        <line num="74" count="59" type="cond" truecount="2" falsecount="0"/>
        <line num="75" count="64" type="stmt"/>
        <line num="77" count="59" type="cond" truecount="1" falsecount="1"/>
        <line num="78" count="59" type="stmt"/>
        <line num="80" count="59" type="stmt"/>
        <line num="83" count="75" type="stmt"/>
      </file>
    </package>
  </project>
</coverage>
