{"S:\\Pedro\\Projects\\ChartIt\\src\\editor\\form-editor.ts": {"path":"S:\\Pedro\\Projects\\ChartIt\\src\\editor\\form-editor.ts","statementMap":{"0":{"start":{"line":9,"column":42},"end":{"line":9,"column":null}},"1":{"start":{"line":10,"column":66},"end":{"line":10,"column":null}},"2":{"start":{"line":21,"column":4},"end":{"line":21,"column":null}},"3":{"start":{"line":22,"column":4},"end":{"line":22,"column":null}},"4":{"start":{"line":23,"column":4},"end":{"line":23,"column":null}},"5":{"start":{"line":27,"column":4},"end":{"line":27,"column":null}},"6":{"start":{"line":28,"column":4},"end":{"line":28,"column":null}},"7":{"start":{"line":29,"column":4},"end":{"line":29,"column":null}},"8":{"start":{"line":33,"column":4},"end":{"line":33,"column":null}},"9":{"start":{"line":34,"column":4},"end":{"line":36,"column":null}},"10":{"start":{"line":35,"column":6},"end":{"line":35,"column":null}},"11":{"start":{"line":40,"column":4},"end":{"line":40,"column":null}},"12":{"start":{"line":44,"column":4},"end":{"line":44,"column":null}},"13":{"start":{"line":48,"column":4},"end":{"line":48,"column":null}},"14":{"start":{"line":51,"column":23},"end":{"line":51,"column":null}},"15":{"start":{"line":52,"column":4},"end":{"line":52,"column":null}},"16":{"start":{"line":53,"column":4},"end":{"line":54,"column":null}},"17":{"start":{"line":55,"column":4},"end":{"line":55,"column":null}},"18":{"start":{"line":58,"column":24},"end":{"line":58,"column":null}},"19":{"start":{"line":59,"column":4},"end":{"line":59,"column":null}},"20":{"start":{"line":60,"column":4},"end":{"line":60,"column":null}},"21":{"start":{"line":61,"column":4},"end":{"line":61,"column":null}},"22":{"start":{"line":62,"column":4},"end":{"line":62,"column":null}},"23":{"start":{"line":65,"column":22},"end":{"line":65,"column":null}},"24":{"start":{"line":66,"column":4},"end":{"line":66,"column":null}},"25":{"start":{"line":67,"column":4},"end":{"line":67,"column":null}},"26":{"start":{"line":68,"column":4},"end":{"line":68,"column":null}},"27":{"start":{"line":69,"column":4},"end":{"line":69,"column":null}},"28":{"start":{"line":70,"column":4},"end":{"line":70,"column":null}},"29":{"start":{"line":73,"column":23},"end":{"line":73,"column":null}},"30":{"start":{"line":74,"column":4},"end":{"line":74,"column":null}},"31":{"start":{"line":75,"column":4},"end":{"line":75,"column":null}},"32":{"start":{"line":76,"column":4},"end":{"line":76,"column":null}},"33":{"start":{"line":77,"column":4},"end":{"line":77,"column":null}},"34":{"start":{"line":78,"column":4},"end":{"line":78,"column":null}},"35":{"start":{"line":81,"column":19},"end":{"line":81,"column":null}},"36":{"start":{"line":82,"column":4},"end":{"line":82,"column":null}},"37":{"start":{"line":83,"column":4},"end":{"line":83,"column":null}},"38":{"start":{"line":84,"column":4},"end":{"line":84,"column":null}},"39":{"start":{"line":85,"column":4},"end":{"line":85,"column":null}},"40":{"start":{"line":85,"column":43},"end":{"line":85,"column":59}},"41":{"start":{"line":86,"column":4},"end":{"line":86,"column":null}},"42":{"start":{"line":89,"column":4},"end":{"line":89,"column":null}},"43":{"start":{"line":90,"column":4},"end":{"line":90,"column":null}},"44":{"start":{"line":92,"column":4},"end":{"line":92,"column":null}},"45":{"start":{"line":96,"column":18},"end":{"line":96,"column":null}},"46":{"start":{"line":97,"column":4},"end":{"line":97,"column":null}},"47":{"start":{"line":98,"column":18},"end":{"line":98,"column":null}},"48":{"start":{"line":99,"column":4},"end":{"line":99,"column":null}},"49":{"start":{"line":100,"column":4},"end":{"line":100,"column":null}},"50":{"start":{"line":101,"column":4},"end":{"line":101,"column":null}},"51":{"start":{"line":105,"column":4},"end":{"line":105,"column":null}},"52":{"start":{"line":106,"column":10},"end":{"line":106,"column":null}},"53":{"start":{"line":107,"column":4},"end":{"line":112,"column":null}},"54":{"start":{"line":108,"column":21},"end":{"line":108,"column":null}},"55":{"start":{"line":109,"column":6},"end":{"line":109,"column":null}},"56":{"start":{"line":110,"column":6},"end":{"line":110,"column":null}},"57":{"start":{"line":111,"column":6},"end":{"line":111,"column":null}},"58":{"start":{"line":116,"column":21},"end":{"line":116,"column":null}},"59":{"start":{"line":117,"column":17},"end":{"line":117,"column":null}},"60":{"start":{"line":118,"column":18},"end":{"line":118,"column":null}},"61":{"start":{"line":120,"column":4},"end":{"line":120,"column":null}},"62":{"start":{"line":121,"column":4},"end":{"line":121,"column":null}},"63":{"start":{"line":122,"column":4},"end":{"line":122,"column":null}},"64":{"start":{"line":123,"column":4},"end":{"line":123,"column":null}},"65":{"start":{"line":127,"column":4},"end":{"line":127,"column":null}},"66":{"start":{"line":129,"column":4},"end":{"line":129,"column":null}},"67":{"start":{"line":129,"column":30},"end":{"line":129,"column":null}},"68":{"start":{"line":131,"column":17},"end":{"line":131,"column":null}},"69":{"start":{"line":132,"column":10},"end":{"line":132,"column":null}},"70":{"start":{"line":133,"column":17},"end":{"line":133,"column":null}},"71":{"start":{"line":133,"column":38},"end":{"line":133,"column":66}},"72":{"start":{"line":134,"column":4},"end":{"line":134,"column":null}},"73":{"start":{"line":134,"column":15},"end":{"line":134,"column":null}},"74":{"start":{"line":136,"column":19},"end":{"line":136,"column":null}},"75":{"start":{"line":138,"column":20},"end":{"line":138,"column":null}},"76":{"start":{"line":139,"column":4},"end":{"line":139,"column":null}},"77":{"start":{"line":140,"column":4},"end":{"line":141,"column":null}},"78":{"start":{"line":142,"column":4},"end":{"line":142,"column":null}},"79":{"start":{"line":145,"column":22},"end":{"line":145,"column":null}},"80":{"start":{"line":146,"column":26},"end":{"line":146,"column":null}},"81":{"start":{"line":147,"column":4},"end":{"line":147,"column":null}},"82":{"start":{"line":148,"column":4},"end":{"line":148,"column":null}},"83":{"start":{"line":149,"column":4},"end":{"line":149,"column":null}},"84":{"start":{"line":150,"column":4},"end":{"line":150,"column":null}},"85":{"start":{"line":151,"column":4},"end":{"line":151,"column":null}},"86":{"start":{"line":154,"column":23},"end":{"line":154,"column":null}},"87":{"start":{"line":155,"column":27},"end":{"line":155,"column":null}},"88":{"start":{"line":156,"column":4},"end":{"line":156,"column":null}},"89":{"start":{"line":157,"column":4},"end":{"line":157,"column":null}},"90":{"start":{"line":158,"column":4},"end":{"line":158,"column":null}},"91":{"start":{"line":159,"column":4},"end":{"line":159,"column":null}},"92":{"start":{"line":160,"column":4},"end":{"line":160,"column":null}},"93":{"start":{"line":163,"column":21},"end":{"line":163,"column":null}},"94":{"start":{"line":164,"column":4},"end":{"line":164,"column":null}},"95":{"start":{"line":166,"column":20},"end":{"line":166,"column":null}},"96":{"start":{"line":167,"column":4},"end":{"line":167,"column":null}},"97":{"start":{"line":168,"column":4},"end":{"line":168,"column":null}},"98":{"start":{"line":169,"column":4},"end":{"line":169,"column":null}},"99":{"start":{"line":170,"column":4},"end":{"line":175,"column":null}},"100":{"start":{"line":171,"column":6},"end":{"line":174,"column":null}},"101":{"start":{"line":176,"column":4},"end":{"line":176,"column":null}},"102":{"start":{"line":178,"column":4},"end":{"line":188,"column":null}},"103":{"start":{"line":179,"column":24},"end":{"line":179,"column":null}},"104":{"start":{"line":180,"column":6},"end":{"line":180,"column":null}},"105":{"start":{"line":181,"column":6},"end":{"line":181,"column":null}},"106":{"start":{"line":182,"column":6},"end":{"line":182,"column":null}},"107":{"start":{"line":183,"column":6},"end":{"line":186,"column":null}},"108":{"start":{"line":184,"column":8},"end":{"line":184,"column":null}},"109":{"start":{"line":185,"column":8},"end":{"line":185,"column":null}},"110":{"start":{"line":187,"column":6},"end":{"line":187,"column":null}},"111":{"start":{"line":190,"column":22},"end":{"line":190,"column":null}},"112":{"start":{"line":191,"column":4},"end":{"line":191,"column":null}},"113":{"start":{"line":192,"column":4},"end":{"line":192,"column":null}},"114":{"start":{"line":193,"column":4},"end":{"line":193,"column":null}},"115":{"start":{"line":194,"column":4},"end":{"line":196,"column":null}},"116":{"start":{"line":195,"column":6},"end":{"line":195,"column":null}},"117":{"start":{"line":197,"column":4},"end":{"line":197,"column":null}},"118":{"start":{"line":199,"column":4},"end":{"line":199,"column":null}}},"fnMap":{"0":{"name":"(anonymous_0)","decl":{"start":{"line":20,"column":2},"end":{"line":20,"column":14}},"loc":{"start":{"line":20,"column":55},"end":{"line":24,"column":null}},"line":20},"1":{"name":"(anonymous_1)","decl":{"start":{"line":26,"column":2},"end":{"line":26,"column":13}},"loc":{"start":{"line":26,"column":42},"end":{"line":30,"column":null}},"line":26},"2":{"name":"(anonymous_2)","decl":{"start":{"line":32,"column":2},"end":{"line":32,"column":18}},"loc":{"start":{"line":32,"column":18},"end":{"line":37,"column":null}},"line":32},"3":{"name":"(anonymous_3)","decl":{"start":{"line":39,"column":2},"end":{"line":39,"column":28}},"loc":{"start":{"line":39,"column":67},"end":{"line":41,"column":null}},"line":39},"4":{"name":"(anonymous_4)","decl":{"start":{"line":43,"column":2},"end":{"line":43,"column":18}},"loc":{"start":{"line":43,"column":18},"end":{"line":45,"column":null}},"line":43},"5":{"name":"(anonymous_5)","decl":{"start":{"line":47,"column":10},"end":{"line":47,"column":24}},"loc":{"start":{"line":47,"column":24},"end":{"line":93,"column":null}},"line":47},"6":{"name":"(anonymous_6)","decl":{"start":{"line":85,"column":37},"end":{"line":85,"column":43}},"loc":{"start":{"line":85,"column":43},"end":{"line":85,"column":59}},"line":85},"7":{"name":"(anonymous_7)","decl":{"start":{"line":95,"column":10},"end":{"line":95,"column":26}},"loc":{"start":{"line":95,"column":61},"end":{"line":102,"column":null}},"line":95},"8":{"name":"(anonymous_8)","decl":{"start":{"line":104,"column":10},"end":{"line":104,"column":41}},"loc":{"start":{"line":104,"column":41},"end":{"line":113,"column":null}},"line":104},"9":{"name":"(anonymous_9)","decl":{"start":{"line":115,"column":10},"end":{"line":115,"column":28}},"loc":{"start":{"line":115,"column":28},"end":{"line":124,"column":null}},"line":115},"10":{"name":"(anonymous_10)","decl":{"start":{"line":126,"column":10},"end":{"line":126,"column":36}},"loc":{"start":{"line":126,"column":36},"end":{"line":200,"column":null}},"line":126},"11":{"name":"(anonymous_11)","decl":{"start":{"line":133,"column":31},"end":{"line":133,"column":32}},"loc":{"start":{"line":133,"column":38},"end":{"line":133,"column":66}},"line":133},"12":{"name":"(anonymous_12)","decl":{"start":{"line":170,"column":38},"end":{"line":170,"column":44}},"loc":{"start":{"line":170,"column":44},"end":{"line":175,"column":5}},"line":170},"13":{"name":"(anonymous_13)","decl":{"start":{"line":183,"column":42},"end":{"line":183,"column":48}},"loc":{"start":{"line":183,"column":48},"end":{"line":186,"column":7}},"line":183},"14":{"name":"(anonymous_14)","decl":{"start":{"line":194,"column":40},"end":{"line":194,"column":46}},"loc":{"start":{"line":194,"column":46},"end":{"line":196,"column":5}},"line":194}},"branchMap":{"0":{"loc":{"start":{"line":34,"column":4},"end":{"line":36,"column":null}},"type":"if","locations":[{"start":{"line":34,"column":4},"end":{"line":36,"column":null}},{"start":{},"end":{}}],"line":34},"1":{"loc":{"start":{"line":129,"column":4},"end":{"line":129,"column":null}},"type":"if","locations":[{"start":{"line":129,"column":4},"end":{"line":129,"column":null}},{"start":{},"end":{}}],"line":129},"2":{"loc":{"start":{"line":134,"column":4},"end":{"line":134,"column":null}},"type":"if","locations":[{"start":{"line":134,"column":4},"end":{"line":134,"column":null}},{"start":{},"end":{}}],"line":134},"3":{"loc":{"start":{"line":178,"column":4},"end":{"line":188,"column":null}},"type":"if","locations":[{"start":{"line":178,"column":4},"end":{"line":188,"column":null}},{"start":{},"end":{}}],"line":178}},"s":{"0":13,"1":13,"2":13,"3":13,"4":13,"5":9,"6":9,"7":9,"8":1,"9":1,"10":0,"11":2,"12":14,"13":13,"14":13,"15":13,"16":13,"17":13,"18":13,"19":13,"20":13,"21":13,"22":13,"23":13,"24":13,"25":13,"26":13,"27":13,"28":13,"29":13,"30":13,"31":13,"32":13,"33":13,"34":13,"35":13,"36":13,"37":13,"38":13,"39":13,"40":2,"41":13,"42":13,"43":13,"44":13,"45":51,"46":51,"47":51,"48":51,"49":51,"50":51,"51":16,"52":16,"53":16,"54":51,"55":51,"56":51,"57":51,"58":2,"59":2,"60":2,"61":2,"62":2,"63":2,"64":2,"65":9,"66":9,"67":3,"68":6,"69":6,"70":6,"71":11,"72":6,"73":0,"74":6,"75":6,"76":6,"77":6,"78":6,"79":6,"80":6,"81":6,"82":6,"83":6,"84":6,"85":6,"86":6,"87":6,"88":6,"89":6,"90":6,"91":6,"92":6,"93":6,"94":6,"95":6,"96":6,"97":6,"98":6,"99":6,"100":1,"101":6,"102":6,"103":5,"104":5,"105":5,"106":5,"107":5,"108":1,"109":1,"110":5,"111":6,"112":6,"113":6,"114":6,"115":6,"116":1,"117":6,"118":6},"f":{"0":13,"1":9,"2":1,"3":2,"4":14,"5":13,"6":2,"7":51,"8":16,"9":2,"10":9,"11":11,"12":1,"13":1,"14":1},"b":{"0":[0,1],"1":[3,6],"2":[0,6],"3":[5,1]},"meta":{"lastBranch":4,"lastFunction":15,"lastStatement":119,"seen":{"s:9:42:9:Infinity":0,"s:10:66:10:Infinity":1,"f:20:2:20:14":0,"s:21:4:21:Infinity":2,"s:22:4:22:Infinity":3,"s:23:4:23:Infinity":4,"f:26:2:26:13":1,"s:27:4:27:Infinity":5,"s:28:4:28:Infinity":6,"s:29:4:29:Infinity":7,"f:32:2:32:18":2,"s:33:4:33:Infinity":8,"b:34:4:36:Infinity:undefined:undefined:undefined:undefined":0,"s:34:4:36:Infinity":9,"s:35:6:35:Infinity":10,"f:39:2:39:28":3,"s:40:4:40:Infinity":11,"f:43:2:43:18":4,"s:44:4:44:Infinity":12,"f:47:10:47:24":5,"s:48:4:48:Infinity":13,"s:51:23:51:Infinity":14,"s:52:4:52:Infinity":15,"s:53:4:54:Infinity":16,"s:55:4:55:Infinity":17,"s:58:24:58:Infinity":18,"s:59:4:59:Infinity":19,"s:60:4:60:Infinity":20,"s:61:4:61:Infinity":21,"s:62:4:62:Infinity":22,"s:65:22:65:Infinity":23,"s:66:4:66:Infinity":24,"s:67:4:67:Infinity":25,"s:68:4:68:Infinity":26,"s:69:4:69:Infinity":27,"s:70:4:70:Infinity":28,"s:73:23:73:Infinity":29,"s:74:4:74:Infinity":30,"s:75:4:75:Infinity":31,"s:76:4:76:Infinity":32,"s:77:4:77:Infinity":33,"s:78:4:78:Infinity":34,"s:81:19:81:Infinity":35,"s:82:4:82:Infinity":36,"s:83:4:83:Infinity":37,"s:84:4:84:Infinity":38,"s:85:4:85:Infinity":39,"f:85:37:85:43":6,"s:85:43:85:59":40,"s:86:4:86:Infinity":41,"s:89:4:89:Infinity":42,"s:90:4:90:Infinity":43,"s:92:4:92:Infinity":44,"f:95:10:95:26":7,"s:96:18:96:Infinity":45,"s:97:4:97:Infinity":46,"s:98:18:98:Infinity":47,"s:99:4:99:Infinity":48,"s:100:4:100:Infinity":49,"s:101:4:101:Infinity":50,"f:104:10:104:41":8,"s:105:4:105:Infinity":51,"s:106:10:106:Infinity":52,"s:107:4:112:Infinity":53,"s:108:21:108:Infinity":54,"s:109:6:109:Infinity":55,"s:110:6:110:Infinity":56,"s:111:6:111:Infinity":57,"f:115:10:115:28":9,"s:116:21:116:Infinity":58,"s:117:17:117:Infinity":59,"s:118:18:118:Infinity":60,"s:120:4:120:Infinity":61,"s:121:4:121:Infinity":62,"s:122:4:122:Infinity":63,"s:123:4:123:Infinity":64,"f:126:10:126:36":10,"s:127:4:127:Infinity":65,"b:129:4:129:Infinity:undefined:undefined:undefined:undefined":1,"s:129:4:129:Infinity":66,"s:129:30:129:Infinity":67,"s:131:17:131:Infinity":68,"s:132:10:132:Infinity":69,"s:133:17:133:Infinity":70,"f:133:31:133:32":11,"s:133:38:133:66":71,"b:134:4:134:Infinity:undefined:undefined:undefined:undefined":2,"s:134:4:134:Infinity":72,"s:134:15:134:Infinity":73,"s:136:19:136:Infinity":74,"s:138:20:138:Infinity":75,"s:139:4:139:Infinity":76,"s:140:4:141:Infinity":77,"s:142:4:142:Infinity":78,"s:145:22:145:Infinity":79,"s:146:26:146:Infinity":80,"s:147:4:147:Infinity":81,"s:148:4:148:Infinity":82,"s:149:4:149:Infinity":83,"s:150:4:150:Infinity":84,"s:151:4:151:Infinity":85,"s:154:23:154:Infinity":86,"s:155:27:155:Infinity":87,"s:156:4:156:Infinity":88,"s:157:4:157:Infinity":89,"s:158:4:158:Infinity":90,"s:159:4:159:Infinity":91,"s:160:4:160:Infinity":92,"s:163:21:163:Infinity":93,"s:164:4:164:Infinity":94,"s:166:20:166:Infinity":95,"s:167:4:167:Infinity":96,"s:168:4:168:Infinity":97,"s:169:4:169:Infinity":98,"s:170:4:175:Infinity":99,"f:170:38:170:44":12,"s:171:6:174:Infinity":100,"s:176:4:176:Infinity":101,"b:178:4:188:Infinity:undefined:undefined:undefined:undefined":3,"s:178:4:188:Infinity":102,"s:179:24:179:Infinity":103,"s:180:6:180:Infinity":104,"s:181:6:181:Infinity":105,"s:182:6:182:Infinity":106,"s:183:6:186:Infinity":107,"f:183:42:183:48":13,"s:184:8:184:Infinity":108,"s:185:8:185:Infinity":109,"s:187:6:187:Infinity":110,"s:190:22:190:Infinity":111,"s:191:4:191:Infinity":112,"s:192:4:192:Infinity":113,"s:193:4:193:Infinity":114,"s:194:4:196:Infinity":115,"f:194:40:194:46":14,"s:195:6:195:Infinity":116,"s:197:4:197:Infinity":117,"s:199:4:199:Infinity":118}}}
,"S:\\Pedro\\Projects\\ChartIt\\src\\editor\\import-editor.ts": {"path":"S:\\Pedro\\Projects\\ChartIt\\src\\editor\\import-editor.ts","statementMap":{"0":{"start":{"line":26,"column":47},"end":{"line":26,"column":null}},"1":{"start":{"line":27,"column":49},"end":{"line":27,"column":null}},"2":{"start":{"line":28,"column":44},"end":{"line":28,"column":null}},"3":{"start":{"line":29,"column":42},"end":{"line":29,"column":null}},"4":{"start":{"line":30,"column":47},"end":{"line":30,"column":null}},"5":{"start":{"line":33,"column":4},"end":{"line":33,"column":null}},"6":{"start":{"line":34,"column":4},"end":{"line":34,"column":null}},"7":{"start":{"line":35,"column":4},"end":{"line":35,"column":null}},"8":{"start":{"line":36,"column":4},"end":{"line":36,"column":null}},"9":{"start":{"line":40,"column":4},"end":{"line":40,"column":null}},"10":{"start":{"line":41,"column":4},"end":{"line":44,"column":null}},"11":{"start":{"line":42,"column":6},"end":{"line":42,"column":null}},"12":{"start":{"line":43,"column":6},"end":{"line":43,"column":null}},"13":{"start":{"line":45,"column":4},"end":{"line":45,"column":null}},"14":{"start":{"line":49,"column":4},"end":{"line":49,"column":null}},"15":{"start":{"line":52,"column":26},"end":{"line":52,"column":null}},"16":{"start":{"line":53,"column":4},"end":{"line":53,"column":null}},"17":{"start":{"line":54,"column":4},"end":{"line":55,"column":null}},"18":{"start":{"line":56,"column":4},"end":{"line":56,"column":null}},"19":{"start":{"line":58,"column":22},"end":{"line":58,"column":null}},"20":{"start":{"line":59,"column":4},"end":{"line":59,"column":null}},"21":{"start":{"line":61,"column":4},"end":{"line":61,"column":null}},"22":{"start":{"line":62,"column":4},"end":{"line":63,"column":null}},"23":{"start":{"line":66,"column":4},"end":{"line":66,"column":null}},"24":{"start":{"line":67,"column":4},"end":{"line":67,"column":null}},"25":{"start":{"line":69,"column":22},"end":{"line":69,"column":null}},"26":{"start":{"line":70,"column":4},"end":{"line":70,"column":null}},"27":{"start":{"line":71,"column":4},"end":{"line":71,"column":null}},"28":{"start":{"line":72,"column":4},"end":{"line":72,"column":null}},"29":{"start":{"line":74,"column":23},"end":{"line":74,"column":null}},"30":{"start":{"line":75,"column":4},"end":{"line":75,"column":null}},"31":{"start":{"line":79,"column":22},"end":{"line":79,"column":null}},"32":{"start":{"line":80,"column":4},"end":{"line":80,"column":null}},"33":{"start":{"line":82,"column":27},"end":{"line":82,"column":null}},"34":{"start":{"line":84,"column":22},"end":{"line":84,"column":null}},"35":{"start":{"line":85,"column":4},"end":{"line":85,"column":null}},"36":{"start":{"line":86,"column":4},"end":{"line":86,"column":null}},"37":{"start":{"line":87,"column":4},"end":{"line":87,"column":null}},"38":{"start":{"line":89,"column":26},"end":{"line":89,"column":null}},"39":{"start":{"line":90,"column":4},"end":{"line":90,"column":null}},"40":{"start":{"line":91,"column":4},"end":{"line":91,"column":null}},"41":{"start":{"line":92,"column":4},"end":{"line":92,"column":null}},"42":{"start":{"line":94,"column":22},"end":{"line":94,"column":null}},"43":{"start":{"line":95,"column":4},"end":{"line":95,"column":null}},"44":{"start":{"line":96,"column":4},"end":{"line":96,"column":null}},"45":{"start":{"line":97,"column":4},"end":{"line":97,"column":null}},"46":{"start":{"line":99,"column":25},"end":{"line":99,"column":null}},"47":{"start":{"line":100,"column":4},"end":{"line":100,"column":null}},"48":{"start":{"line":101,"column":4},"end":{"line":101,"column":null}},"49":{"start":{"line":102,"column":4},"end":{"line":102,"column":null}},"50":{"start":{"line":104,"column":4},"end":{"line":104,"column":null}},"51":{"start":{"line":105,"column":4},"end":{"line":105,"column":null}},"52":{"start":{"line":108,"column":4},"end":{"line":108,"column":null}},"53":{"start":{"line":109,"column":4},"end":{"line":109,"column":null}},"54":{"start":{"line":110,"column":4},"end":{"line":110,"column":null}},"55":{"start":{"line":113,"column":32},"end":{"line":113,"column":null}},"56":{"start":{"line":115,"column":30},"end":{"line":164,"column":null}},"57":{"start":{"line":116,"column":6},"end":{"line":116,"column":null}},"58":{"start":{"line":117,"column":22},"end":{"line":117,"column":null}},"59":{"start":{"line":118,"column":6},"end":{"line":124,"column":null}},"60":{"start":{"line":119,"column":22},"end":{"line":119,"column":null}},"61":{"start":{"line":120,"column":8},"end":{"line":120,"column":null}},"62":{"start":{"line":121,"column":8},"end":{"line":121,"column":null}},"63":{"start":{"line":122,"column":8},"end":{"line":122,"column":null}},"64":{"start":{"line":123,"column":8},"end":{"line":123,"column":null}},"65":{"start":{"line":125,"column":6},"end":{"line":163,"column":null}},"66":{"start":{"line":126,"column":20},"end":{"line":126,"column":null}},"67":{"start":{"line":127,"column":8},"end":{"line":127,"column":null}},"68":{"start":{"line":128,"column":22},"end":{"line":128,"column":null}},"69":{"start":{"line":129,"column":8},"end":{"line":129,"column":null}},"70":{"start":{"line":130,"column":8},"end":{"line":130,"column":null}},"71":{"start":{"line":132,"column":25},"end":{"line":132,"column":null}},"72":{"start":{"line":133,"column":8},"end":{"line":133,"column":null}},"73":{"start":{"line":135,"column":26},"end":{"line":135,"column":null}},"74":{"start":{"line":136,"column":8},"end":{"line":136,"column":null}},"75":{"start":{"line":137,"column":8},"end":{"line":137,"column":null}},"76":{"start":{"line":138,"column":8},"end":{"line":138,"column":null}},"77":{"start":{"line":139,"column":8},"end":{"line":148,"column":null}},"78":{"start":{"line":140,"column":23},"end":{"line":140,"column":null}},"79":{"start":{"line":141,"column":23},"end":{"line":141,"column":null}},"80":{"start":{"line":142,"column":22},"end":{"line":142,"column":null}},"81":{"start":{"line":143,"column":20},"end":{"line":143,"column":null}},"82":{"start":{"line":144,"column":10},"end":{"line":144,"column":null}},"83":{"start":{"line":145,"column":10},"end":{"line":145,"column":null}},"84":{"start":{"line":146,"column":10},"end":{"line":146,"column":null}},"85":{"start":{"line":147,"column":10},"end":{"line":147,"column":null}},"86":{"start":{"line":150,"column":23},"end":{"line":150,"column":null}},"87":{"start":{"line":151,"column":8},"end":{"line":151,"column":null}},"88":{"start":{"line":152,"column":8},"end":{"line":152,"column":null}},"89":{"start":{"line":153,"column":8},"end":{"line":153,"column":null}},"90":{"start":{"line":154,"column":8},"end":{"line":158,"column":null}},"91":{"start":{"line":155,"column":10},"end":{"line":155,"column":null}},"92":{"start":{"line":156,"column":10},"end":{"line":156,"column":null}},"93":{"start":{"line":157,"column":10},"end":{"line":157,"column":null}},"94":{"start":{"line":160,"column":8},"end":{"line":160,"column":null}},"95":{"start":{"line":161,"column":8},"end":{"line":161,"column":null}},"96":{"start":{"line":162,"column":8},"end":{"line":162,"column":null}},"97":{"start":{"line":166,"column":4},"end":{"line":166,"column":null}},"98":{"start":{"line":170,"column":4},"end":{"line":185,"column":null}},"99":{"start":{"line":171,"column":6},"end":{"line":171,"column":null}},"100":{"start":{"line":172,"column":6},"end":{"line":172,"column":null}},"101":{"start":{"line":173,"column":6},"end":{"line":184,"column":null}},"102":{"start":{"line":176,"column":10},"end":{"line":176,"column":null}},"103":{"start":{"line":177,"column":10},"end":{"line":177,"column":null}},"104":{"start":{"line":178,"column":10},"end":{"line":178,"column":null}},"105":{"start":{"line":179,"column":10},"end":{"line":179,"column":null}},"106":{"start":{"line":182,"column":10},"end":{"line":182,"column":null}},"107":{"start":{"line":187,"column":4},"end":{"line":254,"column":null}},"108":{"start":{"line":188,"column":6},"end":{"line":188,"column":null}},"109":{"start":{"line":189,"column":26},"end":{"line":189,"column":null}},"110":{"start":{"line":190,"column":6},"end":{"line":190,"column":null}},"111":{"start":{"line":191,"column":6},"end":{"line":191,"column":null}},"112":{"start":{"line":192,"column":6},"end":{"line":192,"column":null}},"113":{"start":{"line":193,"column":6},"end":{"line":193,"column":null}},"114":{"start":{"line":194,"column":6},"end":{"line":252,"column":null}},"115":{"start":{"line":195,"column":21},"end":{"line":195,"column":null}},"116":{"start":{"line":196,"column":8},"end":{"line":196,"column":null}},"117":{"start":{"line":196,"column":19},"end":{"line":196,"column":null}},"118":{"start":{"line":197,"column":23},"end":{"line":197,"column":null}},"119":{"start":{"line":198,"column":8},"end":{"line":242,"column":null}},"120":{"start":{"line":199,"column":23},"end":{"line":199,"column":null}},"121":{"start":{"line":200,"column":16},"end":{"line":200,"column":null}},"122":{"start":{"line":201,"column":10},"end":{"line":209,"column":null}},"123":{"start":{"line":202,"column":12},"end":{"line":202,"column":null}},"124":{"start":{"line":203,"column":12},"end":{"line":203,"column":null}},"125":{"start":{"line":204,"column":27},"end":{"line":204,"column":null}},"126":{"start":{"line":205,"column":12},"end":{"line":205,"column":null}},"127":{"start":{"line":206,"column":12},"end":{"line":206,"column":null}},"128":{"start":{"line":207,"column":12},"end":{"line":207,"column":null}},"129":{"start":{"line":208,"column":12},"end":{"line":208,"column":null}},"130":{"start":{"line":210,"column":10},"end":{"line":210,"column":null}},"131":{"start":{"line":211,"column":10},"end":{"line":211,"column":null}},"132":{"start":{"line":213,"column":29},"end":{"line":238,"column":null}},"133":{"start":{"line":218,"column":33},"end":{"line":218,"column":null}},"134":{"start":{"line":219,"column":14},"end":{"line":219,"column":null}},"135":{"start":{"line":219,"column":39},"end":{"line":219,"column":null}},"136":{"start":{"line":220,"column":14},"end":{"line":220,"column":null}},"137":{"start":{"line":221,"column":14},"end":{"line":221,"column":null}},"138":{"start":{"line":222,"column":14},"end":{"line":222,"column":null}},"139":{"start":{"line":223,"column":14},"end":{"line":223,"column":null}},"140":{"start":{"line":226,"column":14},"end":{"line":226,"column":null}},"141":{"start":{"line":227,"column":14},"end":{"line":227,"column":null}},"142":{"start":{"line":228,"column":14},"end":{"line":228,"column":null}},"143":{"start":{"line":229,"column":33},"end":{"line":229,"column":null}},"144":{"start":{"line":230,"column":14},"end":{"line":230,"column":null}},"145":{"start":{"line":231,"column":14},"end":{"line":231,"column":null}},"146":{"start":{"line":232,"column":14},"end":{"line":232,"column":null}},"147":{"start":{"line":233,"column":14},"end":{"line":233,"column":null}},"148":{"start":{"line":233,"column":31},"end":{"line":233,"column":55}},"149":{"start":{"line":236,"column":14},"end":{"line":236,"column":null}},"150":{"start":{"line":240,"column":10},"end":{"line":240,"column":null}},"151":{"start":{"line":241,"column":10},"end":{"line":241,"column":null}},"152":{"start":{"line":243,"column":8},"end":{"line":250,"column":null}},"153":{"start":{"line":244,"column":10},"end":{"line":244,"column":null}},"154":{"start":{"line":245,"column":10},"end":{"line":245,"column":null}},"155":{"start":{"line":246,"column":25},"end":{"line":246,"column":null}},"156":{"start":{"line":247,"column":10},"end":{"line":247,"column":null}},"157":{"start":{"line":248,"column":10},"end":{"line":248,"column":null}},"158":{"start":{"line":249,"column":10},"end":{"line":249,"column":null}},"159":{"start":{"line":251,"column":8},"end":{"line":251,"column":null}},"160":{"start":{"line":253,"column":6},"end":{"line":253,"column":null}},"161":{"start":{"line":256,"column":4},"end":{"line":342,"column":null}},"162":{"start":{"line":257,"column":6},"end":{"line":257,"column":null}},"163":{"start":{"line":258,"column":6},"end":{"line":258,"column":null}},"164":{"start":{"line":260,"column":22},"end":{"line":260,"column":null}},"165":{"start":{"line":261,"column":6},"end":{"line":261,"column":null}},"166":{"start":{"line":262,"column":6},"end":{"line":263,"column":null}},"167":{"start":{"line":264,"column":6},"end":{"line":264,"column":null}},"168":{"start":{"line":266,"column":23},"end":{"line":266,"column":null}},"169":{"start":{"line":267,"column":6},"end":{"line":267,"column":null}},"170":{"start":{"line":268,"column":6},"end":{"line":269,"column":null}},"171":{"start":{"line":273,"column":6},"end":{"line":273,"column":null}},"172":{"start":{"line":275,"column":27},"end":{"line":275,"column":null}},"173":{"start":{"line":276,"column":6},"end":{"line":276,"column":null}},"174":{"start":{"line":277,"column":6},"end":{"line":277,"column":null}},"175":{"start":{"line":278,"column":6},"end":{"line":278,"column":null}},"176":{"start":{"line":279,"column":6},"end":{"line":279,"column":null}},"177":{"start":{"line":281,"column":28},"end":{"line":281,"column":null}},"178":{"start":{"line":282,"column":6},"end":{"line":282,"column":null}},"179":{"start":{"line":283,"column":6},"end":{"line":283,"column":null}},"180":{"start":{"line":284,"column":6},"end":{"line":284,"column":null}},"181":{"start":{"line":285,"column":6},"end":{"line":285,"column":null}},"182":{"start":{"line":287,"column":6},"end":{"line":290,"column":null}},"183":{"start":{"line":288,"column":8},"end":{"line":288,"column":null}},"184":{"start":{"line":289,"column":8},"end":{"line":289,"column":null}},"185":{"start":{"line":292,"column":6},"end":{"line":300,"column":null}},"186":{"start":{"line":293,"column":21},"end":{"line":293,"column":null}},"187":{"start":{"line":294,"column":8},"end":{"line":294,"column":null}},"188":{"start":{"line":294,"column":19},"end":{"line":294,"column":null}},"189":{"start":{"line":295,"column":23},"end":{"line":295,"column":null}},"190":{"start":{"line":296,"column":8},"end":{"line":298,"column":null}},"191":{"start":{"line":297,"column":10},"end":{"line":297,"column":null}},"192":{"start":{"line":299,"column":8},"end":{"line":299,"column":null}},"193":{"start":{"line":302,"column":24},"end":{"line":302,"column":null}},"194":{"start":{"line":303,"column":6},"end":{"line":303,"column":null}},"195":{"start":{"line":304,"column":6},"end":{"line":304,"column":null}},"196":{"start":{"line":306,"column":21},"end":{"line":306,"column":null}},"197":{"start":{"line":307,"column":6},"end":{"line":307,"column":null}},"198":{"start":{"line":309,"column":30},"end":{"line":309,"column":null}},"199":{"start":{"line":310,"column":6},"end":{"line":310,"column":null}},"200":{"start":{"line":311,"column":6},"end":{"line":311,"column":null}},"201":{"start":{"line":312,"column":6},"end":{"line":312,"column":null}},"202":{"start":{"line":313,"column":6},"end":{"line":313,"column":null}},"203":{"start":{"line":313,"column":54},"end":{"line":313,"column":76}},"204":{"start":{"line":315,"column":22},"end":{"line":315,"column":null}},"205":{"start":{"line":316,"column":6},"end":{"line":316,"column":null}},"206":{"start":{"line":317,"column":6},"end":{"line":317,"column":null}},"207":{"start":{"line":318,"column":6},"end":{"line":318,"column":null}},"208":{"start":{"line":319,"column":6},"end":{"line":338,"column":null}},"209":{"start":{"line":320,"column":8},"end":{"line":320,"column":null}},"210":{"start":{"line":321,"column":8},"end":{"line":321,"column":null}},"211":{"start":{"line":322,"column":21},"end":{"line":322,"column":null}},"212":{"start":{"line":323,"column":8},"end":{"line":327,"column":null}},"213":{"start":{"line":324,"column":10},"end":{"line":324,"column":null}},"214":{"start":{"line":325,"column":10},"end":{"line":325,"column":null}},"215":{"start":{"line":326,"column":10},"end":{"line":326,"column":null}},"216":{"start":{"line":328,"column":8},"end":{"line":337,"column":null}},"217":{"start":{"line":329,"column":24},"end":{"line":329,"column":null}},"218":{"start":{"line":330,"column":10},"end":{"line":330,"column":null}},"219":{"start":{"line":331,"column":10},"end":{"line":331,"column":null}},"220":{"start":{"line":332,"column":10},"end":{"line":332,"column":null}},"221":{"start":{"line":333,"column":10},"end":{"line":333,"column":null}},"222":{"start":{"line":335,"column":10},"end":{"line":335,"column":null}},"223":{"start":{"line":336,"column":10},"end":{"line":336,"column":null}},"224":{"start":{"line":340,"column":6},"end":{"line":340,"column":null}},"225":{"start":{"line":341,"column":6},"end":{"line":341,"column":null}},"226":{"start":{"line":344,"column":4},"end":{"line":364,"column":null}},"227":{"start":{"line":345,"column":19},"end":{"line":345,"column":null}},"228":{"start":{"line":346,"column":22},"end":{"line":346,"column":null}},"229":{"start":{"line":347,"column":6},"end":{"line":356,"column":null}},"230":{"start":{"line":348,"column":8},"end":{"line":348,"column":null}},"231":{"start":{"line":349,"column":8},"end":{"line":349,"column":null}},"232":{"start":{"line":350,"column":20},"end":{"line":350,"column":null}},"233":{"start":{"line":351,"column":8},"end":{"line":351,"column":null}},"234":{"start":{"line":352,"column":8},"end":{"line":352,"column":null}},"235":{"start":{"line":353,"column":8},"end":{"line":353,"column":null}},"236":{"start":{"line":354,"column":8},"end":{"line":354,"column":null}},"237":{"start":{"line":354,"column":25},"end":{"line":354,"column":49}},"238":{"start":{"line":355,"column":8},"end":{"line":355,"column":null}},"239":{"start":{"line":357,"column":19},"end":{"line":357,"column":null}},"240":{"start":{"line":358,"column":18},"end":{"line":358,"column":null}},"241":{"start":{"line":359,"column":16},"end":{"line":359,"column":null}},"242":{"start":{"line":360,"column":6},"end":{"line":360,"column":null}},"243":{"start":{"line":361,"column":6},"end":{"line":361,"column":null}},"244":{"start":{"line":362,"column":6},"end":{"line":362,"column":null}},"245":{"start":{"line":363,"column":6},"end":{"line":363,"column":null}},"246":{"start":{"line":366,"column":4},"end":{"line":374,"column":null}},"247":{"start":{"line":367,"column":24},"end":{"line":367,"column":null}},"248":{"start":{"line":368,"column":6},"end":{"line":368,"column":null}},"249":{"start":{"line":369,"column":6},"end":{"line":373,"column":null}},"250":{"start":{"line":370,"column":8},"end":{"line":370,"column":null}},"251":{"start":{"line":372,"column":8},"end":{"line":372,"column":null}},"252":{"start":{"line":375,"column":4},"end":{"line":375,"column":null}},"253":{"start":{"line":376,"column":4},"end":{"line":376,"column":null}},"254":{"start":{"line":377,"column":4},"end":{"line":377,"column":null}},"255":{"start":{"line":380,"column":24},"end":{"line":380,"column":null}},"256":{"start":{"line":381,"column":4},"end":{"line":381,"column":null}},"257":{"start":{"line":382,"column":4},"end":{"line":383,"column":null}},"258":{"start":{"line":384,"column":4},"end":{"line":384,"column":null}},"259":{"start":{"line":386,"column":4},"end":{"line":386,"column":null}},"260":{"start":{"line":387,"column":4},"end":{"line":387,"column":null}},"261":{"start":{"line":388,"column":4},"end":{"line":388,"column":null}},"262":{"start":{"line":389,"column":4},"end":{"line":389,"column":null}},"263":{"start":{"line":390,"column":4},"end":{"line":394,"column":null}},"264":{"start":{"line":391,"column":19},"end":{"line":391,"column":null}},"265":{"start":{"line":392,"column":6},"end":{"line":392,"column":null}},"266":{"start":{"line":392,"column":16},"end":{"line":392,"column":null}},"267":{"start":{"line":393,"column":6},"end":{"line":393,"column":null}},"268":{"start":{"line":395,"column":4},"end":{"line":395,"column":null}},"269":{"start":{"line":397,"column":21},"end":{"line":397,"column":null}},"270":{"start":{"line":398,"column":4},"end":{"line":398,"column":null}},"271":{"start":{"line":408,"column":22},"end":{"line":408,"column":null}},"272":{"start":{"line":409,"column":4},"end":{"line":409,"column":null}},"273":{"start":{"line":410,"column":4},"end":{"line":410,"column":null}},"274":{"start":{"line":411,"column":4},"end":{"line":411,"column":null}},"275":{"start":{"line":413,"column":21},"end":{"line":413,"column":null}},"276":{"start":{"line":414,"column":4},"end":{"line":414,"column":null}},"277":{"start":{"line":415,"column":4},"end":{"line":415,"column":null}},"278":{"start":{"line":416,"column":4},"end":{"line":416,"column":null}},"279":{"start":{"line":418,"column":4},"end":{"line":418,"column":null}},"280":{"start":{"line":418,"column":45},"end":{"line":418,"column":67}},"281":{"start":{"line":420,"column":4},"end":{"line":424,"column":null}},"282":{"start":{"line":421,"column":6},"end":{"line":421,"column":null}},"283":{"start":{"line":422,"column":6},"end":{"line":422,"column":null}},"284":{"start":{"line":423,"column":6},"end":{"line":423,"column":null}},"285":{"start":{"line":425,"column":4},"end":{"line":428,"column":null}},"286":{"start":{"line":426,"column":6},"end":{"line":426,"column":null}},"287":{"start":{"line":427,"column":6},"end":{"line":427,"column":null}},"288":{"start":{"line":429,"column":4},"end":{"line":435,"column":null}},"289":{"start":{"line":430,"column":6},"end":{"line":430,"column":null}},"290":{"start":{"line":431,"column":6},"end":{"line":431,"column":null}},"291":{"start":{"line":432,"column":6},"end":{"line":432,"column":null}},"292":{"start":{"line":433,"column":19},"end":{"line":433,"column":null}},"293":{"start":{"line":434,"column":6},"end":{"line":434,"column":null}},"294":{"start":{"line":434,"column":16},"end":{"line":434,"column":null}},"295":{"start":{"line":437,"column":4},"end":{"line":437,"column":null}},"296":{"start":{"line":440,"column":4},"end":{"line":440,"column":null}},"297":{"start":{"line":443,"column":25},"end":{"line":443,"column":null}},"298":{"start":{"line":444,"column":4},"end":{"line":444,"column":null}},"299":{"start":{"line":445,"column":4},"end":{"line":446,"column":null}},"300":{"start":{"line":447,"column":4},"end":{"line":447,"column":null}},"301":{"start":{"line":449,"column":4},"end":{"line":449,"column":null}},"302":{"start":{"line":450,"column":4},"end":{"line":450,"column":null}},"303":{"start":{"line":451,"column":4},"end":{"line":452,"column":null}},"304":{"start":{"line":457,"column":4},"end":{"line":457,"column":null}},"305":{"start":{"line":459,"column":21},"end":{"line":459,"column":null}},"306":{"start":{"line":460,"column":4},"end":{"line":460,"column":null}},"307":{"start":{"line":461,"column":4},"end":{"line":461,"column":null}},"308":{"start":{"line":462,"column":4},"end":{"line":462,"column":null}},"309":{"start":{"line":463,"column":4},"end":{"line":463,"column":null}},"310":{"start":{"line":463,"column":45},"end":{"line":463,"column":64}},"311":{"start":{"line":464,"column":4},"end":{"line":464,"column":null}},"312":{"start":{"line":467,"column":4},"end":{"line":467,"column":null}},"313":{"start":{"line":468,"column":4},"end":{"line":468,"column":null}},"314":{"start":{"line":469,"column":4},"end":{"line":469,"column":null}},"315":{"start":{"line":470,"column":4},"end":{"line":470,"column":null}},"316":{"start":{"line":472,"column":4},"end":{"line":472,"column":null}},"317":{"start":{"line":473,"column":4},"end":{"line":473,"column":null}},"318":{"start":{"line":474,"column":4},"end":{"line":474,"column":null}},"319":{"start":{"line":475,"column":4},"end":{"line":475,"column":null}},"320":{"start":{"line":476,"column":4},"end":{"line":476,"column":null}},"321":{"start":{"line":477,"column":4},"end":{"line":477,"column":null}},"322":{"start":{"line":480,"column":4},"end":{"line":480,"column":null}},"323":{"start":{"line":481,"column":4},"end":{"line":481,"column":null}},"324":{"start":{"line":482,"column":4},"end":{"line":482,"column":null}},"325":{"start":{"line":486,"column":20},"end":{"line":486,"column":null}},"326":{"start":{"line":487,"column":4},"end":{"line":487,"column":null}},"327":{"start":{"line":489,"column":20},"end":{"line":512,"column":null}},"328":{"start":{"line":514,"column":4},"end":{"line":556,"column":null}},"329":{"start":{"line":515,"column":22},"end":{"line":515,"column":null}},"330":{"start":{"line":516,"column":6},"end":{"line":517,"column":null}},"331":{"start":{"line":520,"column":22},"end":{"line":520,"column":null}},"332":{"start":{"line":521,"column":6},"end":{"line":521,"column":null}},"333":{"start":{"line":522,"column":6},"end":{"line":523,"column":null}},"334":{"start":{"line":527,"column":6},"end":{"line":527,"column":null}},"335":{"start":{"line":528,"column":6},"end":{"line":528,"column":null}},"336":{"start":{"line":530,"column":6},"end":{"line":533,"column":null}},"337":{"start":{"line":531,"column":22},"end":{"line":531,"column":null}},"338":{"start":{"line":532,"column":8},"end":{"line":532,"column":null}},"339":{"start":{"line":532,"column":19},"end":{"line":532,"column":null}},"340":{"start":{"line":535,"column":22},"end":{"line":535,"column":null}},"341":{"start":{"line":536,"column":6},"end":{"line":536,"column":null}},"342":{"start":{"line":538,"column":6},"end":{"line":552,"column":null}},"343":{"start":{"line":539,"column":22},"end":{"line":539,"column":null}},"344":{"start":{"line":540,"column":8},"end":{"line":540,"column":null}},"345":{"start":{"line":541,"column":8},"end":{"line":542,"column":null}},"346":{"start":{"line":543,"column":8},"end":{"line":543,"column":null}},"347":{"start":{"line":545,"column":20},"end":{"line":545,"column":null}},"348":{"start":{"line":546,"column":8},"end":{"line":546,"column":null}},"349":{"start":{"line":547,"column":8},"end":{"line":548,"column":null}},"350":{"start":{"line":551,"column":8},"end":{"line":551,"column":null}},"351":{"start":{"line":554,"column":6},"end":{"line":554,"column":null}},"352":{"start":{"line":555,"column":6},"end":{"line":555,"column":null}},"353":{"start":{"line":558,"column":4},"end":{"line":558,"column":null}},"354":{"start":{"line":562,"column":4},"end":{"line":562,"column":null}},"355":{"start":{"line":563,"column":17},"end":{"line":563,"column":null}},"356":{"start":{"line":564,"column":4},"end":{"line":567,"column":null}},"357":{"start":{"line":565,"column":6},"end":{"line":565,"column":null}},"358":{"start":{"line":566,"column":6},"end":{"line":566,"column":null}},"359":{"start":{"line":568,"column":4},"end":{"line":574,"column":null}},"360":{"start":{"line":569,"column":21},"end":{"line":569,"column":null}},"361":{"start":{"line":570,"column":6},"end":{"line":570,"column":null}},"362":{"start":{"line":571,"column":6},"end":{"line":571,"column":null}},"363":{"start":{"line":573,"column":6},"end":{"line":573,"column":null}},"364":{"start":{"line":578,"column":4},"end":{"line":578,"column":null}},"365":{"start":{"line":579,"column":19},"end":{"line":579,"column":null}},"366":{"start":{"line":580,"column":4},"end":{"line":589,"column":null}},"367":{"start":{"line":581,"column":19},"end":{"line":581,"column":null}},"368":{"start":{"line":582,"column":6},"end":{"line":588,"column":null}},"369":{"start":{"line":583,"column":23},"end":{"line":583,"column":null}},"370":{"start":{"line":584,"column":8},"end":{"line":584,"column":null}},"371":{"start":{"line":585,"column":8},"end":{"line":585,"column":null}},"372":{"start":{"line":587,"column":8},"end":{"line":587,"column":null}},"373":{"start":{"line":590,"column":4},"end":{"line":590,"column":null}},"374":{"start":{"line":590,"column":27},"end":{"line":590,"column":null}},"375":{"start":{"line":591,"column":4},"end":{"line":591,"column":null}},"376":{"start":{"line":595,"column":16},"end":{"line":597,"column":null}},"377":{"start":{"line":599,"column":4},"end":{"line":599,"column":null}},"378":{"start":{"line":599,"column":24},"end":{"line":599,"column":null}},"379":{"start":{"line":600,"column":4},"end":{"line":600,"column":null}},"380":{"start":{"line":600,"column":25},"end":{"line":600,"column":null}},"381":{"start":{"line":603,"column":20},"end":{"line":603,"column":null}},"382":{"start":{"line":604,"column":4},"end":{"line":606,"column":null}},"383":{"start":{"line":605,"column":6},"end":{"line":605,"column":null}},"384":{"start":{"line":605,"column":12},"end":{"line":605,"column":49}},"385":{"start":{"line":607,"column":4},"end":{"line":607,"column":null}},"386":{"start":{"line":607,"column":10},"end":{"line":607,"column":46}},"387":{"start":{"line":608,"column":4},"end":{"line":608,"column":null}},"388":{"start":{"line":608,"column":10},"end":{"line":608,"column":47}},"389":{"start":{"line":609,"column":4},"end":{"line":609,"column":null}},"390":{"start":{"line":613,"column":23},"end":{"line":613,"column":null}},"391":{"start":{"line":614,"column":4},"end":{"line":620,"column":null}},"392":{"start":{"line":615,"column":21},"end":{"line":615,"column":null}},"393":{"start":{"line":616,"column":6},"end":{"line":619,"column":null}},"394":{"start":{"line":617,"column":32},"end":{"line":617,"column":null}},"395":{"start":{"line":618,"column":8},"end":{"line":618,"column":null}},"396":{"start":{"line":622,"column":4},"end":{"line":630,"column":null}},"397":{"start":{"line":623,"column":30},"end":{"line":623,"column":null}},"398":{"start":{"line":624,"column":6},"end":{"line":624,"column":null}},"399":{"start":{"line":626,"column":6},"end":{"line":626,"column":null}},"400":{"start":{"line":627,"column":12},"end":{"line":627,"column":null}},"401":{"start":{"line":628,"column":6},"end":{"line":628,"column":null}},"402":{"start":{"line":629,"column":6},"end":{"line":629,"column":null}},"403":{"start":{"line":634,"column":19},"end":{"line":634,"column":null}},"404":{"start":{"line":635,"column":4},"end":{"line":637,"column":null}},"405":{"start":{"line":636,"column":6},"end":{"line":636,"column":null}},"406":{"start":{"line":638,"column":22},"end":{"line":638,"column":null}},"407":{"start":{"line":639,"column":4},"end":{"line":639,"column":null}},"408":{"start":{"line":643,"column":16},"end":{"line":643,"column":null}},"409":{"start":{"line":644,"column":4},"end":{"line":648,"column":null}},"410":{"start":{"line":645,"column":6},"end":{"line":647,"column":null}},"411":{"start":{"line":646,"column":8},"end":{"line":646,"column":null}},"412":{"start":{"line":649,"column":4},"end":{"line":649,"column":null}},"413":{"start":{"line":653,"column":4},"end":{"line":653,"column":null}},"414":{"start":{"line":654,"column":4},"end":{"line":654,"column":null}},"415":{"start":{"line":655,"column":4},"end":{"line":656,"column":null}},"416":{"start":{"line":659,"column":17},"end":{"line":659,"column":null}},"417":{"start":{"line":660,"column":4},"end":{"line":660,"column":null}},"418":{"start":{"line":661,"column":4},"end":{"line":661,"column":null}},"419":{"start":{"line":662,"column":4},"end":{"line":662,"column":null}},"420":{"start":{"line":664,"column":21},"end":{"line":664,"column":null}},"421":{"start":{"line":665,"column":4},"end":{"line":665,"column":null}},"422":{"start":{"line":667,"column":21},"end":{"line":667,"column":null}},"423":{"start":{"line":668,"column":4},"end":{"line":668,"column":null}},"424":{"start":{"line":669,"column":4},"end":{"line":669,"column":null}},"425":{"start":{"line":670,"column":4},"end":{"line":670,"column":null}},"426":{"start":{"line":671,"column":4},"end":{"line":671,"column":null}},"427":{"start":{"line":671,"column":45},"end":{"line":671,"column":63}},"428":{"start":{"line":673,"column":22},"end":{"line":673,"column":null}},"429":{"start":{"line":674,"column":4},"end":{"line":674,"column":null}},"430":{"start":{"line":675,"column":4},"end":{"line":675,"column":null}},"431":{"start":{"line":676,"column":4},"end":{"line":676,"column":null}},"432":{"start":{"line":677,"column":4},"end":{"line":677,"column":null}},"433":{"start":{"line":677,"column":46},"end":{"line":677,"column":64}},"434":{"start":{"line":679,"column":4},"end":{"line":679,"column":null}},"435":{"start":{"line":680,"column":4},"end":{"line":680,"column":null}},"436":{"start":{"line":684,"column":4},"end":{"line":684,"column":null}},"437":{"start":{"line":684,"column":29},"end":{"line":684,"column":null}},"438":{"start":{"line":685,"column":4},"end":{"line":691,"column":null}},"439":{"start":{"line":686,"column":6},"end":{"line":686,"column":null}},"440":{"start":{"line":687,"column":6},"end":{"line":687,"column":null}},"441":{"start":{"line":688,"column":6},"end":{"line":688,"column":null}},"442":{"start":{"line":690,"column":6},"end":{"line":690,"column":null}},"443":{"start":{"line":695,"column":4},"end":{"line":695,"column":null}},"444":{"start":{"line":699,"column":4},"end":{"line":699,"column":null}},"445":{"start":{"line":700,"column":4},"end":{"line":700,"column":null}},"446":{"start":{"line":701,"column":4},"end":{"line":701,"column":null}},"447":{"start":{"line":702,"column":4},"end":{"line":702,"column":null}},"448":{"start":{"line":706,"column":4},"end":{"line":706,"column":null}},"449":{"start":{"line":707,"column":4},"end":{"line":710,"column":null}},"450":{"start":{"line":708,"column":6},"end":{"line":708,"column":null}},"451":{"start":{"line":709,"column":6},"end":{"line":709,"column":null}},"452":{"start":{"line":712,"column":4},"end":{"line":733,"column":null}},"453":{"start":{"line":716,"column":8},"end":{"line":716,"column":null}},"454":{"start":{"line":716,"column":34},"end":{"line":716,"column":null}},"455":{"start":{"line":717,"column":8},"end":{"line":724,"column":null}},"456":{"start":{"line":718,"column":34},"end":{"line":718,"column":null}},"457":{"start":{"line":719,"column":10},"end":{"line":719,"column":null}},"458":{"start":{"line":720,"column":10},"end":{"line":720,"column":null}},"459":{"start":{"line":721,"column":10},"end":{"line":721,"column":null}},"460":{"start":{"line":723,"column":10},"end":{"line":723,"column":null}},"461":{"start":{"line":727,"column":8},"end":{"line":727,"column":null}},"462":{"start":{"line":728,"column":8},"end":{"line":728,"column":null}},"463":{"start":{"line":731,"column":8},"end":{"line":731,"column":null}},"464":{"start":{"line":737,"column":4},"end":{"line":737,"column":null}},"465":{"start":{"line":738,"column":4},"end":{"line":741,"column":null}},"466":{"start":{"line":739,"column":6},"end":{"line":739,"column":null}},"467":{"start":{"line":740,"column":6},"end":{"line":740,"column":null}},"468":{"start":{"line":742,"column":4},"end":{"line":742,"column":null}},"469":{"start":{"line":746,"column":4},"end":{"line":749,"column":null}},"470":{"start":{"line":747,"column":6},"end":{"line":747,"column":null}},"471":{"start":{"line":748,"column":6},"end":{"line":748,"column":null}},"472":{"start":{"line":750,"column":4},"end":{"line":753,"column":null}},"473":{"start":{"line":751,"column":6},"end":{"line":751,"column":null}},"474":{"start":{"line":752,"column":6},"end":{"line":752,"column":null}},"475":{"start":{"line":754,"column":4},"end":{"line":754,"column":null}},"476":{"start":{"line":755,"column":4},"end":{"line":755,"column":null}},"477":{"start":{"line":759,"column":4},"end":{"line":759,"column":null}},"478":{"start":{"line":760,"column":23},"end":{"line":760,"column":null}},"479":{"start":{"line":761,"column":4},"end":{"line":761,"column":null}},"480":{"start":{"line":762,"column":4},"end":{"line":762,"column":null}},"481":{"start":{"line":763,"column":4},"end":{"line":763,"column":null}},"482":{"start":{"line":765,"column":4},"end":{"line":770,"column":null}},"483":{"start":{"line":766,"column":18},"end":{"line":766,"column":null}},"484":{"start":{"line":767,"column":6},"end":{"line":767,"column":null}},"485":{"start":{"line":768,"column":6},"end":{"line":768,"column":null}},"486":{"start":{"line":769,"column":6},"end":{"line":769,"column":null}}},"fnMap":{"0":{"name":"(anonymous_0)","decl":{"start":{"line":32,"column":2},"end":{"line":32,"column":14}},"loc":{"start":{"line":32,"column":55},"end":{"line":37,"column":null}},"line":32},"1":{"name":"(anonymous_1)","decl":{"start":{"line":39,"column":2},"end":{"line":39,"column":18}},"loc":{"start":{"line":39,"column":18},"end":{"line":46,"column":null}},"line":39},"2":{"name":"(anonymous_2)","decl":{"start":{"line":48,"column":10},"end":{"line":48,"column":24}},"loc":{"start":{"line":48,"column":24},"end":{"line":483,"column":null}},"line":48},"3":{"name":"(anonymous_3)","decl":{"start":{"line":115,"column":30},"end":{"line":115,"column":36}},"loc":{"start":{"line":115,"column":36},"end":{"line":164,"column":null}},"line":115},"4":{"name":"(anonymous_4)","decl":{"start":{"line":139,"column":44},"end":{"line":139,"column":50}},"loc":{"start":{"line":139,"column":50},"end":{"line":148,"column":9}},"line":139},"5":{"name":"(anonymous_5)","decl":{"start":{"line":154,"column":41},"end":{"line":154,"column":47}},"loc":{"start":{"line":154,"column":47},"end":{"line":158,"column":9}},"line":154},"6":{"name":"(anonymous_6)","decl":{"start":{"line":170,"column":40},"end":{"line":170,"column":46}},"loc":{"start":{"line":170,"column":46},"end":{"line":185,"column":5}},"line":170},"7":{"name":"(anonymous_7)","decl":{"start":{"line":175,"column":8},"end":{"line":175,"column":9}},"loc":{"start":{"line":175,"column":20},"end":{"line":180,"column":null}},"line":175},"8":{"name":"(anonymous_8)","decl":{"start":{"line":181,"column":8},"end":{"line":181,"column":14}},"loc":{"start":{"line":181,"column":14},"end":{"line":183,"column":null}},"line":181},"9":{"name":"(anonymous_9)","decl":{"start":{"line":187,"column":44},"end":{"line":187,"column":50}},"loc":{"start":{"line":187,"column":50},"end":{"line":254,"column":5}},"line":187},"10":{"name":"(anonymous_10)","decl":{"start":{"line":194,"column":45},"end":{"line":194,"column":51}},"loc":{"start":{"line":194,"column":51},"end":{"line":252,"column":7}},"line":194},"11":{"name":"(anonymous_11)","decl":{"start":{"line":198,"column":24},"end":{"line":198,"column":30}},"loc":{"start":{"line":198,"column":30},"end":{"line":242,"column":null}},"line":198},"12":{"name":"(anonymous_12)","decl":{"start":{"line":216,"column":12},"end":{"line":216,"column":13}},"loc":{"start":{"line":216,"column":40},"end":{"line":224,"column":null}},"line":216},"13":{"name":"(anonymous_13)","decl":{"start":{"line":225,"column":12},"end":{"line":225,"column":13}},"loc":{"start":{"line":225,"column":60},"end":{"line":234,"column":null}},"line":225},"14":{"name":"(anonymous_14)","decl":{"start":{"line":233,"column":25},"end":{"line":233,"column":31}},"loc":{"start":{"line":233,"column":31},"end":{"line":233,"column":55}},"line":233},"15":{"name":"(anonymous_15)","decl":{"start":{"line":235,"column":12},"end":{"line":235,"column":18}},"loc":{"start":{"line":235,"column":18},"end":{"line":237,"column":null}},"line":235},"16":{"name":"(anonymous_16)","decl":{"start":{"line":243,"column":25},"end":{"line":243,"column":31}},"loc":{"start":{"line":243,"column":31},"end":{"line":250,"column":null}},"line":243},"17":{"name":"(anonymous_17)","decl":{"start":{"line":256,"column":40},"end":{"line":256,"column":46}},"loc":{"start":{"line":256,"column":46},"end":{"line":342,"column":5}},"line":256},"18":{"name":"(anonymous_18)","decl":{"start":{"line":287,"column":45},"end":{"line":287,"column":46}},"loc":{"start":{"line":287,"column":52},"end":{"line":290,"column":7}},"line":287},"19":{"name":"(anonymous_19)","decl":{"start":{"line":292,"column":47},"end":{"line":292,"column":53}},"loc":{"start":{"line":292,"column":53},"end":{"line":300,"column":7}},"line":292},"20":{"name":"(anonymous_20)","decl":{"start":{"line":296,"column":24},"end":{"line":296,"column":30}},"loc":{"start":{"line":296,"column":30},"end":{"line":298,"column":null}},"line":296},"21":{"name":"(anonymous_21)","decl":{"start":{"line":313,"column":48},"end":{"line":313,"column":54}},"loc":{"start":{"line":313,"column":54},"end":{"line":313,"column":76}},"line":313},"22":{"name":"(anonymous_22)","decl":{"start":{"line":319,"column":40},"end":{"line":319,"column":46}},"loc":{"start":{"line":319,"column":46},"end":{"line":338,"column":7}},"line":319},"23":{"name":"(anonymous_23)","decl":{"start":{"line":344,"column":43},"end":{"line":344,"column":49}},"loc":{"start":{"line":344,"column":49},"end":{"line":364,"column":5}},"line":344},"24":{"name":"(anonymous_24)","decl":{"start":{"line":354,"column":19},"end":{"line":354,"column":25}},"loc":{"start":{"line":354,"column":25},"end":{"line":354,"column":49}},"line":354},"25":{"name":"(anonymous_25)","decl":{"start":{"line":366,"column":40},"end":{"line":366,"column":46}},"loc":{"start":{"line":366,"column":46},"end":{"line":374,"column":5}},"line":366},"26":{"name":"(anonymous_26)","decl":{"start":{"line":390,"column":46},"end":{"line":390,"column":52}},"loc":{"start":{"line":390,"column":52},"end":{"line":394,"column":5}},"line":390},"27":{"name":"(anonymous_27)","decl":{"start":{"line":418,"column":39},"end":{"line":418,"column":45}},"loc":{"start":{"line":418,"column":45},"end":{"line":418,"column":67}},"line":418},"28":{"name":"(anonymous_28)","decl":{"start":{"line":420,"column":42},"end":{"line":420,"column":43}},"loc":{"start":{"line":420,"column":49},"end":{"line":424,"column":5}},"line":420},"29":{"name":"(anonymous_29)","decl":{"start":{"line":425,"column":43},"end":{"line":425,"column":49}},"loc":{"start":{"line":425,"column":49},"end":{"line":428,"column":5}},"line":425},"30":{"name":"(anonymous_30)","decl":{"start":{"line":429,"column":38},"end":{"line":429,"column":39}},"loc":{"start":{"line":429,"column":45},"end":{"line":435,"column":5}},"line":429},"31":{"name":"(anonymous_31)","decl":{"start":{"line":463,"column":39},"end":{"line":463,"column":45}},"loc":{"start":{"line":463,"column":45},"end":{"line":463,"column":64}},"line":463},"32":{"name":"(anonymous_32)","decl":{"start":{"line":485,"column":10},"end":{"line":485,"column":41}},"loc":{"start":{"line":485,"column":41},"end":{"line":559,"column":null}},"line":485},"33":{"name":"(anonymous_33)","decl":{"start":{"line":530,"column":41},"end":{"line":530,"column":47}},"loc":{"start":{"line":530,"column":47},"end":{"line":533,"column":7}},"line":530},"34":{"name":"(anonymous_34)","decl":{"start":{"line":561,"column":10},"end":{"line":561,"column":31}},"loc":{"start":{"line":561,"column":31},"end":{"line":575,"column":null}},"line":561},"35":{"name":"(anonymous_35)","decl":{"start":{"line":577,"column":10},"end":{"line":577,"column":22}},"loc":{"start":{"line":577,"column":40},"end":{"line":592,"column":null}},"line":577},"36":{"name":"(anonymous_36)","decl":{"start":{"line":580,"column":20},"end":{"line":580,"column":26}},"loc":{"start":{"line":580,"column":26},"end":{"line":589,"column":null}},"line":580},"37":{"name":"(anonymous_37)","decl":{"start":{"line":590,"column":21},"end":{"line":590,"column":27}},"loc":{"start":{"line":590,"column":27},"end":{"line":590,"column":null}},"line":590},"38":{"name":"(anonymous_38)","decl":{"start":{"line":594,"column":10},"end":{"line":594,"column":23}},"loc":{"start":{"line":594,"column":67},"end":{"line":610,"column":null}},"line":594},"39":{"name":"(anonymous_39)","decl":{"start":{"line":612,"column":10},"end":{"line":612,"column":19}},"loc":{"start":{"line":612,"column":63},"end":{"line":631,"column":null}},"line":612},"40":{"name":"(anonymous_40)","decl":{"start":{"line":633,"column":10},"end":{"line":633,"column":20}},"loc":{"start":{"line":633,"column":64},"end":{"line":640,"column":null}},"line":633},"41":{"name":"(anonymous_41)","decl":{"start":{"line":642,"column":10},"end":{"line":642,"column":21}},"loc":{"start":{"line":642,"column":44},"end":{"line":650,"column":null}},"line":642},"42":{"name":"(anonymous_42)","decl":{"start":{"line":652,"column":10},"end":{"line":652,"column":21}},"loc":{"start":{"line":652,"column":49},"end":{"line":681,"column":null}},"line":652},"43":{"name":"(anonymous_43)","decl":{"start":{"line":671,"column":39},"end":{"line":671,"column":45}},"loc":{"start":{"line":671,"column":45},"end":{"line":671,"column":63}},"line":671},"44":{"name":"(anonymous_44)","decl":{"start":{"line":677,"column":40},"end":{"line":677,"column":46}},"loc":{"start":{"line":677,"column":46},"end":{"line":677,"column":64}},"line":677},"45":{"name":"(anonymous_45)","decl":{"start":{"line":683,"column":10},"end":{"line":683,"column":30}},"loc":{"start":{"line":683,"column":30},"end":{"line":692,"column":null}},"line":683},"46":{"name":"(anonymous_46)","decl":{"start":{"line":694,"column":10},"end":{"line":694,"column":20}},"loc":{"start":{"line":694,"column":43},"end":{"line":696,"column":null}},"line":694},"47":{"name":"(anonymous_47)","decl":{"start":{"line":698,"column":10},"end":{"line":698,"column":30}},"loc":{"start":{"line":698,"column":30},"end":{"line":703,"column":null}},"line":698},"48":{"name":"(anonymous_48)","decl":{"start":{"line":705,"column":10},"end":{"line":705,"column":27}},"loc":{"start":{"line":705,"column":52},"end":{"line":734,"column":null}},"line":705},"49":{"name":"(anonymous_49)","decl":{"start":{"line":715,"column":6},"end":{"line":715,"column":7}},"loc":{"start":{"line":715,"column":34},"end":{"line":725,"column":null}},"line":715},"50":{"name":"(anonymous_50)","decl":{"start":{"line":726,"column":6},"end":{"line":726,"column":7}},"loc":{"start":{"line":726,"column":54},"end":{"line":729,"column":null}},"line":726},"51":{"name":"(anonymous_51)","decl":{"start":{"line":730,"column":6},"end":{"line":730,"column":12}},"loc":{"start":{"line":730,"column":12},"end":{"line":732,"column":null}},"line":730},"52":{"name":"(anonymous_52)","decl":{"start":{"line":736,"column":10},"end":{"line":736,"column":35}},"loc":{"start":{"line":736,"column":35},"end":{"line":743,"column":null}},"line":736},"53":{"name":"(anonymous_53)","decl":{"start":{"line":745,"column":10},"end":{"line":745,"column":34}},"loc":{"start":{"line":745,"column":34},"end":{"line":756,"column":null}},"line":745},"54":{"name":"(anonymous_54)","decl":{"start":{"line":758,"column":10},"end":{"line":758,"column":40}},"loc":{"start":{"line":758,"column":40},"end":{"line":771,"column":null}},"line":758}},"branchMap":{"0":{"loc":{"start":{"line":41,"column":4},"end":{"line":44,"column":null}},"type":"if","locations":[{"start":{"line":41,"column":4},"end":{"line":44,"column":null}},{"start":{},"end":{}}],"line":41},"1":{"loc":{"start":{"line":118,"column":6},"end":{"line":124,"column":null}},"type":"if","locations":[{"start":{"line":118,"column":6},"end":{"line":124,"column":null}},{"start":{},"end":{}}],"line":118},"2":{"loc":{"start":{"line":196,"column":8},"end":{"line":196,"column":null}},"type":"if","locations":[{"start":{"line":196,"column":8},"end":{"line":196,"column":null}},{"start":{},"end":{}}],"line":196},"3":{"loc":{"start":{"line":201,"column":10},"end":{"line":209,"column":null}},"type":"if","locations":[{"start":{"line":201,"column":10},"end":{"line":209,"column":null}},{"start":{},"end":{}}],"line":201},"4":{"loc":{"start":{"line":219,"column":14},"end":{"line":219,"column":null}},"type":"if","locations":[{"start":{"line":219,"column":14},"end":{"line":219,"column":null}},{"start":{},"end":{}}],"line":219},"5":{"loc":{"start":{"line":294,"column":8},"end":{"line":294,"column":null}},"type":"if","locations":[{"start":{"line":294,"column":8},"end":{"line":294,"column":null}},{"start":{},"end":{}}],"line":294},"6":{"loc":{"start":{"line":323,"column":8},"end":{"line":327,"column":null}},"type":"if","locations":[{"start":{"line":323,"column":8},"end":{"line":327,"column":null}},{"start":{},"end":{}}],"line":323},"7":{"loc":{"start":{"line":330,"column":61},"end":{"line":330,"column":83}},"type":"cond-expr","locations":[{"start":{"line":330,"column":75},"end":{"line":330,"column":80}},{"start":{"line":330,"column":80},"end":{"line":330,"column":83}}],"line":330},"8":{"loc":{"start":{"line":335,"column":34},"end":{"line":335,"column":null}},"type":"cond-expr","locations":[{"start":{"line":335,"column":55},"end":{"line":335,"column":67}},{"start":{"line":335,"column":67},"end":{"line":335,"column":null}}],"line":335},"9":{"loc":{"start":{"line":347,"column":6},"end":{"line":356,"column":null}},"type":"if","locations":[{"start":{"line":347,"column":6},"end":{"line":356,"column":null}},{"start":{},"end":{}}],"line":347},"10":{"loc":{"start":{"line":368,"column":33},"end":{"line":368,"column":null}},"type":"cond-expr","locations":[{"start":{"line":368,"column":45},"end":{"line":368,"column":54}},{"start":{"line":368,"column":54},"end":{"line":368,"column":null}}],"line":368},"11":{"loc":{"start":{"line":369,"column":6},"end":{"line":373,"column":null}},"type":"if","locations":[{"start":{"line":369,"column":6},"end":{"line":373,"column":null}},{"start":{"line":371,"column":13},"end":{"line":373,"column":null}}],"line":369},"12":{"loc":{"start":{"line":392,"column":6},"end":{"line":392,"column":null}},"type":"if","locations":[{"start":{"line":392,"column":6},"end":{"line":392,"column":null}},{"start":{},"end":{}}],"line":392},"13":{"loc":{"start":{"line":434,"column":6},"end":{"line":434,"column":null}},"type":"if","locations":[{"start":{"line":434,"column":6},"end":{"line":434,"column":null}},{"start":{},"end":{}}],"line":434},"14":{"loc":{"start":{"line":532,"column":8},"end":{"line":532,"column":null}},"type":"if","locations":[{"start":{"line":532,"column":8},"end":{"line":532,"column":null}},{"start":{},"end":{}}],"line":532},"15":{"loc":{"start":{"line":532,"column":43},"end":{"line":532,"column":null}},"type":"cond-expr","locations":[{"start":{"line":532,"column":58},"end":{"line":532,"column":76}},{"start":{"line":532,"column":76},"end":{"line":532,"column":null}}],"line":532},"16":{"loc":{"start":{"line":564,"column":4},"end":{"line":567,"column":null}},"type":"if","locations":[{"start":{"line":564,"column":4},"end":{"line":567,"column":null}},{"start":{},"end":{}}],"line":564},"17":{"loc":{"start":{"line":573,"column":21},"end":{"line":573,"column":63}},"type":"cond-expr","locations":[{"start":{"line":573,"column":42},"end":{"line":573,"column":54}},{"start":{"line":573,"column":54},"end":{"line":573,"column":63}}],"line":573},"18":{"loc":{"start":{"line":587,"column":23},"end":{"line":587,"column":65}},"type":"cond-expr","locations":[{"start":{"line":587,"column":44},"end":{"line":587,"column":56}},{"start":{"line":587,"column":56},"end":{"line":587,"column":65}}],"line":587},"19":{"loc":{"start":{"line":595,"column":16},"end":{"line":597,"column":null}},"type":"cond-expr","locations":[{"start":{"line":596,"column":8},"end":{"line":596,"column":null}},{"start":{"line":597,"column":8},"end":{"line":597,"column":null}}],"line":595},"20":{"loc":{"start":{"line":599,"column":4},"end":{"line":599,"column":null}},"type":"if","locations":[{"start":{"line":599,"column":4},"end":{"line":599,"column":null}},{"start":{},"end":{}}],"line":599},"21":{"loc":{"start":{"line":600,"column":4},"end":{"line":600,"column":null}},"type":"if","locations":[{"start":{"line":600,"column":4},"end":{"line":600,"column":null}},{"start":{},"end":{}}],"line":600},"22":{"loc":{"start":{"line":604,"column":4},"end":{"line":606,"column":null}},"type":"if","locations":[{"start":{"line":604,"column":4},"end":{"line":606,"column":null}},{"start":{},"end":{}}],"line":604},"23":{"loc":{"start":{"line":604,"column":8},"end":{"line":604,"column":60}},"type":"binary-expr","locations":[{"start":{"line":604,"column":8},"end":{"line":604,"column":35}},{"start":{"line":604,"column":35},"end":{"line":604,"column":60}}],"line":604},"24":{"loc":{"start":{"line":614,"column":4},"end":{"line":620,"column":null}},"type":"if","locations":[{"start":{"line":614,"column":4},"end":{"line":620,"column":null}},{"start":{},"end":{}}],"line":614},"25":{"loc":{"start":{"line":616,"column":6},"end":{"line":619,"column":null}},"type":"if","locations":[{"start":{"line":616,"column":6},"end":{"line":619,"column":null}},{"start":{},"end":{}}],"line":616},"26":{"loc":{"start":{"line":635,"column":4},"end":{"line":637,"column":null}},"type":"if","locations":[{"start":{"line":635,"column":4},"end":{"line":637,"column":null}},{"start":{},"end":{}}],"line":635},"27":{"loc":{"start":{"line":635,"column":8},"end":{"line":635,"column":53}},"type":"binary-expr","locations":[{"start":{"line":635,"column":8},"end":{"line":635,"column":22}},{"start":{"line":635,"column":22},"end":{"line":635,"column":38}},{"start":{"line":635,"column":38},"end":{"line":635,"column":53}}],"line":635},"28":{"loc":{"start":{"line":644,"column":4},"end":{"line":648,"column":null}},"type":"if","locations":[{"start":{"line":644,"column":4},"end":{"line":648,"column":null}},{"start":{},"end":{}}],"line":644},"29":{"loc":{"start":{"line":684,"column":4},"end":{"line":684,"column":null}},"type":"if","locations":[{"start":{"line":684,"column":4},"end":{"line":684,"column":null}},{"start":{},"end":{}}],"line":684},"30":{"loc":{"start":{"line":690,"column":21},"end":{"line":690,"column":63}},"type":"cond-expr","locations":[{"start":{"line":690,"column":42},"end":{"line":690,"column":54}},{"start":{"line":690,"column":54},"end":{"line":690,"column":63}}],"line":690},"31":{"loc":{"start":{"line":707,"column":4},"end":{"line":710,"column":null}},"type":"if","locations":[{"start":{"line":707,"column":4},"end":{"line":710,"column":null}},{"start":{},"end":{}}],"line":707},"32":{"loc":{"start":{"line":716,"column":8},"end":{"line":716,"column":null}},"type":"if","locations":[{"start":{"line":716,"column":8},"end":{"line":716,"column":null}},{"start":{},"end":{}}],"line":716},"33":{"loc":{"start":{"line":723,"column":25},"end":{"line":723,"column":67}},"type":"cond-expr","locations":[{"start":{"line":723,"column":46},"end":{"line":723,"column":58}},{"start":{"line":723,"column":58},"end":{"line":723,"column":67}}],"line":723},"34":{"loc":{"start":{"line":738,"column":4},"end":{"line":741,"column":null}},"type":"if","locations":[{"start":{"line":738,"column":4},"end":{"line":741,"column":null}},{"start":{},"end":{}}],"line":738},"35":{"loc":{"start":{"line":746,"column":4},"end":{"line":749,"column":null}},"type":"if","locations":[{"start":{"line":746,"column":4},"end":{"line":749,"column":null}},{"start":{},"end":{}}],"line":746},"36":{"loc":{"start":{"line":750,"column":4},"end":{"line":753,"column":null}},"type":"if","locations":[{"start":{"line":750,"column":4},"end":{"line":753,"column":null}},{"start":{},"end":{}}],"line":750}},"s":{"0":17,"1":17,"2":17,"3":17,"4":17,"5":17,"6":17,"7":17,"8":17,"9":17,"10":17,"11":2,"12":2,"13":17,"14":17,"15":17,"16":17,"17":17,"18":17,"19":17,"20":17,"21":17,"22":17,"23":17,"24":17,"25":17,"26":17,"27":17,"28":17,"29":17,"30":17,"31":17,"32":17,"33":17,"34":17,"35":17,"36":17,"37":17,"38":17,"39":17,"40":17,"41":17,"42":17,"43":17,"44":17,"45":17,"46":17,"47":17,"48":17,"49":17,"50":17,"51":17,"52":17,"53":17,"54":17,"55":17,"56":17,"57":0,"58":0,"59":0,"60":0,"61":0,"62":0,"63":0,"64":0,"65":0,"66":0,"67":0,"68":0,"69":0,"70":0,"71":0,"72":0,"73":0,"74":0,"75":0,"76":0,"77":0,"78":0,"79":0,"80":0,"81":0,"82":0,"83":0,"84":0,"85":0,"86":0,"87":0,"88":0,"89":0,"90":0,"91":0,"92":0,"93":0,"94":0,"95":0,"96":0,"97":17,"98":17,"99":1,"100":1,"101":1,"102":0,"103":0,"104":0,"105":0,"106":0,"107":17,"108":0,"109":0,"110":0,"111":0,"112":0,"113":0,"114":0,"115":0,"116":0,"117":0,"118":0,"119":0,"120":0,"121":0,"122":0,"123":0,"124":0,"125":0,"126":0,"127":0,"128":0,"129":0,"130":0,"131":0,"132":0,"133":0,"134":0,"135":0,"136":0,"137":0,"138":0,"139":0,"140":0,"141":0,"142":0,"143":0,"144":0,"145":0,"146":0,"147":0,"148":0,"149":0,"150":0,"151":0,"152":0,"153":0,"154":0,"155":0,"156":0,"157":0,"158":0,"159":0,"160":0,"161":17,"162":2,"163":2,"164":2,"165":2,"166":2,"167":2,"168":2,"169":2,"170":2,"171":2,"172":2,"173":2,"174":2,"175":2,"176":2,"177":2,"178":2,"179":2,"180":2,"181":2,"182":2,"183":0,"184":0,"185":2,"186":0,"187":0,"188":0,"189":0,"190":0,"191":0,"192":0,"193":2,"194":2,"195":2,"196":2,"197":2,"198":2,"199":2,"200":2,"201":2,"202":2,"203":1,"204":2,"205":2,"206":2,"207":2,"208":2,"209":0,"210":0,"211":0,"212":0,"213":0,"214":0,"215":0,"216":0,"217":0,"218":0,"219":0,"220":0,"221":0,"222":0,"223":0,"224":2,"225":2,"226":17,"227":0,"228":0,"229":0,"230":0,"231":0,"232":0,"233":0,"234":0,"235":0,"236":0,"237":0,"238":0,"239":0,"240":0,"241":0,"242":0,"243":0,"244":0,"245":0,"246":17,"247":4,"248":4,"249":4,"250":4,"251":0,"252":17,"253":17,"254":17,"255":17,"256":17,"257":17,"258":17,"259":17,"260":17,"261":17,"262":17,"263":17,"264":0,"265":0,"266":0,"267":0,"268":17,"269":17,"270":17,"271":17,"272":17,"273":17,"274":17,"275":17,"276":17,"277":17,"278":17,"279":17,"280":0,"281":17,"282":0,"283":0,"284":0,"285":17,"286":0,"287":0,"288":17,"289":0,"290":0,"291":0,"292":0,"293":0,"294":0,"295":17,"296":17,"297":17,"298":17,"299":17,"300":17,"301":17,"302":17,"303":17,"304":17,"305":17,"306":17,"307":17,"308":17,"309":17,"310":8,"311":17,"312":17,"313":17,"314":17,"315":17,"316":17,"317":17,"318":17,"319":17,"320":17,"321":17,"322":17,"323":17,"324":17,"325":17,"326":17,"327":17,"328":17,"329":34,"330":34,"331":34,"332":34,"333":34,"334":34,"335":34,"336":34,"337":0,"338":0,"339":0,"340":34,"341":34,"342":34,"343":51,"344":51,"345":51,"346":51,"347":51,"348":51,"349":51,"350":51,"351":34,"352":34,"353":17,"354":8,"355":8,"356":8,"357":1,"358":1,"359":7,"360":7,"361":7,"362":7,"363":2,"364":0,"365":0,"366":0,"367":0,"368":0,"369":0,"370":0,"371":0,"372":0,"373":0,"374":0,"375":0,"376":7,"377":7,"378":0,"379":7,"380":0,"381":7,"382":7,"383":4,"384":4,"385":3,"386":3,"387":2,"388":2,"389":2,"390":3,"391":3,"392":0,"393":0,"394":0,"395":0,"396":3,"397":3,"398":3,"399":2,"400":2,"401":2,"402":2,"403":6,"404":6,"405":0,"406":4,"407":4,"408":8,"409":8,"410":4,"411":4,"412":8,"413":5,"414":5,"415":5,"416":5,"417":5,"418":5,"419":5,"420":5,"421":5,"422":5,"423":5,"424":5,"425":5,"426":5,"427":2,"428":5,"429":5,"430":5,"431":5,"432":5,"433":1,"434":5,"435":5,"436":2,"437":0,"438":2,"439":2,"440":2,"441":2,"442":0,"443":3,"444":11,"445":11,"446":11,"447":11,"448":2,"449":2,"450":0,"451":0,"452":2,"453":0,"454":0,"455":0,"456":0,"457":0,"458":0,"459":0,"460":0,"461":0,"462":0,"463":0,"464":0,"465":0,"466":0,"467":0,"468":0,"469":25,"470":1,"471":1,"472":25,"473":0,"474":0,"475":25,"476":25,"477":17,"478":17,"479":17,"480":17,"481":17,"482":17,"483":0,"484":0,"485":0,"486":0},"f":{"0":17,"1":17,"2":17,"3":0,"4":0,"5":0,"6":1,"7":0,"8":0,"9":0,"10":0,"11":0,"12":0,"13":0,"14":0,"15":0,"16":0,"17":2,"18":0,"19":0,"20":0,"21":1,"22":0,"23":0,"24":0,"25":4,"26":0,"27":0,"28":0,"29":0,"30":0,"31":8,"32":17,"33":0,"34":8,"35":0,"36":0,"37":0,"38":7,"39":3,"40":6,"41":8,"42":5,"43":2,"44":1,"45":2,"46":3,"47":11,"48":2,"49":0,"50":0,"51":0,"52":0,"53":25,"54":17},"b":{"0":[2,15],"1":[0,0],"2":[0,0],"3":[0,0],"4":[0,0],"5":[0,0],"6":[0,0],"7":[0,0],"8":[0,0],"9":[0,0],"10":[4,0],"11":[4,0],"12":[0,0],"13":[0,0],"14":[0,0],"15":[0,0],"16":[1,7],"17":[2,0],"18":[0,0],"19":[0,7],"20":[0,7],"21":[0,7],"22":[4,3],"23":[7,3],"24":[0,3],"25":[0,0],"26":[0,6],"27":[6,4,4],"28":[4,4],"29":[0,2],"30":[0,0],"31":[0,2],"32":[0,0],"33":[0,0],"34":[0,0],"35":[1,24],"36":[0,25]},"meta":{"lastBranch":37,"lastFunction":55,"lastStatement":487,"seen":{"s:26:47:26:Infinity":0,"s:27:49:27:Infinity":1,"s:28:44:28:Infinity":2,"s:29:42:29:Infinity":3,"s:30:47:30:Infinity":4,"f:32:2:32:14":0,"s:33:4:33:Infinity":5,"s:34:4:34:Infinity":6,"s:35:4:35:Infinity":7,"s:36:4:36:Infinity":8,"f:39:2:39:18":1,"s:40:4:40:Infinity":9,"b:41:4:44:Infinity:undefined:undefined:undefined:undefined":0,"s:41:4:44:Infinity":10,"s:42:6:42:Infinity":11,"s:43:6:43:Infinity":12,"s:45:4:45:Infinity":13,"f:48:10:48:24":2,"s:49:4:49:Infinity":14,"s:52:26:52:Infinity":15,"s:53:4:53:Infinity":16,"s:54:4:55:Infinity":17,"s:56:4:56:Infinity":18,"s:58:22:58:Infinity":19,"s:59:4:59:Infinity":20,"s:61:4:61:Infinity":21,"s:62:4:63:Infinity":22,"s:66:4:66:Infinity":23,"s:67:4:67:Infinity":24,"s:69:22:69:Infinity":25,"s:70:4:70:Infinity":26,"s:71:4:71:Infinity":27,"s:72:4:72:Infinity":28,"s:74:23:74:Infinity":29,"s:75:4:75:Infinity":30,"s:79:22:79:Infinity":31,"s:80:4:80:Infinity":32,"s:82:27:82:Infinity":33,"s:84:22:84:Infinity":34,"s:85:4:85:Infinity":35,"s:86:4:86:Infinity":36,"s:87:4:87:Infinity":37,"s:89:26:89:Infinity":38,"s:90:4:90:Infinity":39,"s:91:4:91:Infinity":40,"s:92:4:92:Infinity":41,"s:94:22:94:Infinity":42,"s:95:4:95:Infinity":43,"s:96:4:96:Infinity":44,"s:97:4:97:Infinity":45,"s:99:25:99:Infinity":46,"s:100:4:100:Infinity":47,"s:101:4:101:Infinity":48,"s:102:4:102:Infinity":49,"s:104:4:104:Infinity":50,"s:105:4:105:Infinity":51,"s:108:4:108:Infinity":52,"s:109:4:109:Infinity":53,"s:110:4:110:Infinity":54,"s:113:32:113:Infinity":55,"s:115:30:164:Infinity":56,"f:115:30:115:36":3,"s:116:6:116:Infinity":57,"s:117:22:117:Infinity":58,"b:118:6:124:Infinity:undefined:undefined:undefined:undefined":1,"s:118:6:124:Infinity":59,"s:119:22:119:Infinity":60,"s:120:8:120:Infinity":61,"s:121:8:121:Infinity":62,"s:122:8:122:Infinity":63,"s:123:8:123:Infinity":64,"s:125:6:163:Infinity":65,"s:126:20:126:Infinity":66,"s:127:8:127:Infinity":67,"s:128:22:128:Infinity":68,"s:129:8:129:Infinity":69,"s:130:8:130:Infinity":70,"s:132:25:132:Infinity":71,"s:133:8:133:Infinity":72,"s:135:26:135:Infinity":73,"s:136:8:136:Infinity":74,"s:137:8:137:Infinity":75,"s:138:8:138:Infinity":76,"s:139:8:148:Infinity":77,"f:139:44:139:50":4,"s:140:23:140:Infinity":78,"s:141:23:141:Infinity":79,"s:142:22:142:Infinity":80,"s:143:20:143:Infinity":81,"s:144:10:144:Infinity":82,"s:145:10:145:Infinity":83,"s:146:10:146:Infinity":84,"s:147:10:147:Infinity":85,"s:150:23:150:Infinity":86,"s:151:8:151:Infinity":87,"s:152:8:152:Infinity":88,"s:153:8:153:Infinity":89,"s:154:8:158:Infinity":90,"f:154:41:154:47":5,"s:155:10:155:Infinity":91,"s:156:10:156:Infinity":92,"s:157:10:157:Infinity":93,"s:160:8:160:Infinity":94,"s:161:8:161:Infinity":95,"s:162:8:162:Infinity":96,"s:166:4:166:Infinity":97,"s:170:4:185:Infinity":98,"f:170:40:170:46":6,"s:171:6:171:Infinity":99,"s:172:6:172:Infinity":100,"s:173:6:184:Infinity":101,"f:175:8:175:9":7,"s:176:10:176:Infinity":102,"s:177:10:177:Infinity":103,"s:178:10:178:Infinity":104,"s:179:10:179:Infinity":105,"f:181:8:181:14":8,"s:182:10:182:Infinity":106,"s:187:4:254:Infinity":107,"f:187:44:187:50":9,"s:188:6:188:Infinity":108,"s:189:26:189:Infinity":109,"s:190:6:190:Infinity":110,"s:191:6:191:Infinity":111,"s:192:6:192:Infinity":112,"s:193:6:193:Infinity":113,"s:194:6:252:Infinity":114,"f:194:45:194:51":10,"s:195:21:195:Infinity":115,"b:196:8:196:Infinity:undefined:undefined:undefined:undefined":2,"s:196:8:196:Infinity":116,"s:196:19:196:Infinity":117,"s:197:23:197:Infinity":118,"s:198:8:242:Infinity":119,"f:198:24:198:30":11,"s:199:23:199:Infinity":120,"s:200:16:200:Infinity":121,"b:201:10:209:Infinity:undefined:undefined:undefined:undefined":3,"s:201:10:209:Infinity":122,"s:202:12:202:Infinity":123,"s:203:12:203:Infinity":124,"s:204:27:204:Infinity":125,"s:205:12:205:Infinity":126,"s:206:12:206:Infinity":127,"s:207:12:207:Infinity":128,"s:208:12:208:Infinity":129,"s:210:10:210:Infinity":130,"s:211:10:211:Infinity":131,"s:213:29:238:Infinity":132,"f:216:12:216:13":12,"s:218:33:218:Infinity":133,"b:219:14:219:Infinity:und
[...]
{"line":27,"column":null}},"7":{"start":{"line":27,"column":44},"end":{"line":27,"column":73}},"8":{"start":{"line":28,"column":4},"end":{"line":28,"column":null}},"9":{"start":{"line":28,"column":17},"end":{"line":28,"column":null}},"10":{"start":{"line":29,"column":28},"end":{"line":29,"column":null}},"11":{"start":{"line":30,"column":4},"end":{"line":30,"column":null}},"12":{"start":{"line":30,"column":21},"end":{"line":30,"column":null}},"13":{"start":{"line":31,"column":4},"end":{"line":31,"column":null}},"14":{"start":{"line":31,"column":22},"end":{"line":31,"column":null}},"15":{"start":{"line":32,"column":4},"end":{"line":32,"column":null}},"16":{"start":{"line":32,"column":20},"end":{"line":32,"column":null}},"17":{"start":{"line":33,"column":4},"end":{"line":33,"column":null}},"18":{"start":{"line":34,"column":4},"end":{"line":34,"column":null}},"19":{"start":{"line":38,"column":4},"end":{"line":38,"column":null}},"20":{"start":{"line":38,"column":22},"end":{"line":38,"column":null}},"21":{"start":{"line":41,"column":19},"end":{"line":41,"column":null}},"22":{"start":{"line":42,"column":4},"end":{"line":45,"column":null}},"23":{"start":{"line":44,"column":6},"end":{"line":44,"column":null}},"24":{"start":{"line":44,"column":30},"end":{"line":44,"column":null}},"25":{"start":{"line":47,"column":4},"end":{"line":58,"column":null}},"26":{"start":{"line":48,"column":6},"end":{"line":57,"column":null}},"27":{"start":{"line":54,"column":8},"end":{"line":54,"column":null}},"28":{"start":{"line":55,"column":8},"end":{"line":55,"column":null}},"29":{"start":{"line":56,"column":8},"end":{"line":56,"column":null}}},"fnMap":{"0":{"name":"(anonymous_0)","decl":{"start":{"line":14,"column":2},"end":{"line":14,"column":16}},"loc":{"start":{"line":14,"column":16},"end":{"line":16,"column":null}},"line":14},"1":{"name":"(anonymous_1)","decl":{"start":{"line":15,"column":41},"end":{"line":15,"column":42}},"loc":{"start":{"line":15,"column":48},"end":{"line":15,"column":69}},"line":15},"2":{"name":"(anonymous_2)","decl":{"start":{"line":18,"column":2},"end":{"line":18,"column":11}},"loc":{"start":{"line":18,"column":41},"end":{"line":20,"column":null}},"line":18},"3":{"name":"(anonymous_3)","decl":{"start":{"line":22,"column":2},"end":{"line":22,"column":12}},"loc":{"start":{"line":22,"column":35},"end":{"line":24,"column":null}},"line":22},"4":{"name":"(anonymous_4)","decl":{"start":{"line":26,"column":2},"end":{"line":26,"column":19}},"loc":{"start":{"line":26,"column":55},"end":{"line":35,"column":null}},"line":26},"5":{"name":"(anonymous_5)","decl":{"start":{"line":27,"column":39},"end":{"line":27,"column":44}},"loc":{"start":{"line":27,"column":44},"end":{"line":27,"column":73}},"line":27},"6":{"name":"(anonymous_6)","decl":{"start":{"line":37,"column":10},"end":{"line":37,"column":24}},"loc":{"start":{"line":37,"column":48},"end":{"line":59,"column":null}},"line":37},"7":{"name":"(anonymous_7)","decl":{"start":{"line":61,"column":2},"end":{"line":61,"column":18}},"loc":{"start":{"line":61,"column":18},"end":{"line":63,"column":null}},"line":61}},"branchMap":{"0":{"loc":{"start":{"line":28,"column":4},"end":{"line":28,"column":null}},"type":"if","locations":[{"start":{"line":28,"column":4},"end":{"line":28,"column":null}},{"start":{},"end":{}}],"line":28},"1":{"loc":{"start":{"line":30,"column":4},"end":{"line":30,"column":null}},"type":"if","locations":[{"start":{"line":30,"column":4},"end":{"line":30,"column":null}},{"start":{},"end":{}}],"line":30},"2":{"loc":{"start":{"line":31,"column":4},"end":{"line":31,"column":null}},"type":"if","locations":[{"start":{"line":31,"column":4},"end":{"line":31,"column":null}},{"start":{},"end":{}}],"line":31},"3":{"loc":{"start":{"line":32,"column":4},"end":{"line":32,"column":null}},"type":"if","locations":[{"start":{"line":32,"column":4},"end":{"line":32,"column":null}},{"start":{},"end":{}}],"line":32},"4":{"loc":{"start":{"line":38,"column":4},"end":{"line":38,"column":null}},"type":"if","locations":[{"start":{"line":38,"column":4},"end":{"line":38,"column":null}},{"start":{},"end":{}}],"line":38},"5":{"loc":{"start":{"line":42,"column":4},"end":{"line":45,"column":null}},"type":"if","locations":[{"start":{"line":42,"column":4},"end":{"line":45,"column":null}},{"start":{},"end":{}}],"line":42},"6":{"loc":{"start":{"line":42,"column":8},"end":{"line":42,"column":100}},"type":"binary-expr","locations":[{"start":{"line":42,"column":8},"end":{"line":42,"column":38}},{"start":{"line":42,"column":38},"end":{"line":42,"column":71}},{"start":{"line":42,"column":71},"end":{"line":42,"column":100}}],"line":42},"7":{"loc":{"start":{"line":44,"column":6},"end":{"line":44,"column":null}},"type":"if","locations":[{"start":{"line":44,"column":6},"end":{"line":44,"column":null}},{"start":{},"end":{}}],"line":44},"8":{"loc":{"start":{"line":48,"column":6},"end":{"line":57,"column":null}},"type":"if","locations":[{"start":{"line":48,"column":6},"end":{"line":57,"column":null}},{"start":{},"end":{}}],"line":48},"9":{"loc":{"start":{"line":49,"column":8},"end":{"line":52,"column":null}},"type":"binary-expr","locations":[{"start":{"line":49,"column":8},"end":{"line":49,"column":null}},{"start":{"line":50,"column":8},"end":{"line":50,"column":null}},{"start":{"line":51,"column":8},"end":{"line":51,"column":null}},{"start":{"line":52,"column":8},"end":{"line":52,"column":null}}],"line":49}},"s":{"0":13,"1":13,"2":13,"3":78,"4":14,"5":3,"6":2,"7":1,"8":2,"9":1,"10":1,"11":1,"12":1,"13":1,"14":0,"15":1,"16":0,"17":1,"18":1,"19":78,"20":5,"21":73,"22":73,"23":21,"24":13,"25":60,"26":71,"27":13,"28":13,"29":13},"f":{"0":13,"1":78,"2":14,"3":3,"4":2,"5":1,"6":78,"7":0},"b":{"0":[1,1],"1":[1,0],"2":[0,1],"3":[0,1],"4":[5,73],"5":[21,52],"6":[73,59,52],"7":[13,8],"8":[13,58],"9":[71,18,16,13]},"meta":{"lastBranch":10,"lastFunction":8,"lastStatement":30,"seen":{"s:11:40:11:Infinity":0,"s:12:28:12:Infinity":1,"f:14:2:14:16":0,"s:15:4:15:Infinity":2,"f:15:41:15:42":1,"s:15:48:15:69":3,"f:18:2:18:11":2,"s:19:4:19:Infinity":4,"f:22:2:22:12":3,"s:23:4:23:Infinity":5,"f:26:2:26:19":4,"s:27:19:27:Infinity":6,"f:27:39:27:44":5,"s:27:44:27:73":7,"b:28:4:28:Infinity:undefined:undefined:undefined:undefined":0,"s:28:4:28:Infinity":8,"s:28:17:28:Infinity":9,"s:29:28:29:Infinity":10,"b:30:4:30:Infinity:undefined:undefined:undefined:undefined":1,"s:30:4:30:Infinity":11,"s:30:21:30:Infinity":12,"b:31:4:31:Infinity:undefined:undefined:undefined:undefined":2,"s:31:4:31:Infinity":13,"s:31:22:31:Infinity":14,"b:32:4:32:Infinity:undefined:undefined:undefined:undefined":3,"s:32:4:32:Infinity":15,"s:32:20:32:Infinity":16,"s:33:4:33:Infinity":17,"s:34:4:34:Infinity":18,"f:37:10:37:24":6,"b:38:4:38:Infinity:undefined:undefined:undefined:undefined":4,"s:38:4:38:Infinity":19,"s:38:22:38:Infinity":20,"s:41:19:41:Infinity":21,"b:42:4:45:Infinity:undefined:undefined:undefined:undefined":5,"s:42:4:45:Infinity":22,"b:42:8:42:38:42:38:42:71:42:71:42:100":6,"b:44:6:44:Infinity:undefined:undefined:undefined:undefined":7,"s:44:6:44:Infinity":23,"s:44:30:44:Infinity":24,"s:47:4:58:Infinity":25,"b:48:6:57:Infinity:undefined:undefined:undefined:undefined":8,"s:48:6:57:Infinity":26,"b:49:8:49:Infinity:50:8:50:Infinity:51:8:51:Infinity:52:8:52:Infinity":9,"s:54:8:54:Infinity":27,"s:55:8:55:Infinity":28,"s:56:8:56:Infinity":29,"f:61:2:61:18":7}}}
,"S:\\Pedro\\Projects\\ChartIt\\src\\utils\\tree.ts": {"path":"S:\\Pedro\\Projects\\ChartIt\\src\\utils\\tree.ts","statementMap":{"0":{"start":{"line":4,"column":2},"end":{"line":4,"column":null}},"1":{"start":{"line":4,"column":22},"end":{"line":4,"column":null}},"2":{"start":{"line":5,"column":2},"end":{"line":8,"column":null}},"3":{"start":{"line":6,"column":18},"end":{"line":6,"column":null}},"4":{"start":{"line":7,"column":4},"end":{"line":7,"column":null}},"5":{"start":{"line":7,"column":15},"end":{"line":7,"column":null}},"6":{"start":{"line":9,"column":2},"end":{"line":9,"column":null}},"7":{"start":{"line":13,"column":2},"end":{"line":17,"column":null}},"8":{"start":{"line":14,"column":4},"end":{"line":14,"column":null}},"9":{"start":{"line":14,"column":25},"end":{"line":14,"column":null}},"10":{"start":{"line":15,"column":18},"end":{"line":15,"column":null}},"11":{"start":{"line":16,"column":4},"end":{"line":16,"column":null}},"12":{"start":{"line":16,"column":15},"end":{"line":16,"column":null}},"13":{"start":{"line":18,"column":2},"end":{"line":18,"column":null}},"14":{"start":{"line":22,"column":2},"end":{"line":22,"column":null}},"15":{"start":{"line":29,"column":25},"end":{"line":29,"column":null}},"16":{"start":{"line":30,"column":2},"end":{"line":34,"column":null}},"17":{"start":{"line":31,"column":4},"end":{"line":33,"column":null}},"18":{"start":{"line":32,"column":6},"end":{"line":32,"column":null}},"19":{"start":{"line":35,"column":2},"end":{"line":35,"column":null}},"20":{"start":{"line":39,"column":28},"end":{"line":39,"column":null}},"21":{"start":{"line":40,"column":2},"end":{"line":42,"column":null}},"22":{"start":{"line":41,"column":4},"end":{"line":41,"column":null}},"23":{"start":{"line":43,"column":2},"end":{"line":43,"column":null}},"24":{"start":{"line":47,"column":2},"end":{"line":47,"column":null}},"25":{"start":{"line":51,"column":2},"end":{"line":51,"column":null}},"26":{"start":{"line":51,"column":52},"end":{"line":51,"column":null}},"27":{"start":{"line":52,"column":2},"end":{"line":52,"column":null}},"28":{"start":{"line":59,"column":16},"end":{"line":59,"column":null}},"29":{"start":{"line":60,"column":17},"end":{"line":60,"column":null}},"30":{"start":{"line":63,"column":27},"end":{"line":63,"column":null}},"31":{"start":{"line":64,"column":4},"end":{"line":66,"column":null}},"32":{"start":{"line":65,"column":6},"end":{"line":65,"column":null}},"33":{"start":{"line":67,"column":4},"end":{"line":70,"column":null}},"34":{"start":{"line":68,"column":6},"end":{"line":68,"column":null}},"35":{"start":{"line":68,"column":45},"end":{"line":68,"column":88}},"36":{"start":{"line":69,"column":6},"end":{"line":69,"column":null}},"37":{"start":{"line":72,"column":17},"end":{"line":72,"column":null}},"38":{"start":{"line":73,"column":21},"end":{"line":73,"column":null}},"39":{"start":{"line":73,"column":46},"end":{"line":73,"column":56}},"40":{"start":{"line":74,"column":4},"end":{"line":76,"column":null}},"41":{"start":{"line":75,"column":6},"end":{"line":75,"column":null}},"42":{"start":{"line":75,"column":40},"end":{"line":75,"column":83}},"43":{"start":{"line":77,"column":4},"end":{"line":79,"column":null}},"44":{"start":{"line":78,"column":6},"end":{"line":78,"column":null}},"45":{"start":{"line":80,"column":4},"end":{"line":80,"column":null}},"46":{"start":{"line":83,"column":2},"end":{"line":83,"column":null}}},"fnMap":{"0":{"name":"findNodeById","decl":{"start":{"line":3,"column":16},"end":{"line":3,"column":29}},"loc":{"start":{"line":3,"column":72},"end":{"line":10,"column":null}},"line":3},"1":{"name":"findParent","decl":{"start":{"line":12,"column":16},"end":{"line":12,"column":27}},"loc":{"start":{"line":12,"column":70},"end":{"line":19,"column":null}},"line":12},"2":{"name":"cloneTree","decl":{"start":{"line":21,"column":16},"end":{"line":21,"column":26}},"loc":{"start":{"line":21,"column":50},"end":{"line":23,"column":null}},"line":21},"3":{"name":"filterVisibleTree","decl":{"start":{"line":25,"column":16},"end":{"line":25,"column":null}},"loc":{"start":{"line":28,"column":11},"end":{"line":36,"column":null}},"line":28},"4":{"name":"(anonymous_4)","decl":{"start":{"line":31,"column":39},"end":{"line":31,"column":40}},"loc":{"start":{"line":32,"column":6},"end":{"line":32,"column":null}},"line":32},"5":{"name":"flattenTree","decl":{"start":{"line":38,"column":16},"end":{"line":38,"column":28}},"loc":{"start":{"line":38,"column":54},"end":{"line":44,"column":null}},"line":38},"6":{"name":"isLeaf","decl":{"start":{"line":46,"column":16},"end":{"line":46,"column":23}},"loc":{"start":{"line":46,"column":47},"end":{"line":48,"column":null}},"line":46},"7":{"name":"isM1","decl":{"start":{"line":50,"column":16},"end":{"line":50,"column":21}},"loc":{"start":{"line":50,"column":45},"end":{"line":53,"column":null}},"line":50},"8":{"name":"stripM1Children","decl":{"start":{"line":55,"column":16},"end":{"line":55,"column":null}},"loc":{"start":{"line":58,"column":90},"end":{"line":84,"column":null}},"line":58},"9":{"name":"walk","decl":{"start":{"line":62,"column":11},"end":{"line":62,"column":16}},"loc":{"start":{"line":62,"column":37},"end":{"line":81,"column":null}},"line":62},"10":{"name":"(anonymous_10)","decl":{"start":{"line":68,"column":37},"end":{"line":68,"column":38}},"loc":{"start":{"line":68,"column":45},"end":{"line":68,"column":88}},"line":68},"11":{"name":"(anonymous_11)","decl":{"start":{"line":73,"column":39},"end":{"line":73,"column":40}},"loc":{"start":{"line":73,"column":46},"end":{"line":73,"column":56}},"line":73},"12":{"name":"(anonymous_12)","decl":{"start":{"line":75,"column":32},"end":{"line":75,"column":33}},"loc":{"start":{"line":75,"column":40},"end":{"line":75,"column":83}},"line":75}},"branchMap":{"0":{"loc":{"start":{"line":4,"column":2},"end":{"line":4,"column":null}},"type":"if","locations":[{"start":{"line":4,"column":2},"end":{"line":4,"column":null}},{"start":{},"end":{}}],"line":4},"1":{"loc":{"start":{"line":5,"column":22},"end":{"line":5,"column":43}},"type":"binary-expr","locations":[{"start":{"line":5,"column":22},"end":{"line":5,"column":39}},{"start":{"line":5,"column":39},"end":{"line":5,"column":43}}],"line":5},"2":{"loc":{"start":{"line":7,"column":4},"end":{"line":7,"column":null}},"type":"if","locations":[{"start":{"line":7,"column":4},"end":{"line":7,"column":null}},{"start":{},"end":{}}],"line":7},"3":{"loc":{"start":{"line":13,"column":22},"end":{"line":13,"column":43}},"type":"binary-expr","locations":[{"start":{"line":13,"column":22},"end":{"line":13,"column":39}},{"start":{"line":13,"column":39},"end":{"line":13,"column":43}}],"line":13},"4":{"loc":{"start":{"line":14,"column":4},"end":{"line":14,"column":null}},"type":"if","locations":[{"start":{"line":14,"column":4},"end":{"line":14,"column":null}},{"start":{},"end":{}}],"line":14},"5":{"loc":{"start":{"line":16,"column":4},"end":{"line":16,"column":null}},"type":"if","locations":[{"start":{"line":16,"column":4},"end":{"line":16,"column":null}},{"start":{},"end":{}}],"line":16},"6":{"loc":{"start":{"line":30,"column":2},"end":{"line":34,"column":null}},"type":"if","locations":[{"start":{"line":30,"column":2},"end":{"line":34,"column":null}},{"start":{},"end":{}}],"line":30},"7":{"loc":{"start":{"line":30,"column":6},"end":{"line":30,"column":76}},"type":"binary-expr","locations":[{"start":{"line":30,"column":6},"end":{"line":30,"column":33}},{"start":{"line":30,"column":33},"end":{"line":30,"column":50}},{"start":{"line":30,"column":50},"end":{"line":30,"column":76}}],"line":30},"8":{"loc":{"start":{"line":40,"column":22},"end":{"line":40,"column":43}},"type":"binary-expr","locations":[{"start":{"line":40,"column":22},"end":{"line":40,"column":39}},{"start":{"line":40,"column":39},"end":{"line":40,"column":43}}],"line":40},"9":{"loc":{"start":{"line":47,"column":9},"end":{"line":47,"column":null}},"type":"binary-expr","locations":[{"start":{"line":47,"column":9},"end":{"line":47,"column":27}},{"start":{"line":47,"column":27},"end":{"line":47,"column":null}}],"line":47},"10":{"loc":{"start":{"line":51,"column":2},"end":{"line":51,"column":null}},"type":"if","locations":[{"start":{"line":51,"column":2},"end":{"line":51,"column":null}},{"start":{},"end":{}}],"line":51},"11":{"loc":{"start":{"line":51,"column":6},"end":{"line":51,"column":52}},"type":"binary-expr","locations":[{"start":{"line":51,"column":6},"end":{"line":51,"column":24}},{"start":{"line":51,"column":24},"end":{"line":51,"column":52}}],"line":51},"12":{"loc":{"start":{"line":64,"column":4},"end":{"line":66,"column":null}},"type":"if","locations":[{"start":{"line":64,"column":4},"end":{"line":66,"column":null}},{"start":{},"end":{}}],"line":64},"13":{"loc":{"start":{"line":64,"column":8},"end":{"line":64,"column":71}},"type":"binary-expr","locations":[{"start":{"line":64,"column":8},"end":{"line":64,"column":31}},{"start":{"line":64,"column":31},"end":{"line":64,"column":46}},{"start":{"line":64,"column":46},"end":{"line":64,"column":71}}],"line":64},"14":{"loc":{"start":{"line":67,"column":4},"end":{"line":70,"column":null}},"type":"if","locations":[{"start":{"line":67,"column":4},"end":{"line":70,"column":null}},{"start":{},"end":{}}],"line":67},"15":{"loc":{"start":{"line":74,"column":4},"end":{"line":76,"column":null}},"type":"if","locations":[{"start":{"line":74,"column":4},"end":{"line":76,"column":null}},{"start":{},"end":{}}],"line":74},"16":{"loc":{"start":{"line":77,"column":4},"end":{"line":79,"column":null}},"type":"if","locations":[{"start":{"line":77,"column":4},"end":{"line":79,"column":null}},{"start":{},"end":{}}],"line":77}},"s":{"0":200,"1":117,"2":83,"3":79,"4":79,"5":48,"6":35,"7":33,"8":30,"9":13,"10":17,"11":17,"12":6,"13":14,"14":92,"15":352,"16":352,"17":132,"18":278,"19":352,"20":157,"21":157,"22":108,"23":157,"24":541,"25":138,"26":1,"27":137,"28":75,"29":75,"30":147,"31":147,"32":12,"33":135,"34":76,"35":147,"36":76,"37":59,"38":59,"39":136,"40":59,"41":45,"42":64,"43":59,"44":59,"45":59,"46":75},"f":{"0":200,"1":33,"2":92,"3":352,"4":278,"5":157,"6":541,"7":138,"8":75,"9":147,"10":147,"11":136,"12":64},"b":{"0":[117,83],"1":[83,22],"2":[48,31],"3":[33,9],"4":[13,17],"5":[6,11],"6":[132,220],"7":[352,344,132],"8":[157,99],"9":[541,206],"10":[1,137],"11":[138,137],"12":[12,135],"13":[147,142,135],"14":[76,59],"15":[45,14],"16":[59,0]},"meta":{"lastBranch":17,"lastFunction":13,"lastStatement":47,"seen":{"f:3:16:3:29":0,"b:4:2:4:Infinity:undefined:undefined:undefined:undefined":0,"s:4:2:4:Infinity":0,"s:4:22:4:Infinity":1,"s:5:2:8:Infinity":2,"b:5:22:5:39:5:39:5:43":1,"s:6:18:6:Infinity":3,"b:7:4:7:Infinity:undefined:undefined:undefined:undefined":2,"s:7:4:7:Infinity":4,"s:7:15:7:Infinity":5,"s:9:2:9:Infinity":6,"f:12:16:12:27":1,"s:13:2:17:Infinity":7,"b:13:22:13:39:13:39:13:43":3,"b:14:4:14:Infinity:undefined:undefined:undefined:undefined":4,"s:14:4:14:Infinity":8,"s:14:25:14:Infinity":9,"s:15:18:15:Infinity":10,"b:16:4:16:Infinity:undefined:undefined:undefined:undefined":5,"s:16:4:16:Infinity":11,"s:16:15:16:Infinity":12,"s:18:2:18:Infinity":13,"f:21:16:21:26":2,"s:22:2:22:Infinity":14,"f:25:16:25:Infinity":3,"s:29:25:29:Infinity":15,"b:30:2:34:Infinity:undefined:undefined:undefined:undefined":6,"s:30:2:34:Infinity":16,"b:30:6:30:33:30:33:30:50:30:50:30:76":7,"s:31:4:33:Infinity":17,"f:31:39:31:40":4,"s:32:6:32:Infinity":18,"s:35:2:35:Infinity":19,"f:38:16:38:28":5,"s:39:28:39:Infinity":20,"s:40:2:42:Infinity":21,"b:40:22:40:39:40:39:40:43":8,"s:41:4:41:Infinity":22,"s:43:2:43:Infinity":23,"f:46:16:46:23":6,"s:47:2:47:Infinity":24,"b:47:9:47:27:47:27:47:Infinity":9,"f:50:16:50:21":7,"b:51:2:51:Infinity:undefined:undefined:undefined:undefined":10,"s:51:2:51:Infinity":25,"b:51:6:51:24:51:24:51:52":11,"s:51:52:51:Infinity":26,"s:52:2:52:Infinity":27,"f:55:16:55:Infinity":8,"s:59:16:59:Infinity":28,"s:60:17:60:Infinity":29,"f:62:11:62:16":9,"s:63:27:63:Infinity":30,"b:64:4:66:Infinity:undefined:undefined:undefined:undefined":12,"s:64:4:66:Infinity":31,"b:64:8:64:31:64:31:64:46:64:46:64:71":13,"s:65:6:65:Infinity":32,"b:67:4:70:Infinity:undefined:undefined:undefined:undefined":14,"s:67:4:70:Infinity":33,"s:68:6:68:Infinity":34,"f:68:37:68:38":10,"s:68:45:68:88":35,"s:69:6:69:Infinity":36,"s:72:17:72:Infinity":37,"s:73:21:73:Infinity":38,"f:73:39:73:40":11,"s:73:46:73:56":39,"b:74:4:76:Infinity:undefined:undefined:undefined:undefined":15,"s:74:4:76:Infinity":40,"s:75:6:75:Infinity":41,"f:75:32:75:33":12,"s:75:40:75:83":42,"b:77:4:79:Infinity:undefined:undefined:undefined:undefined":16,"s:77:4:79:Infinity":43,"s:78:6:78:Infinity":44,"s:80:4:80:Infinity":45,"s:83:2:83:Infinity":46}}}
}
